0 verbose cli /home/ec2-user/.nvm/versions/node/v20.19.2/bin/node /home/ec2-user/.nvm/versions/node/v20.19.2/bin/npm
1 info using npm@10.8.2
2 info using node@v20.19.2
3 silly config load:file:/home/ec2-user/.nvm/versions/node/v20.19.2/lib/node_modules/npm/npmrc
4 silly config load:file:/home/ec2-user/Ferremas/backend/ev2/Ferremas/frontend/.npmrc
5 silly config load:file:/home/ec2-user/.npmrc
6 silly config load:file:/home/ec2-user/.nvm/versions/node/v20.19.2/etc/npmrc
7 verbose title npm install
8 verbose argv "install"
9 verbose logfile logs-max:10 dir:/home/ec2-user/.npm/_logs/2025-06-07T17_26_16_345Z-
10 verbose logfile /home/ec2-user/.npm/_logs/2025-06-07T17_26_16_345Z-debug-0.log
11 silly packumentCache heap:510394368 maxSize:127598592 maxEntrySize:63799296
12 silly logfile done cleaning log files
13 silly idealTree buildDeps
14 silly reify moves {}
15 silly audit bulk request {
15 silly audit   '@ampproject/remapping': [ '2.3.0' ],
15 silly audit   '@angular-devkit/architect': [ '0.2000.0' ],
15 silly audit   '@angular-devkit/core': [ '20.0.0' ],
15 silly audit   '@angular-devkit/schematics': [ '20.0.0' ],
15 silly audit   '@angular/build': [ '20.0.0' ],
15 silly audit   '@angular/cdk': [ '20.0.1' ],
15 silly audit   '@angular/cli': [ '20.0.0' ],
15 silly audit   '@angular/common': [ '20.0.0' ],
15 silly audit   '@angular/compiler': [ '20.0.0' ],
15 silly audit   '@angular/compiler-cli': [ '20.0.0' ],
15 silly audit   '@angular/core': [ '20.0.0' ],
15 silly audit   '@angular/forms': [ '20.0.0' ],
15 silly audit   '@angular/material': [ '20.0.1' ],
15 silly audit   '@angular/platform-browser': [ '20.0.0' ],
15 silly audit   '@angular/platform-server': [ '20.0.0' ],
15 silly audit   '@angular/router': [ '20.0.0' ],
15 silly audit   '@angular/ssr': [ '20.0.0' ],
15 silly audit   '@babel/code-frame': [ '7.27.1' ],
15 silly audit   '@babel/compat-data': [ '7.27.3' ],
15 silly audit   '@babel/core': [ '7.27.1' ],
15 silly audit   'convert-source-map': [ '2.0.0', '1.9.0' ],
15 silly audit   semver: [ '6.3.1', '7.7.2' ],
15 silly audit   '@babel/generator': [ '7.27.3' ],
15 silly audit   '@babel/helper-annotate-as-pure': [ '7.27.1' ],
15 silly audit   '@babel/helper-compilation-targets': [ '7.27.2' ],
15 silly audit   '@babel/helper-module-imports': [ '7.27.1' ],
15 silly audit   '@babel/helper-module-transforms': [ '7.27.3' ],
15 silly audit   '@babel/helper-split-export-declaration': [ '7.24.7' ],
15 silly audit   '@babel/helper-string-parser': [ '7.27.1' ],
15 silly audit   '@babel/helper-validator-identifier': [ '7.27.1' ],
15 silly audit   '@babel/helper-validator-option': [ '7.27.1' ],
15 silly audit   '@babel/helpers': [ '7.27.4' ],
15 silly audit   '@babel/parser': [ '7.27.4' ],
15 silly audit   '@babel/template': [ '7.27.2' ],
15 silly audit   '@babel/traverse': [ '7.27.4' ],
15 silly audit   '@babel/types': [ '7.27.3' ],
15 silly audit   '@colors/colors': [ '1.5.0' ],
15 silly audit   '@esbuild/aix-ppc64': [ '0.25.5' ],
15 silly audit   '@esbuild/android-arm': [ '0.25.5' ],
15 silly audit   '@esbuild/android-arm64': [ '0.25.5' ],
15 silly audit   '@esbuild/android-x64': [ '0.25.5' ],
15 silly audit   '@esbuild/darwin-arm64': [ '0.25.5' ],
15 silly audit   '@esbuild/darwin-x64': [ '0.25.5' ],
15 silly audit   '@esbuild/freebsd-arm64': [ '0.25.5' ],
15 silly audit   '@esbuild/freebsd-x64': [ '0.25.5' ],
15 silly audit   '@esbuild/linux-arm': [ '0.25.5' ],
15 silly audit   '@esbuild/linux-arm64': [ '0.25.5' ],
15 silly audit   '@esbuild/linux-ia32': [ '0.25.5' ],
15 silly audit   '@esbuild/linux-loong64': [ '0.25.5' ],
15 silly audit   '@esbuild/linux-mips64el': [ '0.25.5' ],
15 silly audit   '@esbuild/linux-ppc64': [ '0.25.5' ],
15 silly audit   '@esbuild/linux-riscv64': [ '0.25.5' ],
15 silly audit   '@esbuild/linux-s390x': [ '0.25.5' ],
15 silly audit   '@esbuild/linux-x64': [ '0.25.5' ],
15 silly audit   '@esbuild/netbsd-arm64': [ '0.25.5' ],
15 silly audit   '@esbuild/netbsd-x64': [ '0.25.5' ],
15 silly audit   '@esbuild/openbsd-arm64': [ '0.25.5' ],
15 silly audit   '@esbuild/openbsd-x64': [ '0.25.5' ],
15 silly audit   '@esbuild/sunos-x64': [ '0.25.5' ],
15 silly audit   '@esbuild/win32-arm64': [ '0.25.5' ],
15 silly audit   '@esbuild/win32-ia32': [ '0.25.5' ],
15 silly audit   '@esbuild/win32-x64': [ '0.25.5' ],
15 silly audit   '@inquirer/checkbox': [ '4.1.8' ],
15 silly audit   '@inquirer/confirm': [ '5.1.10' ],
15 silly audit   '@inquirer/core': [ '10.1.13' ],
15 silly audit   '@inquirer/editor': [ '4.2.13' ],
15 silly audit   '@inquirer/expand': [ '4.0.15' ],
15 silly audit   '@inquirer/figures': [ '1.0.12' ],
15 silly audit   '@inquirer/input': [ '4.1.12' ],
15 silly audit   '@inquirer/number': [ '3.0.15' ],
15 silly audit   '@inquirer/password': [ '4.0.15' ],
15 silly audit   '@inquirer/prompts': [ '7.5.1' ],
15 silly audit   '@inquirer/rawlist': [ '4.1.3' ],
15 silly audit   '@inquirer/search': [ '3.0.15' ],
15 silly audit   '@inquirer/select': [ '4.2.3' ],
15 silly audit   '@inquirer/type': [ '3.0.7', '1.5.5' ],
15 silly audit   '@isaacs/cliui': [ '8.0.2' ],
15 silly audit   'emoji-regex': [ '9.2.2', '8.0.0', '10.4.0' ],
15 silly audit   'string-width': [ '5.1.2', '4.2.3', '7.2.0' ],
15 silly audit   'wrap-ansi': [ '8.1.0', '7.0.0', '9.0.0', '6.2.0' ],
15 silly audit   '@isaacs/fs-minipass': [ '4.0.1' ],
15 silly audit   '@istanbuljs/schema': [ '0.1.3' ],
15 silly audit   '@jridgewell/gen-mapping': [ '0.3.8' ],
15 silly audit   '@jridgewell/resolve-uri': [ '3.1.2' ],
15 silly audit   '@jridgewell/set-array': [ '1.2.1' ],
15 silly audit   '@jridgewell/sourcemap-codec': [ '1.5.0' ],
15 silly audit   '@jridgewell/trace-mapping': [ '0.3.25' ],
15 silly audit   '@listr2/prompt-adapter-inquirer': [ '2.0.22' ],
15 silly audit   'mute-stream': [ '1.0.0', '2.0.0' ],
15 silly audit   '@lmdb/lmdb-darwin-arm64': [ '3.3.0' ],
15 silly audit   '@lmdb/lmdb-darwin-x64': [ '3.3.0' ],
15 silly audit   '@lmdb/lmdb-linux-arm': [ '3.3.0' ],
15 silly audit   '@lmdb/lmdb-linux-arm64': [ '3.3.0' ],
15 silly audit   '@lmdb/lmdb-linux-x64': [ '3.3.0' ],
15 silly audit   '@lmdb/lmdb-win32-arm64': [ '3.3.0' ],
15 silly audit   '@lmdb/lmdb-win32-x64': [ '3.3.0' ],
15 silly audit   '@msgpackr-extract/msgpackr-extract-darwin-arm64': [ '3.0.3' ],
15 silly audit   '@msgpackr-extract/msgpackr-extract-darwin-x64': [ '3.0.3' ],
15 silly audit   '@msgpackr-extract/msgpackr-extract-linux-arm': [ '3.0.3' ],
15 silly audit   '@msgpackr-extract/msgpackr-extract-linux-arm64': [ '3.0.3' ],
15 silly audit   '@msgpackr-extract/msgpackr-extract-linux-x64': [ '3.0.3' ],
15 silly audit   '@msgpackr-extract/msgpackr-extract-win32-x64': [ '3.0.3' ],
15 silly audit   '@napi-rs/nice': [ '1.0.1' ],
15 silly audit   '@napi-rs/nice-android-arm-eabi': [ '1.0.1' ],
15 silly audit   '@napi-rs/nice-android-arm64': [ '1.0.1' ],
15 silly audit   '@napi-rs/nice-darwin-arm64': [ '1.0.1' ],
15 silly audit   '@napi-rs/nice-darwin-x64': [ '1.0.1' ],
15 silly audit   '@napi-rs/nice-freebsd-x64': [ '1.0.1' ],
15 silly audit   '@napi-rs/nice-linux-arm-gnueabihf': [ '1.0.1' ],
15 silly audit   '@napi-rs/nice-linux-arm64-gnu': [ '1.0.1' ],
15 silly audit   '@napi-rs/nice-linux-arm64-musl': [ '1.0.1' ],
15 silly audit   '@napi-rs/nice-linux-ppc64-gnu': [ '1.0.1' ],
15 silly audit   '@napi-rs/nice-linux-riscv64-gnu': [ '1.0.1' ],
15 silly audit   '@napi-rs/nice-linux-s390x-gnu': [ '1.0.1' ],
15 silly audit   '@napi-rs/nice-linux-x64-gnu': [ '1.0.1' ],
15 silly audit   '@napi-rs/nice-linux-x64-musl': [ '1.0.1' ],
15 silly audit   '@napi-rs/nice-win32-arm64-msvc': [ '1.0.1' ],
15 silly audit   '@napi-rs/nice-win32-ia32-msvc': [ '1.0.1' ],
15 silly audit   '@napi-rs/nice-win32-x64-msvc': [ '1.0.1' ],
15 silly audit   '@npmcli/agent': [ '3.0.0' ],
15 silly audit   'lru-cache': [ '10.4.3', '5.1.1' ],
15 silly audit   '@npmcli/fs': [ '4.0.0' ],
15 silly audit   '@npmcli/git': [ '6.0.3' ],
15 silly audit   isexe: [ '3.1.1', '2.0.0' ],
15 silly audit   which: [ '5.0.0', '2.0.2', '1.3.1' ],
15 silly audit   '@npmcli/installed-package-contents': [ '3.0.0' ],
15 silly audit   '@npmcli/node-gyp': [ '4.0.0' ],
15 silly audit   '@npmcli/package-json': [ '6.2.0' ],
15 silly audit   'brace-expansion': [ '2.0.1', '1.1.11' ],
15 silly audit   glob: [ '10.4.5', '7.2.3' ],
15 silly audit   minimatch: [ '9.0.5', '3.1.2' ],
15 silly audit   '@npmcli/promise-spawn': [ '8.0.2' ],
15 silly audit   '@npmcli/redact': [ '3.2.2' ],
15 silly audit   '@npmcli/run-script': [ '9.1.0' ],
15 silly audit   '@parcel/watcher': [ '2.5.1' ],
15 silly audit   '@parcel/watcher-android-arm64': [ '2.5.1' ],
15 silly audit   '@parcel/watcher-darwin-arm64': [ '2.5.1' ],
15 silly audit   '@parcel/watcher-darwin-x64': [ '2.5.1' ],
15 silly audit   '@parcel/watcher-freebsd-x64': [ '2.5.1' ],
15 silly audit   '@parcel/watcher-linux-arm-glibc': [ '2.5.1' ],
15 silly audit   '@parcel/watcher-linux-arm-musl': [ '2.5.1' ],
15 silly audit   '@parcel/watcher-linux-arm64-glibc': [ '2.5.1' ],
15 silly audit   '@parcel/watcher-linux-arm64-musl': [ '2.5.1' ],
15 silly audit   '@parcel/watcher-linux-x64-glibc': [ '2.5.1' ],
15 silly audit   '@parcel/watcher-linux-x64-musl': [ '2.5.1' ],
15 silly audit   '@parcel/watcher-win32-arm64': [ '2.5.1' ],
15 silly audit   '@parcel/watcher-win32-ia32': [ '2.5.1' ],
15 silly audit   '@parcel/watcher-win32-x64': [ '2.5.1' ],
15 silly audit   'detect-libc': [ '1.0.3', '2.0.4' ],
15 silly audit   'node-addon-api': [ '7.1.1', '6.1.0' ],
15 silly audit   '@pkgjs/parseargs': [ '0.11.0' ],
15 silly audit   '@rollup/rollup-android-arm-eabi': [ '4.40.2' ],
15 silly audit   '@rollup/rollup-android-arm64': [ '4.40.2' ],
15 silly audit   '@rollup/rollup-darwin-arm64': [ '4.40.2' ],
15 silly audit   '@rollup/rollup-darwin-x64': [ '4.40.2' ],
15 silly audit   '@rollup/rollup-freebsd-arm64': [ '4.40.2' ],
15 silly audit   '@rollup/rollup-freebsd-x64': [ '4.40.2' ],
15 silly audit   '@rollup/rollup-linux-arm-gnueabihf': [ '4.40.2' ],
15 silly audit   '@rollup/rollup-linux-arm-musleabihf': [ '4.40.2' ],
15 silly audit   '@rollup/rollup-linux-arm64-gnu': [ '4.40.2' ],
15 silly audit   '@rollup/rollup-linux-arm64-musl': [ '4.40.2' ],
15 silly audit   '@rollup/rollup-linux-loongarch64-gnu': [ '4.40.2' ],
15 silly audit   '@rollup/rollup-linux-powerpc64le-gnu': [ '4.40.2' ],
15 silly audit   '@rollup/rollup-linux-riscv64-gnu': [ '4.40.2' ],
15 silly audit   '@rollup/rollup-linux-riscv64-musl': [ '4.40.2' ],
15 silly audit   '@rollup/rollup-linux-s390x-gnu': [ '4.40.2' ],
15 silly audit   '@rollup/rollup-linux-x64-gnu': [ '4.40.2' ],
15 silly audit   '@rollup/rollup-linux-x64-musl': [ '4.40.2' ],
15 silly audit   '@rollup/rollup-win32-arm64-msvc': [ '4.40.2' ],
15 silly audit   '@rollup/rollup-win32-ia32-msvc': [ '4.40.2' ],
15 silly audit   '@rollup/rollup-win32-x64-msvc': [ '4.40.2' ],
15 silly audit   '@schematics/angular': [ '20.0.0' ],
15 silly audit   '@sigstore/bundle': [ '3.1.0' ],
15 silly audit   '@sigstore/core': [ '2.0.0' ],
15 silly audit   '@sigstore/protobuf-specs': [ '0.4.2' ],
15 silly audit   '@sigstore/sign': [ '3.1.0' ],
15 silly audit   '@sigstore/tuf': [ '3.1.1' ],
15 silly audit   '@sigstore/verify': [ '2.1.1' ],
15 silly audit   '@socket.io/component-emitter': [ '3.1.2' ],
15 silly audit   '@tufjs/canonical-json': [ '2.0.0' ],
15 silly audit   '@tufjs/models': [ '3.0.1' ],
15 silly audit   '@types/body-parser': [ '1.19.5' ],
15 silly audit   '@types/connect': [ '3.4.38' ],
15 silly audit   '@types/cors': [ '2.8.18' ],
15 silly audit   '@types/estree': [ '1.0.7' ],
15 silly audit   '@types/express': [ '5.0.2' ],
15 silly audit   '@types/express-serve-static-core': [ '5.0.6' ],
15 silly audit   '@types/http-errors': [ '2.0.4' ],
15 silly audit   '@types/jasmine': [ '5.1.8' ],
15 silly audit   '@types/mime': [ '1.3.5' ],
15 silly audit   '@types/node': [ '20.17.57' ],
15 silly audit   '@types/qs': [ '6.14.0' ],
15 silly audit   '@types/range-parser': [ '1.2.7' ],
15 silly audit   '@types/send': [ '0.17.4' ],
15 silly audit   '@types/serve-static': [ '1.15.7' ],
15 silly audit   '@vitejs/plugin-basic-ssl': [ '2.0.0' ],
15 silly audit   '@yarnpkg/lockfile': [ '1.1.0' ],
15 silly audit   abbrev: [ '3.0.1' ],
15 silly audit   accepts: [ '2.0.0', '1.3.8' ],
15 silly audit   'agent-base': [ '7.1.3' ],
15 silly audit   ajv: [ '8.17.1' ],
15 silly audit   'ajv-formats': [ '3.0.1' ],
15 silly audit   'ansi-escapes': [ '4.3.2', '7.0.0' ],
15 silly audit   'ansi-regex': [ '6.1.0', '5.0.1' ],
15 silly audit   'ansi-styles': [ '6.2.1', '4.3.0' ],
15 silly audit   anymatch: [ '3.1.3' ],
15 silly audit   picomatch: [ '2.3.1', '4.0.2' ],
15 silly audit   'balanced-match': [ '1.0.2' ],
15 silly audit   base64id: [ '2.0.0' ],
15 silly audit   beasties: [ '0.3.4' ],
15 silly audit   'binary-extensions': [ '2.3.0' ],
15 silly audit   'body-parser': [ '2.2.0', '1.20.3' ],
15 silly audit   boolbase: [ '1.0.0' ],
15 silly audit   braces: [ '3.0.3' ],
15 silly audit   browserslist: [ '4.25.0' ],
15 silly audit   'buffer-from': [ '1.1.2' ],
15 silly audit   bytes: [ '3.1.2' ],
15 silly audit   cacache: [ '19.0.1' ],
15 silly audit   chownr: [ '3.0.0', '2.0.0' ],
15 silly audit   mkdirp: [ '3.0.1', '0.5.6', '1.0.4' ],
15 silly audit   tar: [ '7.4.3', '6.2.1' ],
15 silly audit   yallist: [ '5.0.0', '4.0.0', '3.1.1' ],
15 silly audit   'call-bind-apply-helpers': [ '1.0.2' ],
15 silly audit   'call-bound': [ '1.0.4' ],
15 silly audit   'caniuse-lite': [ '1.0.30001720' ],
15 silly audit   chalk: [ '5.4.1' ],
15 silly audit   chardet: [ '0.7.0' ],
15 silly audit   chokidar: [ '4.0.3', '3.6.0' ],
15 silly audit   'cli-cursor': [ '5.0.0' ],
15 silly audit   'cli-spinners': [ '2.9.2' ],
15 silly audit   'cli-truncate': [ '4.0.0' ],
15 silly audit   'cli-width': [ '4.1.0' ],
15 silly audit   cliui: [ '8.0.1', '7.0.4' ],
15 silly audit   'is-fullwidth-code-point': [ '3.0.0', '4.0.0', '5.0.0' ],
15 silly audit   'strip-ansi': [ '6.0.1', '7.1.0' ],
15 silly audit   'color-convert': [ '2.0.1' ],
15 silly audit   'color-name': [ '1.1.4' ],
15 silly audit   colorette: [ '2.0.20' ],
15 silly audit   'concat-map': [ '0.0.1' ],
15 silly audit   connect: [ '3.7.0' ],
15 silly audit   debug: [ '2.6.9', '4.4.1', '4.3.7' ],
15 silly audit   encodeurl: [ '1.0.2', '2.0.0' ],
15 silly audit   finalhandler: [ '1.1.2', '2.1.0' ],
15 silly audit   ms: [ '2.0.0', '2.1.3' ],
15 silly audit   'on-finished': [ '2.3.0', '2.4.1' ],
15 silly audit   statuses: [ '1.5.0', '2.0.1' ],
15 silly audit   'content-disposition': [ '1.0.0' ],
15 silly audit   'content-type': [ '1.0.5' ],
15 silly audit   cookie: [ '0.7.2' ],
15 silly audit   'cookie-signature': [ '1.2.2' ],
15 silly audit   cors: [ '2.8.5' ],
15 silly audit   'cross-spawn': [ '7.0.6' ],
15 silly audit   'css-select': [ '5.1.0' ],
15 silly audit   'css-what': [ '6.1.0' ],
15 silly audit   'custom-event': [ '1.0.1' ],
15 silly audit   'date-format': [ '4.0.14' ],
15 silly audit   depd: [ '2.0.0' ],
15 silly audit   destroy: [ '1.2.0' ],
15 silly audit   di: [ '0.0.1' ],
15 silly audit   'dom-serialize': [ '2.2.1' ],
15 silly audit   'dom-serializer': [ '2.0.0' ],
15 silly audit   domelementtype: [ '2.3.0' ],
15 silly audit   domhandler: [ '5.0.3' ],
15 silly audit   domutils: [ '3.2.2' ],
15 silly audit   'dunder-proto': [ '1.0.1' ],
15 silly audit   eastasianwidth: [ '0.2.0' ],
15 silly audit   'ee-first': [ '1.1.1' ],
15 silly audit   'electron-to-chromium': [ '1.5.161' ],
15 silly audit   encoding: [ '0.1.13' ],
15 silly audit   'engine.io': [ '6.6.4' ],
15 silly audit   'engine.io-parser': [ '5.2.3' ],
15 silly audit   'mime-db': [ '1.52.0', '1.54.0' ],
15 silly audit   'mime-types': [ '2.1.35', '3.0.1' ],
15 silly audit   negotiator: [ '0.6.3', '1.0.0' ],
15 silly audit   ent: [ '2.2.2' ],
15 silly audit   entities: [ '4.5.0', '6.0.0' ],
15 silly audit   'env-paths': [ '2.2.1' ],
15 silly audit   environment: [ '1.1.0' ],
15 silly audit   'err-code': [ '2.0.3' ],
15 silly audit   'es-define-property': [ '1.0.1' ],
15 silly audit   'es-errors': [ '1.3.0' ],
15 silly audit   'es-object-atoms': [ '1.1.1' ],
15 silly audit   esbuild: [ '0.25.5' ],
15 silly audit   escalade: [ '3.2.0' ],
15 silly audit   'escape-html': [ '1.0.3' ],
15 silly audit   etag: [ '1.8.1' ],
15 silly audit   eventemitter3: [ '4.0.7', '5.0.1' ],
15 silly audit   'exponential-backoff': [ '3.1.2' ],
15 silly audit   express: [ '5.1.0' ],
15 silly audit   extend: [ '3.0.2' ],
15 silly audit   'external-editor': [ '3.1.0' ],
15 silly audit   'iconv-lite': [ '0.4.24', '0.6.3' ],
15 silly audit   'fast-deep-equal': [ '3.1.3' ],
15 silly audit   'fast-uri': [ '3.0.6' ],
15 silly audit   fdir: [ '6.4.5' ],
15 silly audit   'fill-range': [ '7.1.1' ],
15 silly audit   flatted: [ '3.3.3' ],
15 silly audit   'follow-redirects': [ '1.15.9' ],
15 silly audit   'foreground-child': [ '3.3.1' ],
15 silly audit   forwarded: [ '0.2.0' ],
15 silly audit   fresh: [ '2.0.0' ],
15 silly audit   'fs-extra': [ '8.1.0' ],
15 silly audit   'fs-minipass': [ '3.0.3', '2.1.0' ],
15 silly audit   'fs.realpath': [ '1.0.0' ],
15 silly audit   fsevents: [ '2.3.3' ],
15 silly audit   'function-bind': [ '1.1.2' ],
15 silly audit   gensync: [ '1.0.0-beta.2' ],
15 silly audit   'get-caller-file': [ '2.0.5' ],
15 silly audit   'get-east-asian-width': [ '1.3.0' ],
15 silly audit   'get-intrinsic': [ '1.3.0' ],
15 silly audit   'get-proto': [ '1.0.1' ],
15 silly audit   'glob-parent': [ '5.1.2' ],
15 silly audit   'glob-to-regexp': [ '0.4.1' ],
15 silly audit   globals: [ '11.12.0' ],
15 silly audit   gopd: [ '1.2.0' ],
15 silly audit   'graceful-fs': [ '4.2.11' ],
15 silly audit   'has-flag': [ '4.0.0' ],
15 silly audit   'has-symbols': [ '1.1.0' ],
15 silly audit   'has-tostringtag': [ '1.0.2' ],
15 silly audit   hasown: [ '2.0.2' ],
15 silly audit   'hosted-git-info': [ '8.1.0' ],
15 silly audit   'html-escaper': [ '2.0.2' ],
15 silly audit   htmlparser2: [ '10.0.0' ],
15 silly audit   'http-cache-semantics': [ '4.2.0' ],
15 silly audit   'http-errors': [ '2.0.0' ],
15 silly audit   'http-proxy': [ '1.18.1' ],
15 silly audit   'http-proxy-agent': [ '7.0.2' ],
15 silly audit   'https-proxy-agent': [ '7.0.6' ],
15 silly audit   'ignore-walk': [ '7.0.0' ],
15 silly audit   immutable: [ '5.1.2' ],
15 silly audit   imurmurhash: [ '0.1.4' ],
15 silly audit   inflight: [ '1.0.6' ],
15 silly audit   inherits: [ '2.0.4' ],
15 silly audit   ini: [ '5.0.0' ],
15 silly audit   'ip-address': [ '9.0.5' ],
15 silly audit   'ipaddr.js': [ '1.9.1' ],
15 silly audit   'is-binary-path': [ '2.1.0' ],
15 silly audit   'is-core-module': [ '2.16.1' ],
15 silly audit   'is-extglob': [ '2.1.1' ],
15 silly audit   'is-glob': [ '4.0.3' ],
15 silly audit   'is-interactive': [ '2.0.0' ],
15 silly audit   'is-number': [ '7.0.0' ],
15 silly audit   'is-promise': [ '4.0.0' ],
15 silly audit   'is-regex': [ '1.2.1' ],
15 silly audit   'is-unicode-supported': [ '2.1.0', '1.3.0' ],
15 silly audit   isbinaryfile: [ '4.0.10' ],
15 silly audit   'istanbul-lib-coverage': [ '3.2.2' ],
15 silly audit   'istanbul-lib-instrument': [ '6.0.3', '5.2.1' ],
15 silly audit   'istanbul-lib-report': [ '3.0.1' ],
15 silly audit   'istanbul-lib-source-maps': [ '4.0.1' ],
15 silly audit   'source-map': [ '0.6.1', '0.7.4' ],
15 silly audit   'istanbul-reports': [ '3.1.7' ],
15 silly audit   jackspeak: [ '3.4.3' ],
15 silly audit   'jasmine-core': [ '5.7.1', '4.6.1' ],
15 silly audit   'js-tokens': [ '4.0.0' ],
15 silly audit   jsbn: [ '1.1.0' ],
15 silly audit   jsesc: [ '3.1.0' ],
15 silly audit   'json-parse-even-better-errors': [ '4.0.0' ],
15 silly audit   'json-schema-traverse': [ '1.0.0' ],
15 silly audit   json5: [ '2.2.3' ],
15 silly audit   'jsonc-parser': [ '3.3.1' ],
15 silly audit   jsonfile: [ '4.0.0' ],
15 silly audit   jsonparse: [ '1.3.1' ],
15 silly audit   karma: [ '6.4.4' ],
15 silly audit   'karma-chrome-launcher': [ '3.2.0' ],
15 silly audit   'karma-coverage': [ '2.2.1' ],
15 silly audit   'karma-jasmine': [ '5.1.0' ],
15 silly audit   'karma-jasmine-html-reporter': [ '2.1.0' ],
15 silly audit   'media-typer': [ '0.3.0', '1.1.0' ],
15 silly audit   qs: [ '6.13.0', '6.14.0' ],
15 silly audit   'raw-body': [ '2.5.2', '3.0.0' ],
15 silly audit   readdirp: [ '3.6.0', '4.1.2' ],
15 silly audit   tmp: [ '0.2.3', '0.0.33' ],
15 silly audit   'type-is': [ '1.6.18', '2.0.1' ],
15 silly audit   yargs: [ '16.2.0', '17.7.2' ],
15 silly audit   'yargs-parser': [ '20.2.9', '21.1.1' ],
15 silly audit   listr2: [ '8.3.3' ],
15 silly audit   lmdb: [ '3.3.0' ],
15 silly audit   lodash: [ '4.17.21' ],
15 silly audit   'log-symbols': [ '6.0.0' ],
15 silly audit   'log-update': [ '6.1.0' ],
15 silly audit   'slice-ansi': [ '7.1.0', '5.0.0' ],
15 silly audit   log4js: [ '6.9.1' ],
15 silly audit   'magic-string': [ '0.30.17' ],
15 silly audit   'make-dir': [ '4.0.0' ],
15 silly audit   'make-fetch-happen': [ '14.0.3' ],
15 silly audit   'math-intrinsics': [ '1.1.0' ],
15 silly audit   'merge-descriptors': [ '2.0.0' ],
15 silly audit   micromatch: [ '4.0.8' ],
15 silly audit   mime: [ '2.6.0' ],
15 silly audit   'mimic-function': [ '5.0.1' ],
15 silly audit   minimist: [ '1.2.8' ],
15 silly audit   minipass: [ '7.1.2', '3.3.6', '5.0.0' ],
15 silly audit   'minipass-collect': [ '2.0.1' ],
15 silly audit   'minipass-fetch': [ '4.0.1' ],
15 silly audit   'minipass-flush': [ '1.0.5' ],
15 silly audit   'minipass-pipeline': [ '1.2.4' ],
15 silly audit   'minipass-sized': [ '1.0.3' ],
15 silly audit   minizlib: [ '3.0.2', '2.1.2' ],
15 silly audit   mrmime: [ '2.0.1' ],
15 silly audit   msgpackr: [ '1.11.4' ],
15 silly audit   'msgpackr-extract': [ '3.0.3' ],
15 silly audit   nanoid: [ '3.3.11' ],
15 silly audit   'node-gyp': [ '11.2.0' ],
15 silly audit   'node-gyp-build-optional-packages': [ '5.2.2' ],
15 silly audit   'node-releases': [ '2.0.19' ],
15 silly audit   nopt: [ '8.1.0' ],
15 silly audit   'normalize-path': [ '3.0.0' ],
15 silly audit   'npm-bundled': [ '4.0.0' ],
15 silly audit   'npm-install-checks': [ '7.1.1' ],
15 silly audit   'npm-normalize-package-bin': [ '4.0.0' ],
15 silly audit   'npm-package-arg': [ '12.0.2' ],
15 silly audit   'npm-packlist': [ '10.0.0' ],
15 silly audit   'npm-pick-manifest': [ '10.0.0' ],
15 silly audit   'npm-registry-fetch': [ '18.0.2' ],
15 silly audit   'nth-check': [ '2.1.1' ],
15 silly audit   'object-assign': [ '4.1.1' ],
15 silly audit   'object-inspect': [ '1.13.4' ],
15 silly audit   once: [ '1.4.0' ],
15 silly audit   onetime: [ '7.0.0' ],
15 silly audit   ora: [ '8.2.0' ],
15 silly audit   'ordered-binary': [ '1.5.3' ],
15 silly audit   'os-tmpdir': [ '1.0.2' ],
15 silly audit   'p-map': [ '7.0.3' ],
15 silly audit   'package-json-from-dist': [ '1.0.1' ],
15 silly audit   pacote: [ '21.0.0' ],
15 silly audit   parse5: [ '7.3.0' ],
15 silly audit   'parse5-html-rewriting-stream': [ '7.1.0' ],
15 silly audit   'parse5-sax-parser': [ '7.0.0' ],
15 silly audit   parseurl: [ '1.3.3' ],
15 silly audit   'path-is-absolute': [ '1.0.1' ],
15 silly audit   'path-key': [ '3.1.1' ],
15 silly audit   'path-parse': [ '1.0.7' ],
15 silly audit   'path-scurry': [ '1.11.1' ],
15 silly audit   'path-to-regexp': [ '8.2.0' ],
15 silly audit   picocolors: [ '1.1.1' ],
15 silly audit   piscina: [ '5.0.0' ],
15 silly audit   postcss: [ '8.5.4' ],
15 silly audit   'postcss-media-query-parser': [ '0.2.3' ],
15 silly audit   'proc-log': [ '5.0.0' ],
15 silly audit   'promise-retry': [ '2.0.1' ],
15 silly audit   'proxy-addr': [ '2.0.7' ],
15 silly audit   punycode: [ '1.4.1' ],
15 silly audit   qjobs: [ '1.2.0' ],
15 silly audit   'range-parser': [ '1.2.1' ],
15 silly audit   'reflect-metadata': [ '0.2.2' ],
15 silly audit   'require-directory': [ '2.1.1' ],
15 silly audit   'require-from-string': [ '2.0.2' ],
15 silly audit   'requires-port': [ '1.0.0' ],
15 silly audit   resolve: [ '1.22.10' ],
15 silly audit   'restore-cursor': [ '5.1.0' ],
15 silly audit   retry: [ '0.12.0' ],
15 silly audit   rfdc: [ '1.4.1' ],
15 silly audit   rimraf: [ '3.0.2' ],
15 silly audit   rollup: [ '4.40.2' ],
15 silly audit   router: [ '2.2.0' ],
15 silly audit   rxjs: [ '7.8.2' ],
15 silly audit   'safe-buffer': [ '5.2.1' ],
15 silly audit   'safe-regex-test': [ '1.1.0' ],
15 silly audit   'safer-buffer': [ '2.1.2' ],
15 silly audit   sass: [ '1.88.0' ],
15 silly audit   send: [ '1.2.0' ],
15 silly audit   'serve-static': [ '2.2.0' ],
15 silly audit   setprototypeof: [ '1.2.0' ],
15 silly audit   'shebang-command': [ '2.0.0' ],
15 silly audit   'shebang-regex': [ '3.0.0' ],
15 silly audit   'side-channel': [ '1.1.0' ],
15 silly audit   'side-channel-list': [ '1.0.0' ],
15 silly audit   'side-channel-map': [ '1.0.1' ],
15 silly audit   'side-channel-weakmap': [ '1.0.2' ],
15 silly audit   'signal-exit': [ '4.1.0' ],
15 silly audit   sigstore: [ '3.1.0' ],
15 silly audit   'smart-buffer': [ '4.2.0' ],
15 silly audit   'socket.io': [ '4.8.1' ],
15 silly audit   'socket.io-adapter': [ '2.5.5' ],
15 silly audit   'socket.io-parser': [ '4.2.4' ],
15 silly audit   socks: [ '2.8.4' ],
15 silly audit   'socks-proxy-agent': [ '8.0.5' ],
15 silly audit   'source-map-js': [ '1.2.1' ],
15 silly audit   'source-map-support': [ '0.5.21' ],
15 silly audit   'spdx-correct': [ '3.2.0' ],
15 silly audit   'spdx-exceptions': [ '2.5.0' ],
15 silly audit   'spdx-expression-parse': [ '3.0.1' ],
15 silly audit   'spdx-license-ids': [ '3.0.21' ],
15 silly audit   'sprintf-js': [ '1.1.3' ],
15 silly audit   ssri: [ '12.0.0' ],
15 silly audit   'stdin-discarder': [ '0.2.2' ],
15 silly audit   streamroller: [ '3.1.5' ],
15 silly audit   'supports-color': [ '7.2.0' ],
15 silly audit   'supports-preserve-symlinks-flag': [ '1.0.0' ],
15 silly audit   tinyglobby: [ '0.2.13' ],
15 silly audit   'to-regex-range': [ '5.0.1' ],
15 silly audit   toidentifier: [ '1.0.1' ],
15 silly audit   tslib: [ '2.8.1' ],
15 silly audit   'tuf-js': [ '3.0.1' ],
15 silly audit   'type-fest': [ '0.21.3' ],
15 silly audit   typescript: [ '5.8.3' ],
15 silly audit   'ua-parser-js': [ '0.7.40' ],
15 silly audit   'undici-types': [ '6.19.8' ],
15 silly audit   'unique-filename': [ '4.0.0' ],
15 silly audit   'unique-slug': [ '5.0.0' ],
15 silly audit   universalify: [ '0.1.2' ],
15 silly audit   unpipe: [ '1.0.0' ],
15 silly audit   'update-browserslist-db': [ '1.1.3' ],
15 silly audit   'utils-merge': [ '1.0.1' ],
15 silly audit   'validate-npm-package-license': [ '3.0.4' ],
15 silly audit   'validate-npm-package-name': [ '6.0.0' ],
15 silly audit   vary: [ '1.1.2' ],
15 silly audit   vite: [ '6.3.5' ],
15 silly audit   'void-elements': [ '2.0.1' ],
15 silly audit   watchpack: [ '2.4.2' ],
15 silly audit   'weak-lru-cache': [ '1.2.2' ],
15 silly audit   wrappy: [ '1.0.2' ],
15 silly audit   ws: [ '8.17.1' ],
15 silly audit   xhr2: [ '0.2.1' ],
15 silly audit   y18n: [ '5.0.8' ],
15 silly audit   'yoctocolors-cjs': [ '2.1.2' ],
15 silly audit   'zone.js': [ '0.15.1' ]
15 silly audit }
16 verbose reify failed optional dependency /home/ec2-user/Ferremas/backend/ev2/Ferremas/frontend/node_modules/fsevents
17 silly reify mark deleted [
17 silly reify   '/home/ec2-user/Ferremas/backend/ev2/Ferremas/frontend/node_modules/fsevents'
17 silly reify ]
18 verbose reify failed optional dependency /home/ec2-user/Ferremas/backend/ev2/Ferremas/frontend/node_modules/@rollup/rollup-win32-x64-msvc
19 silly reify mark deleted [
19 silly reify   '/home/ec2-user/Ferremas/backend/ev2/Ferremas/frontend/node_modules/@rollup/rollup-win32-x64-msvc'
19 silly reify ]
20 verbose reify failed optional dependency /home/ec2-user/Ferremas/backend/ev2/Ferremas/frontend/node_modules/@rollup/rollup-win32-ia32-msvc
21 silly reify mark deleted [
21 silly reify   '/home/ec2-user/Ferremas/backend/ev2/Ferremas/frontend/node_modules/@rollup/rollup-win32-ia32-msvc'
21 silly reify ]
22 verbose reify failed optional dependency /home/ec2-user/Ferremas/backend/ev2/Ferremas/frontend/node_modules/@rollup/rollup-win32-arm64-msvc
23 silly reify mark deleted [
23 silly reify   '/home/ec2-user/Ferremas/backend/ev2/Ferremas/frontend/node_modules/@rollup/rollup-win32-arm64-msvc'
23 silly reify ]
24 verbose reify failed optional dependency /home/ec2-user/Ferremas/backend/ev2/Ferremas/frontend/node_modules/@rollup/rollup-linux-s390x-gnu
25 silly reify mark deleted [
25 silly reify   '/home/ec2-user/Ferremas/backend/ev2/Ferremas/frontend/node_modules/@rollup/rollup-linux-s390x-gnu'
25 silly reify ]
26 verbose reify failed optional dependency /home/ec2-user/Ferremas/backend/ev2/Ferremas/frontend/node_modules/@rollup/rollup-linux-riscv64-musl
27 silly reify mark deleted [
27 silly reify   '/home/ec2-user/Ferremas/backend/ev2/Ferremas/frontend/node_modules/@rollup/rollup-linux-riscv64-musl'
27 silly reify ]
28 verbose reify failed optional dependency /home/ec2-user/Ferremas/backend/ev2/Ferremas/frontend/node_modules/@rollup/rollup-linux-riscv64-gnu
29 silly reify mark deleted [
29 silly reify   '/home/ec2-user/Ferremas/backend/ev2/Ferremas/frontend/node_modules/@rollup/rollup-linux-riscv64-gnu'
29 silly reify ]
30 verbose reify failed optional dependency /home/ec2-user/Ferremas/backend/ev2/Ferremas/frontend/node_modules/@rollup/rollup-linux-powerpc64le-gnu
31 silly reify mark deleted [
31 silly reify   '/home/ec2-user/Ferremas/backend/ev2/Ferremas/frontend/node_modules/@rollup/rollup-linux-powerpc64le-gnu'
31 silly reify ]
32 verbose reify failed optional dependency /home/ec2-user/Ferremas/backend/ev2/Ferremas/frontend/node_modules/@rollup/rollup-linux-loongarch64-gnu
33 silly reify mark deleted [
33 silly reify   '/home/ec2-user/Ferremas/backend/ev2/Ferremas/frontend/node_modules/@rollup/rollup-linux-loongarch64-gnu'
33 silly reify ]
34 verbose reify failed optional dependency /home/ec2-user/Ferremas/backend/ev2/Ferremas/frontend/node_modules/@rollup/rollup-linux-arm64-musl
35 silly reify mark deleted [
35 silly reify   '/home/ec2-user/Ferremas/backend/ev2/Ferremas/frontend/node_modules/@rollup/rollup-linux-arm64-musl'
35 silly reify ]
36 verbose reify failed optional dependency /home/ec2-user/Ferremas/backend/ev2/Ferremas/frontend/node_modules/@rollup/rollup-linux-arm64-gnu
37 silly reify mark deleted [
37 silly reify   '/home/ec2-user/Ferremas/backend/ev2/Ferremas/frontend/node_modules/@rollup/rollup-linux-arm64-gnu'
37 silly reify ]
38 verbose reify failed optional dependency /home/ec2-user/Ferremas/backend/ev2/Ferremas/frontend/node_modules/@rollup/rollup-linux-arm-musleabihf
39 silly reify mark deleted [
39 silly reify   '/home/ec2-user/Ferremas/backend/ev2/Ferremas/frontend/node_modules/@rollup/rollup-linux-arm-musleabihf'
39 silly reify ]
40 verbose reify failed optional dependency /home/ec2-user/Ferremas/backend/ev2/Ferremas/frontend/node_modules/@rollup/rollup-linux-arm-gnueabihf
41 silly reify mark deleted [
41 silly reify   '/home/ec2-user/Ferremas/backend/ev2/Ferremas/frontend/node_modules/@rollup/rollup-linux-arm-gnueabihf'
41 silly reify ]
42 verbose reify failed optional dependency /home/ec2-user/Ferremas/backend/ev2/Ferremas/frontend/node_modules/@rollup/rollup-freebsd-x64
43 silly reify mark deleted [
43 silly reify   '/home/ec2-user/Ferremas/backend/ev2/Ferremas/frontend/node_modules/@rollup/rollup-freebsd-x64'
43 silly reify ]
44 verbose reify failed optional dependency /home/ec2-user/Ferremas/backend/ev2/Ferremas/frontend/node_modules/@rollup/rollup-freebsd-arm64
45 silly reify mark deleted [
45 silly reify   '/home/ec2-user/Ferremas/backend/ev2/Ferremas/frontend/node_modules/@rollup/rollup-freebsd-arm64'
45 silly reify ]
46 verbose reify failed optional dependency /home/ec2-user/Ferremas/backend/ev2/Ferremas/frontend/node_modules/@rollup/rollup-darwin-x64
47 silly reify mark deleted [
47 silly reify   '/home/ec2-user/Ferremas/backend/ev2/Ferremas/frontend/node_modules/@rollup/rollup-darwin-x64'
47 silly reify ]
48 verbose reify failed optional dependency /home/ec2-user/Ferremas/backend/ev2/Ferremas/frontend/node_modules/@rollup/rollup-darwin-arm64
49 silly reify mark deleted [
49 silly reify   '/home/ec2-user/Ferremas/backend/ev2/Ferremas/frontend/node_modules/@rollup/rollup-darwin-arm64'
49 silly reify ]
50 verbose reify failed optional dependency /home/ec2-user/Ferremas/backend/ev2/Ferremas/frontend/node_modules/@rollup/rollup-android-arm64
51 silly reify mark deleted [
51 silly reify   '/home/ec2-user/Ferremas/backend/ev2/Ferremas/frontend/node_modules/@rollup/rollup-android-arm64'
51 silly reify ]
52 verbose reify failed optional dependency /home/ec2-user/Ferremas/backend/ev2/Ferremas/frontend/node_modules/@rollup/rollup-android-arm-eabi
53 silly reify mark deleted [
53 silly reify   '/home/ec2-user/Ferremas/backend/ev2/Ferremas/frontend/node_modules/@rollup/rollup-android-arm-eabi'
53 silly reify ]
54 verbose reify failed optional dependency /home/ec2-user/Ferremas/backend/ev2/Ferremas/frontend/node_modules/@parcel/watcher-win32-x64
55 silly reify mark deleted [
55 silly reify   '/home/ec2-user/Ferremas/backend/ev2/Ferremas/frontend/node_modules/@parcel/watcher-win32-x64'
55 silly reify ]
56 verbose reify failed optional dependency /home/ec2-user/Ferremas/backend/ev2/Ferremas/frontend/node_modules/@parcel/watcher-win32-ia32
57 silly reify mark deleted [
57 silly reify   '/home/ec2-user/Ferremas/backend/ev2/Ferremas/frontend/node_modules/@parcel/watcher-win32-ia32'
57 silly reify ]
58 verbose reify failed optional dependency /home/ec2-user/Ferremas/backend/ev2/Ferremas/frontend/node_modules/@parcel/watcher-win32-arm64
59 silly reify mark deleted [
59 silly reify   '/home/ec2-user/Ferremas/backend/ev2/Ferremas/frontend/node_modules/@parcel/watcher-win32-arm64'
59 silly reify ]
60 verbose reify failed optional dependency /home/ec2-user/Ferremas/backend/ev2/Ferremas/frontend/node_modules/@parcel/watcher-linux-arm64-musl
61 silly reify mark deleted [
61 silly reify   '/home/ec2-user/Ferremas/backend/ev2/Ferremas/frontend/node_modules/@parcel/watcher-linux-arm64-musl'
61 silly reify ]
62 verbose reify failed optional dependency /home/ec2-user/Ferremas/backend/ev2/Ferremas/frontend/node_modules/@parcel/watcher-linux-arm64-glibc
63 silly reify mark deleted [
63 silly reify   '/home/ec2-user/Ferremas/backend/ev2/Ferremas/frontend/node_modules/@parcel/watcher-linux-arm64-glibc'
63 silly reify ]
64 verbose reify failed optional dependency /home/ec2-user/Ferremas/backend/ev2/Ferremas/frontend/node_modules/@parcel/watcher-linux-arm-musl
65 silly reify mark deleted [
65 silly reify   '/home/ec2-user/Ferremas/backend/ev2/Ferremas/frontend/node_modules/@parcel/watcher-linux-arm-musl'
65 silly reify ]
66 verbose reify failed optional dependency /home/ec2-user/Ferremas/backend/ev2/Ferremas/frontend/node_modules/@parcel/watcher-linux-arm-glibc
67 silly reify mark deleted [
67 silly reify   '/home/ec2-user/Ferremas/backend/ev2/Ferremas/frontend/node_modules/@parcel/watcher-linux-arm-glibc'
67 silly reify ]
68 verbose reify failed optional dependency /home/ec2-user/Ferremas/backend/ev2/Ferremas/frontend/node_modules/@parcel/watcher-freebsd-x64
69 silly reify mark deleted [
69 silly reify   '/home/ec2-user/Ferremas/backend/ev2/Ferremas/frontend/node_modules/@parcel/watcher-freebsd-x64'
69 silly reify ]
70 verbose reify failed optional dependency /home/ec2-user/Ferremas/backend/ev2/Ferremas/frontend/node_modules/@parcel/watcher-darwin-x64
71 silly reify mark deleted [
71 silly reify   '/home/ec2-user/Ferremas/backend/ev2/Ferremas/frontend/node_modules/@parcel/watcher-darwin-x64'
71 silly reify ]
72 verbose reify failed optional dependency /home/ec2-user/Ferremas/backend/ev2/Ferremas/frontend/node_modules/@parcel/watcher-darwin-arm64
73 silly reify mark deleted [
73 silly reify   '/home/ec2-user/Ferremas/backend/ev2/Ferremas/frontend/node_modules/@parcel/watcher-darwin-arm64'
73 silly reify ]
74 verbose reify failed optional dependency /home/ec2-user/Ferremas/backend/ev2/Ferremas/frontend/node_modules/@parcel/watcher-android-arm64
75 silly reify mark deleted [
75 silly reify   '/home/ec2-user/Ferremas/backend/ev2/Ferremas/frontend/node_modules/@parcel/watcher-android-arm64'
75 silly reify ]
76 verbose reify failed optional dependency /home/ec2-user/Ferremas/backend/ev2/Ferremas/frontend/node_modules/@napi-rs/nice-win32-x64-msvc
77 silly reify mark deleted [
77 silly reify   '/home/ec2-user/Ferremas/backend/ev2/Ferremas/frontend/node_modules/@napi-rs/nice-win32-x64-msvc'
77 silly reify ]
78 verbose reify failed optional dependency /home/ec2-user/Ferremas/backend/ev2/Ferremas/frontend/node_modules/@napi-rs/nice-win32-ia32-msvc
79 silly reify mark deleted [
79 silly reify   '/home/ec2-user/Ferremas/backend/ev2/Ferremas/frontend/node_modules/@napi-rs/nice-win32-ia32-msvc'
79 silly reify ]
80 verbose reify failed optional dependency /home/ec2-user/Ferremas/backend/ev2/Ferremas/frontend/node_modules/@napi-rs/nice-win32-arm64-msvc
81 silly reify mark deleted [
81 silly reify   '/home/ec2-user/Ferremas/backend/ev2/Ferremas/frontend/node_modules/@napi-rs/nice-win32-arm64-msvc'
81 silly reify ]
82 verbose reify failed optional dependency /home/ec2-user/Ferremas/backend/ev2/Ferremas/frontend/node_modules/@napi-rs/nice-linux-s390x-gnu
83 silly reify mark deleted [
83 silly reify   '/home/ec2-user/Ferremas/backend/ev2/Ferremas/frontend/node_modules/@napi-rs/nice-linux-s390x-gnu'
83 silly reify ]
84 verbose reify failed optional dependency /home/ec2-user/Ferremas/backend/ev2/Ferremas/frontend/node_modules/@napi-rs/nice-linux-riscv64-gnu
85 silly reify mark deleted [
85 silly reify   '/home/ec2-user/Ferremas/backend/ev2/Ferremas/frontend/node_modules/@napi-rs/nice-linux-riscv64-gnu'
85 silly reify ]
86 verbose reify failed optional dependency /home/ec2-user/Ferremas/backend/ev2/Ferremas/frontend/node_modules/@napi-rs/nice-linux-ppc64-gnu
87 silly reify mark deleted [
87 silly reify   '/home/ec2-user/Ferremas/backend/ev2/Ferremas/frontend/node_modules/@napi-rs/nice-linux-ppc64-gnu'
87 silly reify ]
88 verbose reify failed optional dependency /home/ec2-user/Ferremas/backend/ev2/Ferremas/frontend/node_modules/@napi-rs/nice-linux-arm64-musl
89 silly reify mark deleted [
89 silly reify   '/home/ec2-user/Ferremas/backend/ev2/Ferremas/frontend/node_modules/@napi-rs/nice-linux-arm64-musl'
89 silly reify ]
90 verbose reify failed optional dependency /home/ec2-user/Ferremas/backend/ev2/Ferremas/frontend/node_modules/@napi-rs/nice-linux-arm64-gnu
91 silly reify mark deleted [
91 silly reify   '/home/ec2-user/Ferremas/backend/ev2/Ferremas/frontend/node_modules/@napi-rs/nice-linux-arm64-gnu'
91 silly reify ]
92 verbose reify failed optional dependency /home/ec2-user/Ferremas/backend/ev2/Ferremas/frontend/node_modules/@napi-rs/nice-linux-arm-gnueabihf
93 silly reify mark deleted [
93 silly reify   '/home/ec2-user/Ferremas/backend/ev2/Ferremas/frontend/node_modules/@napi-rs/nice-linux-arm-gnueabihf'
93 silly reify ]
94 verbose reify failed optional dependency /home/ec2-user/Ferremas/backend/ev2/Ferremas/frontend/node_modules/@napi-rs/nice-freebsd-x64
95 silly reify mark deleted [
95 silly reify   '/home/ec2-user/Ferremas/backend/ev2/Ferremas/frontend/node_modules/@napi-rs/nice-freebsd-x64'
95 silly reify ]
96 verbose reify failed optional dependency /home/ec2-user/Ferremas/backend/ev2/Ferremas/frontend/node_modules/@napi-rs/nice-darwin-x64
97 silly reify mark deleted [
97 silly reify   '/home/ec2-user/Ferremas/backend/ev2/Ferremas/frontend/node_modules/@napi-rs/nice-darwin-x64'
97 silly reify ]
98 verbose reify failed optional dependency /home/ec2-user/Ferremas/backend/ev2/Ferremas/frontend/node_modules/@napi-rs/nice-darwin-arm64
99 silly reify mark deleted [
99 silly reify   '/home/ec2-user/Ferremas/backend/ev2/Ferremas/frontend/node_modules/@napi-rs/nice-darwin-arm64'
99 silly reify ]
100 verbose reify failed optional dependency /home/ec2-user/Ferremas/backend/ev2/Ferremas/frontend/node_modules/@napi-rs/nice-android-arm64
101 silly reify mark deleted [
101 silly reify   '/home/ec2-user/Ferremas/backend/ev2/Ferremas/frontend/node_modules/@napi-rs/nice-android-arm64'
101 silly reify ]
102 verbose reify failed optional dependency /home/ec2-user/Ferremas/backend/ev2/Ferremas/frontend/node_modules/@napi-rs/nice-android-arm-eabi
103 silly reify mark deleted [
103 silly reify   '/home/ec2-user/Ferremas/backend/ev2/Ferremas/frontend/node_modules/@napi-rs/nice-android-arm-eabi'
103 silly reify ]
104 verbose reify failed optional dependency /home/ec2-user/Ferremas/backend/ev2/Ferremas/frontend/node_modules/@msgpackr-extract/msgpackr-extract-win32-x64
105 silly reify mark deleted [
105 silly reify   '/home/ec2-user/Ferremas/backend/ev2/Ferremas/frontend/node_modules/@msgpackr-extract/msgpackr-extract-win32-x64'
105 silly reify ]
106 verbose reify failed optional dependency /home/ec2-user/Ferremas/backend/ev2/Ferremas/frontend/node_modules/@msgpackr-extract/msgpackr-extract-linux-arm64
107 silly reify mark deleted [
107 silly reify   '/home/ec2-user/Ferremas/backend/ev2/Ferremas/frontend/node_modules/@msgpackr-extract/msgpackr-extract-linux-arm64'
107 silly reify ]
108 verbose reify failed optional dependency /home/ec2-user/Ferremas/backend/ev2/Ferremas/frontend/node_modules/@msgpackr-extract/msgpackr-extract-linux-arm
109 silly reify mark deleted [
109 silly reify   '/home/ec2-user/Ferremas/backend/ev2/Ferremas/frontend/node_modules/@msgpackr-extract/msgpackr-extract-linux-arm'
109 silly reify ]
110 verbose reify failed optional dependency /home/ec2-user/Ferremas/backend/ev2/Ferremas/frontend/node_modules/@msgpackr-extract/msgpackr-extract-darwin-x64
111 silly reify mark deleted [
111 silly reify   '/home/ec2-user/Ferremas/backend/ev2/Ferremas/frontend/node_modules/@msgpackr-extract/msgpackr-extract-darwin-x64'
111 silly reify ]
112 verbose reify failed optional dependency /home/ec2-user/Ferremas/backend/ev2/Ferremas/frontend/node_modules/@msgpackr-extract/msgpackr-extract-darwin-arm64
113 silly reify mark deleted [
113 silly reify   '/home/ec2-user/Ferremas/backend/ev2/Ferremas/frontend/node_modules/@msgpackr-extract/msgpackr-extract-darwin-arm64'
113 silly reify ]
114 verbose reify failed optional dependency /home/ec2-user/Ferremas/backend/ev2/Ferremas/frontend/node_modules/@lmdb/lmdb-win32-x64
115 silly reify mark deleted [
115 silly reify   '/home/ec2-user/Ferremas/backend/ev2/Ferremas/frontend/node_modules/@lmdb/lmdb-win32-x64'
115 silly reify ]
116 verbose reify failed optional dependency /home/ec2-user/Ferremas/backend/ev2/Ferremas/frontend/node_modules/@lmdb/lmdb-win32-arm64
117 silly reify mark deleted [
117 silly reify   '/home/ec2-user/Ferremas/backend/ev2/Ferremas/frontend/node_modules/@lmdb/lmdb-win32-arm64'
117 silly reify ]
118 verbose reify failed optional dependency /home/ec2-user/Ferremas/backend/ev2/Ferremas/frontend/node_modules/@lmdb/lmdb-linux-arm64
119 silly reify mark deleted [
119 silly reify   '/home/ec2-user/Ferremas/backend/ev2/Ferremas/frontend/node_modules/@lmdb/lmdb-linux-arm64'
119 silly reify ]
120 verbose reify failed optional dependency /home/ec2-user/Ferremas/backend/ev2/Ferremas/frontend/node_modules/@lmdb/lmdb-linux-arm
121 silly reify mark deleted [
121 silly reify   '/home/ec2-user/Ferremas/backend/ev2/Ferremas/frontend/node_modules/@lmdb/lmdb-linux-arm'
121 silly reify ]
122 verbose reify failed optional dependency /home/ec2-user/Ferremas/backend/ev2/Ferremas/frontend/node_modules/@lmdb/lmdb-darwin-x64
123 silly reify mark deleted [
123 silly reify   '/home/ec2-user/Ferremas/backend/ev2/Ferremas/frontend/node_modules/@lmdb/lmdb-darwin-x64'
123 silly reify ]
124 verbose reify failed optional dependency /home/ec2-user/Ferremas/backend/ev2/Ferremas/frontend/node_modules/@lmdb/lmdb-darwin-arm64
125 silly reify mark deleted [
125 silly reify   '/home/ec2-user/Ferremas/backend/ev2/Ferremas/frontend/node_modules/@lmdb/lmdb-darwin-arm64'
125 silly reify ]
126 verbose reify failed optional dependency /home/ec2-user/Ferremas/backend/ev2/Ferremas/frontend/node_modules/@esbuild/win32-x64
127 silly reify mark deleted [
127 silly reify   '/home/ec2-user/Ferremas/backend/ev2/Ferremas/frontend/node_modules/@esbuild/win32-x64'
127 silly reify ]
128 verbose reify failed optional dependency /home/ec2-user/Ferremas/backend/ev2/Ferremas/frontend/node_modules/@esbuild/win32-ia32
129 silly reify mark deleted [
129 silly reify   '/home/ec2-user/Ferremas/backend/ev2/Ferremas/frontend/node_modules/@esbuild/win32-ia32'
129 silly reify ]
130 verbose reify failed optional dependency /home/ec2-user/Ferremas/backend/ev2/Ferremas/frontend/node_modules/@esbuild/win32-arm64
131 silly reify mark deleted [
131 silly reify   '/home/ec2-user/Ferremas/backend/ev2/Ferremas/frontend/node_modules/@esbuild/win32-arm64'
131 silly reify ]
132 verbose reify failed optional dependency /home/ec2-user/Ferremas/backend/ev2/Ferremas/frontend/node_modules/@esbuild/sunos-x64
133 silly reify mark deleted [
133 silly reify   '/home/ec2-user/Ferremas/backend/ev2/Ferremas/frontend/node_modules/@esbuild/sunos-x64'
133 silly reify ]
134 verbose reify failed optional dependency /home/ec2-user/Ferremas/backend/ev2/Ferremas/frontend/node_modules/@esbuild/openbsd-x64
135 silly reify mark deleted [
135 silly reify   '/home/ec2-user/Ferremas/backend/ev2/Ferremas/frontend/node_modules/@esbuild/openbsd-x64'
135 silly reify ]
136 verbose reify failed optional dependency /home/ec2-user/Ferremas/backend/ev2/Ferremas/frontend/node_modules/@esbuild/openbsd-arm64
137 silly reify mark deleted [
137 silly reify   '/home/ec2-user/Ferremas/backend/ev2/Ferremas/frontend/node_modules/@esbuild/openbsd-arm64'
137 silly reify ]
138 verbose reify failed optional dependency /home/ec2-user/Ferremas/backend/ev2/Ferremas/frontend/node_modules/@esbuild/netbsd-x64
139 silly reify mark deleted [
139 silly reify   '/home/ec2-user/Ferremas/backend/ev2/Ferremas/frontend/node_modules/@esbuild/netbsd-x64'
139 silly reify ]
140 verbose reify failed optional dependency /home/ec2-user/Ferremas/backend/ev2/Ferremas/frontend/node_modules/@esbuild/netbsd-arm64
141 silly reify mark deleted [
141 silly reify   '/home/ec2-user/Ferremas/backend/ev2/Ferremas/frontend/node_modules/@esbuild/netbsd-arm64'
141 silly reify ]
142 verbose reify failed optional dependency /home/ec2-user/Ferremas/backend/ev2/Ferremas/frontend/node_modules/@esbuild/linux-s390x
143 silly reify mark deleted [
143 silly reify   '/home/ec2-user/Ferremas/backend/ev2/Ferremas/frontend/node_modules/@esbuild/linux-s390x'
143 silly reify ]
144 verbose reify failed optional dependency /home/ec2-user/Ferremas/backend/ev2/Ferremas/frontend/node_modules/@esbuild/linux-riscv64
145 silly reify mark deleted [
145 silly reify   '/home/ec2-user/Ferremas/backend/ev2/Ferremas/frontend/node_modules/@esbuild/linux-riscv64'
145 silly reify ]
146 verbose reify failed optional dependency /home/ec2-user/Ferremas/backend/ev2/Ferremas/frontend/node_modules/@esbuild/linux-ppc64
147 silly reify mark deleted [
147 silly reify   '/home/ec2-user/Ferremas/backend/ev2/Ferremas/frontend/node_modules/@esbuild/linux-ppc64'
147 silly reify ]
148 verbose reify failed optional dependency /home/ec2-user/Ferremas/backend/ev2/Ferremas/frontend/node_modules/@esbuild/linux-mips64el
149 silly reify mark deleted [
149 silly reify   '/home/ec2-user/Ferremas/backend/ev2/Ferremas/frontend/node_modules/@esbuild/linux-mips64el'
149 silly reify ]
150 verbose reify failed optional dependency /home/ec2-user/Ferremas/backend/ev2/Ferremas/frontend/node_modules/@esbuild/linux-loong64
151 silly reify mark deleted [
151 silly reify   '/home/ec2-user/Ferremas/backend/ev2/Ferremas/frontend/node_modules/@esbuild/linux-loong64'
151 silly reify ]
152 verbose reify failed optional dependency /home/ec2-user/Ferremas/backend/ev2/Ferremas/frontend/node_modules/@esbuild/linux-ia32
153 silly reify mark deleted [
153 silly reify   '/home/ec2-user/Ferremas/backend/ev2/Ferremas/frontend/node_modules/@esbuild/linux-ia32'
153 silly reify ]
154 verbose reify failed optional dependency /home/ec2-user/Ferremas/backend/ev2/Ferremas/frontend/node_modules/@esbuild/linux-arm64
155 silly reify mark deleted [
155 silly reify   '/home/ec2-user/Ferremas/backend/ev2/Ferremas/frontend/node_modules/@esbuild/linux-arm64'
155 silly reify ]
156 verbose reify failed optional dependency /home/ec2-user/Ferremas/backend/ev2/Ferremas/frontend/node_modules/@esbuild/linux-arm
157 silly reify mark deleted [
157 silly reify   '/home/ec2-user/Ferremas/backend/ev2/Ferremas/frontend/node_modules/@esbuild/linux-arm'
157 silly reify ]
158 verbose reify failed optional dependency /home/ec2-user/Ferremas/backend/ev2/Ferremas/frontend/node_modules/@esbuild/freebsd-x64
159 silly reify mark deleted [
159 silly reify   '/home/ec2-user/Ferremas/backend/ev2/Ferremas/frontend/node_modules/@esbuild/freebsd-x64'
159 silly reify ]
160 verbose reify failed optional dependency /home/ec2-user/Ferremas/backend/ev2/Ferremas/frontend/node_modules/@esbuild/freebsd-arm64
161 silly reify mark deleted [
161 silly reify   '/home/ec2-user/Ferremas/backend/ev2/Ferremas/frontend/node_modules/@esbuild/freebsd-arm64'
161 silly reify ]
162 verbose reify failed optional dependency /home/ec2-user/Ferremas/backend/ev2/Ferremas/frontend/node_modules/@esbuild/darwin-x64
163 silly reify mark deleted [
163 silly reify   '/home/ec2-user/Ferremas/backend/ev2/Ferremas/frontend/node_modules/@esbuild/darwin-x64'
163 silly reify ]
164 verbose reify failed optional dependency /home/ec2-user/Ferremas/backend/ev2/Ferremas/frontend/node_modules/@esbuild/darwin-arm64
165 silly reify mark deleted [
165 silly reify   '/home/ec2-user/Ferremas/backend/ev2/Ferremas/frontend/node_modules/@esbuild/darwin-arm64'
165 silly reify ]
166 verbose reify failed optional dependency /home/ec2-user/Ferremas/backend/ev2/Ferremas/frontend/node_modules/@esbuild/android-x64
167 silly reify mark deleted [
167 silly reify   '/home/ec2-user/Ferremas/backend/ev2/Ferremas/frontend/node_modules/@esbuild/android-x64'
167 silly reify ]
168 verbose reify failed optional dependency /home/ec2-user/Ferremas/backend/ev2/Ferremas/frontend/node_modules/@esbuild/android-arm64
169 silly reify mark deleted [
169 silly reify   '/home/ec2-user/Ferremas/backend/ev2/Ferremas/frontend/node_modules/@esbuild/android-arm64'
169 silly reify ]
170 verbose reify failed optional dependency /home/ec2-user/Ferremas/backend/ev2/Ferremas/frontend/node_modules/@esbuild/android-arm
171 silly reify mark deleted [
171 silly reify   '/home/ec2-user/Ferremas/backend/ev2/Ferremas/frontend/node_modules/@esbuild/android-arm'
171 silly reify ]
172 verbose reify failed optional dependency /home/ec2-user/Ferremas/backend/ev2/Ferremas/frontend/node_modules/@esbuild/aix-ppc64
173 silly reify mark deleted [
173 silly reify   '/home/ec2-user/Ferremas/backend/ev2/Ferremas/frontend/node_modules/@esbuild/aix-ppc64'
173 silly reify ]
174 http fetch POST 200 https://registry.npmjs.org/-/npm/v1/security/advisories/bulk 2956ms
175 silly audit report {}
176 warn deprecated inflight@1.0.6: This module is not supported, and leaks memory. Do not use it. Check out lru-cache if you want a good and tested way to coalesce async requests by a key value, which is much more comprehensive and powerful.
177 warn deprecated rimraf@3.0.2: Rimraf versions prior to v4 are no longer supported
178 warn deprecated glob@7.2.3: Glob versions prior to v9 are no longer supported
179 info run @parcel/watcher@2.5.1 install node_modules/@parcel/watcher node scripts/build-from-source.js
180 info run @parcel/watcher@2.5.1 install { code: 0, signal: null }
181 info run lmdb@3.3.0 install node_modules/lmdb node-gyp-build-optional-packages
182 info run lmdb@3.3.0 install { code: 0, signal: null }
183 info run msgpackr-extract@3.0.3 install node_modules/msgpackr-extract node-gyp-build-optional-packages
184 info run msgpackr-extract@3.0.3 install { code: 0, signal: null }
185 info run esbuild@0.25.5 postinstall node_modules/esbuild node install.js
186 info run esbuild@0.25.5 postinstall { code: 0, signal: null }
187 silly ADD node_modules/zone.js
188 silly ADD node_modules/yoctocolors-cjs
189 silly ADD node_modules/yargs-parser
190 silly ADD node_modules/yargs
191 silly ADD node_modules/yargs/node_modules/strip-ansi
192 silly ADD node_modules/yargs/node_modules/string-width
193 silly ADD node_modules/yargs/node_modules/is-fullwidth-code-point
194 silly ADD node_modules/yargs/node_modules/emoji-regex
195 silly ADD node_modules/yargs/node_modules/ansi-regex
196 silly ADD node_modules/yallist
197 silly ADD node_modules/y18n
198 silly ADD node_modules/xhr2
199 silly ADD node_modules/ws
200 silly ADD node_modules/wrappy
201 silly ADD node_modules/wrap-ansi-cjs
202 silly ADD node_modules/wrap-ansi-cjs/node_modules/strip-ansi
203 silly ADD node_modules/wrap-ansi-cjs/node_modules/string-width
204 silly ADD node_modules/wrap-ansi-cjs/node_modules/is-fullwidth-code-point
205 silly ADD node_modules/wrap-ansi-cjs/node_modules/emoji-regex
206 silly ADD node_modules/wrap-ansi-cjs/node_modules/ansi-styles
207 silly ADD node_modules/wrap-ansi-cjs/node_modules/ansi-regex
208 silly ADD node_modules/wrap-ansi
209 silly ADD node_modules/wrap-ansi/node_modules/strip-ansi
210 silly ADD node_modules/wrap-ansi/node_modules/string-width
211 silly ADD node_modules/wrap-ansi/node_modules/is-fullwidth-code-point
212 silly ADD node_modules/wrap-ansi/node_modules/emoji-regex
213 silly ADD node_modules/wrap-ansi/node_modules/ansi-styles
214 silly ADD node_modules/wrap-ansi/node_modules/ansi-regex
215 silly ADD node_modules/which
216 silly ADD node_modules/weak-lru-cache
217 silly ADD node_modules/watchpack
218 silly ADD node_modules/void-elements
219 silly ADD node_modules/vite
220 silly ADD node_modules/vary
221 silly ADD node_modules/validate-npm-package-name
222 silly ADD node_modules/validate-npm-package-license
223 silly ADD node_modules/utils-merge
224 silly ADD node_modules/update-browserslist-db
225 silly ADD node_modules/unpipe
226 silly ADD node_modules/universalify
227 silly ADD node_modules/unique-slug
228 silly ADD node_modules/unique-filename
229 silly ADD node_modules/undici-types
230 silly ADD node_modules/ua-parser-js
231 silly ADD node_modules/typescript
232 silly ADD node_modules/type-is
233 silly ADD node_modules/type-fest
234 silly ADD node_modules/tuf-js
235 silly ADD node_modules/tslib
236 silly ADD node_modules/toidentifier
237 silly ADD node_modules/to-regex-range
238 silly ADD node_modules/tmp
239 silly ADD node_modules/tinyglobby
240 silly ADD node_modules/tar
241 silly ADD node_modules/tar/node_modules/yallist
242 silly ADD node_modules/tar/node_modules/mkdirp
243 silly ADD node_modules/tar/node_modules/minizlib
244 silly ADD node_modules/tar/node_modules/minizlib/node_modules/minipass
245 silly ADD node_modules/tar/node_modules/minipass
246 silly ADD node_modules/tar/node_modules/fs-minipass
247 silly ADD node_modules/tar/node_modules/fs-minipass/node_modules/minipass
248 silly ADD node_modules/supports-preserve-symlinks-flag
249 silly ADD node_modules/supports-color
250 silly ADD node_modules/strip-ansi-cjs
251 silly ADD node_modules/strip-ansi-cjs/node_modules/ansi-regex
252 silly ADD node_modules/strip-ansi
253 silly ADD node_modules/string-width-cjs
254 silly ADD node_modules/string-width-cjs/node_modules/strip-ansi
255 silly ADD node_modules/string-width-cjs/node_modules/is-fullwidth-code-point
256 silly ADD node_modules/string-width-cjs/node_modules/emoji-regex
257 silly ADD node_modules/string-width-cjs/node_modules/ansi-regex
258 silly ADD node_modules/string-width
259 silly ADD node_modules/streamroller
260 silly ADD node_modules/stdin-discarder
261 silly ADD node_modules/statuses
262 silly ADD node_modules/ssri
263 silly ADD node_modules/sprintf-js
264 silly ADD node_modules/spdx-license-ids
265 silly ADD node_modules/spdx-expression-parse
266 silly ADD node_modules/spdx-exceptions
267 silly ADD node_modules/spdx-correct
268 silly ADD node_modules/source-map-support
269 silly ADD node_modules/source-map-support/node_modules/source-map
270 silly ADD node_modules/source-map-js
271 silly ADD node_modules/source-map
272 silly ADD node_modules/socks-proxy-agent
273 silly ADD node_modules/socks
274 silly ADD node_modules/socket.io-parser
275 silly ADD node_modules/socket.io-parser/node_modules/debug
276 silly ADD node_modules/socket.io-adapter
277 silly ADD node_modules/socket.io-adapter/node_modules/debug
278 silly ADD node_modules/socket.io
279 silly ADD node_modules/socket.io/node_modules/negotiator
280 silly ADD node_modules/socket.io/node_modules/mime-types
281 silly ADD node_modules/socket.io/node_modules/mime-db
282 silly ADD node_modules/socket.io/node_modules/debug
283 silly ADD node_modules/socket.io/node_modules/accepts
284 silly ADD node_modules/smart-buffer
285 silly ADD node_modules/slice-ansi
286 silly ADD node_modules/sigstore
287 silly ADD node_modules/signal-exit
288 silly ADD node_modules/side-channel-weakmap
289 silly ADD node_modules/side-channel-map
290 silly ADD node_modules/side-channel-list
291 silly ADD node_modules/side-channel
292 silly ADD node_modules/shebang-regex
293 silly ADD node_modules/shebang-command
294 silly ADD node_modules/setprototypeof
295 silly ADD node_modules/serve-static
296 silly ADD node_modules/send
297 silly ADD node_modules/semver
298 silly ADD node_modules/sass
299 silly ADD node_modules/safer-buffer
300 silly ADD node_modules/safe-regex-test
301 silly ADD node_modules/safe-buffer
302 silly ADD node_modules/rxjs
303 silly ADD node_modules/router
304 silly ADD node_modules/rollup
305 silly ADD node_modules/rimraf
306 silly ADD node_modules/rfdc
307 silly ADD node_modules/retry
308 silly ADD node_modules/restore-cursor
309 silly ADD node_modules/resolve
310 silly ADD node_modules/requires-port
311 silly ADD node_modules/require-from-string
312 silly ADD node_modules/require-directory
313 silly ADD node_modules/reflect-metadata
314 silly ADD node_modules/readdirp
315 silly ADD node_modules/raw-body
316 silly ADD node_modules/range-parser
317 silly ADD node_modules/qs
318 silly ADD node_modules/qjobs
319 silly ADD node_modules/punycode
320 silly ADD node_modules/proxy-addr
321 silly ADD node_modules/promise-retry
322 silly ADD node_modules/proc-log
323 silly ADD node_modules/postcss-media-query-parser
324 silly ADD node_modules/postcss
325 silly ADD node_modules/piscina
326 silly ADD node_modules/picomatch
327 silly ADD node_modules/picocolors
328 silly ADD node_modules/path-to-regexp
329 silly ADD node_modules/path-scurry
330 silly ADD node_modules/path-scurry/node_modules/lru-cache
331 silly ADD node_modules/path-parse
332 silly ADD node_modules/path-key
333 silly ADD node_modules/path-is-absolute
334 silly ADD node_modules/parseurl
335 silly ADD node_modules/parse5-sax-parser
336 silly ADD node_modules/parse5-html-rewriting-stream
337 silly ADD node_modules/parse5-html-rewriting-stream/node_modules/entities
338 silly ADD node_modules/parse5
339 silly ADD node_modules/parse5/node_modules/entities
340 silly ADD node_modules/pacote
341 silly ADD node_modules/package-json-from-dist
342 silly ADD node_modules/p-map
343 silly ADD node_modules/os-tmpdir
344 silly ADD node_modules/ordered-binary
345 silly ADD node_modules/ora
346 silly ADD node_modules/onetime
347 silly ADD node_modules/once
348 silly ADD node_modules/on-finished
349 silly ADD node_modules/object-inspect
350 silly ADD node_modules/object-assign
351 silly ADD node_modules/nth-check
352 silly ADD node_modules/npm-registry-fetch
353 silly ADD node_modules/npm-pick-manifest
354 silly ADD node_modules/npm-packlist
355 silly ADD node_modules/npm-package-arg
356 silly ADD node_modules/npm-normalize-package-bin
357 silly ADD node_modules/npm-install-checks
358 silly ADD node_modules/npm-bundled
359 silly ADD node_modules/normalize-path
360 silly ADD node_modules/nopt
361 silly ADD node_modules/node-releases
362 silly ADD node_modules/node-gyp-build-optional-packages
363 silly ADD node_modules/node-gyp
364 silly ADD node_modules/node-gyp/node_modules/yallist
365 silly ADD node_modules/node-gyp/node_modules/which
366 silly ADD node_modules/node-gyp/node_modules/tar
367 silly ADD node_modules/node-gyp/node_modules/mkdirp
368 silly ADD node_modules/node-gyp/node_modules/isexe
369 silly ADD node_modules/node-gyp/node_modules/chownr
370 silly ADD node_modules/node-addon-api
371 silly ADD node_modules/negotiator
372 silly ADD node_modules/nanoid
373 silly ADD node_modules/mute-stream
374 silly ADD node_modules/msgpackr-extract
375 silly ADD node_modules/msgpackr
376 silly ADD node_modules/ms
377 silly ADD node_modules/mrmime
378 silly ADD node_modules/mkdirp
379 silly ADD node_modules/minizlib
380 silly ADD node_modules/minipass-sized
381 silly ADD node_modules/minipass-sized/node_modules/yallist
382 silly ADD node_modules/minipass-sized/node_modules/minipass
383 silly ADD node_modules/minipass-pipeline
384 silly ADD node_modules/minipass-pipeline/node_modules/yallist
385 silly ADD node_modules/minipass-pipeline/node_modules/minipass
386 silly ADD node_modules/minipass-flush
387 silly ADD node_modules/minipass-flush/node_modules/yallist
388 silly ADD node_modules/minipass-flush/node_modules/minipass
389 silly ADD node_modules/minipass-fetch
390 silly ADD node_modules/minipass-collect
391 silly ADD node_modules/minipass
392 silly ADD node_modules/minimist
393 silly ADD node_modules/minimatch
394 silly ADD node_modules/mimic-function
395 silly ADD node_modules/mime-types
396 silly ADD node_modules/mime-db
397 silly ADD node_modules/mime
398 silly ADD node_modules/micromatch
399 silly ADD node_modules/micromatch/node_modules/picomatch
400 silly ADD node_modules/merge-descriptors
401 silly ADD node_modules/media-typer
402 silly ADD node_modules/math-intrinsics
403 silly ADD node_modules/make-fetch-happen
404 silly ADD node_modules/make-dir
405 silly ADD node_modules/magic-string
406 silly ADD node_modules/lru-cache
407 silly ADD node_modules/log4js
408 silly ADD node_modules/log-update
409 silly ADD node_modules/log-update/node_modules/wrap-ansi
410 silly ADD node_modules/log-update/node_modules/slice-ansi
411 silly ADD node_modules/log-update/node_modules/is-fullwidth-code-point
412 silly ADD node_modules/log-update/node_modules/ansi-escapes
413 silly ADD node_modules/log-symbols
414 silly ADD node_modules/log-symbols/node_modules/is-unicode-supported
415 silly ADD node_modules/lodash
416 silly ADD node_modules/lmdb
417 silly ADD node_modules/listr2
418 silly ADD node_modules/listr2/node_modules/wrap-ansi
419 silly ADD node_modules/listr2/node_modules/eventemitter3
420 silly ADD node_modules/karma-jasmine-html-reporter
421 silly ADD node_modules/karma-jasmine
422 silly ADD node_modules/karma-jasmine/node_modules/jasmine-core
423 silly ADD node_modules/karma-coverage
424 silly ADD node_modules/karma-coverage/node_modules/semver
425 silly ADD node_modules/karma-coverage/node_modules/istanbul-lib-instrument
426 silly ADD node_modules/karma-chrome-launcher
427 silly ADD node_modules/karma
428 silly ADD node_modules/karma/node_modules/yargs-parser
429 silly ADD node_modules/karma/node_modules/yargs
430 silly ADD node_modules/karma/node_modules/wrap-ansi
431 silly ADD node_modules/karma/node_modules/type-is
432 silly ADD node_modules/karma/node_modules/tmp
433 silly ADD node_modules/karma/node_modules/strip-ansi
434 silly ADD node_modules/karma/node_modules/string-width
435 silly ADD node_modules/karma/node_modules/source-map
436 silly ADD node_modules/karma/node_modules/readdirp
437 silly ADD node_modules/karma/node_modules/raw-body
438 silly ADD node_modules/karma/node_modules/qs
439 silly ADD node_modules/karma/node_modules/picomatch
440 silly ADD node_modules/karma/node_modules/ms
441 silly ADD node_modules/karma/node_modules/mime-types
442 silly ADD node_modules/karma/node_modules/mime-db
443 silly ADD node_modules/karma/node_modules/media-typer
444 silly ADD node_modules/karma/node_modules/is-fullwidth-code-point
445 silly ADD node_modules/karma/node_modules/iconv-lite
446 silly ADD node_modules/karma/node_modules/emoji-regex
447 silly ADD node_modules/karma/node_modules/debug
448 silly ADD node_modules/karma/node_modules/cliui
449 silly ADD node_modules/karma/node_modules/chokidar
450 silly ADD node_modules/karma/node_modules/body-parser
451 silly ADD node_modules/karma/node_modules/ansi-styles
452 silly ADD node_modules/karma/node_modules/ansi-regex
453 silly ADD node_modules/jsonparse
454 silly ADD node_modules/jsonfile
455 silly ADD node_modules/jsonc-parser
456 silly ADD node_modules/json5
457 silly ADD node_modules/json-schema-traverse
458 silly ADD node_modules/json-parse-even-better-errors
459 silly ADD node_modules/jsesc
460 silly ADD node_modules/jsbn
461 silly ADD node_modules/js-tokens
462 silly ADD node_modules/jasmine-core
463 silly ADD node_modules/jackspeak
464 silly ADD node_modules/istanbul-reports
465 silly ADD node_modules/istanbul-lib-source-maps
466 silly ADD node_modules/istanbul-lib-source-maps/node_modules/source-map
467 silly ADD node_modules/istanbul-lib-report
468 silly ADD node_modules/istanbul-lib-instrument
469 silly ADD node_modules/istanbul-lib-coverage
470 silly ADD node_modules/isexe
471 silly ADD node_modules/isbinaryfile
472 silly ADD node_modules/is-unicode-supported
473 silly ADD node_modules/is-regex
474 silly ADD node_modules/is-promise
475 silly ADD node_modules/is-number
476 silly ADD node_modules/is-interactive
477 silly ADD node_modules/is-glob
478 silly ADD node_modules/is-fullwidth-code-point
479 silly ADD node_modules/is-extglob
480 silly ADD node_modules/is-core-module
481 silly ADD node_modules/is-binary-path
482 silly ADD node_modules/ipaddr.js
483 silly ADD node_modules/ip-address
484 silly ADD node_modules/ini
485 silly ADD node_modules/inherits
486 silly ADD node_modules/inflight
487 silly ADD node_modules/imurmurhash
488 silly ADD node_modules/immutable
489 silly ADD node_modules/ignore-walk
490 silly ADD node_modules/ignore-walk/node_modules/minimatch
491 silly ADD node_modules/ignore-walk/node_modules/brace-expansion
492 silly ADD node_modules/iconv-lite
493 silly ADD node_modules/https-proxy-agent
494 silly ADD node_modules/http-proxy-agent
495 silly ADD node_modules/http-proxy
496 silly ADD node_modules/http-errors
497 silly ADD node_modules/http-cache-semantics
498 silly ADD node_modules/htmlparser2
499 silly ADD node_modules/htmlparser2/node_modules/entities
500 silly ADD node_modules/html-escaper
501 silly ADD node_modules/hosted-git-info
502 silly ADD node_modules/hosted-git-info/node_modules/lru-cache
503 silly ADD node_modules/hasown
504 silly ADD node_modules/has-tostringtag
505 silly ADD node_modules/has-symbols
506 silly ADD node_modules/has-flag
507 silly ADD node_modules/graceful-fs
508 silly ADD node_modules/gopd
509 silly ADD node_modules/globals
510 silly ADD node_modules/glob-to-regexp
511 silly ADD node_modules/glob-parent
512 silly ADD node_modules/glob
513 silly ADD node_modules/get-proto
514 silly ADD node_modules/get-intrinsic
515 silly ADD node_modules/get-east-asian-width
516 silly ADD node_modules/get-caller-file
517 silly ADD node_modules/gensync
518 silly ADD node_modules/function-bind
519 silly ADD
520 silly ADD node_modules/fs.realpath
521 silly ADD node_modules/fs-minipass
522 silly ADD node_modules/fs-extra
523 silly ADD node_modules/fresh
524 silly ADD node_modules/forwarded
525 silly ADD node_modules/foreground-child
526 silly ADD node_modules/follow-redirects
527 silly ADD node_modules/flatted
528 silly ADD node_modules/finalhandler
529 silly ADD node_modules/fill-range
530 silly ADD node_modules/fdir
531 silly ADD node_modules/fast-uri
532 silly ADD node_modules/fast-deep-equal
533 silly ADD node_modules/external-editor
534 silly ADD node_modules/external-editor/node_modules/iconv-lite
535 silly ADD node_modules/extend
536 silly ADD node_modules/express
537 silly ADD node_modules/exponential-backoff
538 silly ADD node_modules/eventemitter3
539 silly ADD node_modules/etag
540 silly ADD node_modules/escape-html
541 silly ADD node_modules/escalade
542 silly ADD node_modules/esbuild
543 silly ADD node_modules/es-object-atoms
544 silly ADD node_modules/es-errors
545 silly ADD node_modules/es-define-property
546 silly ADD node_modules/err-code
547 silly ADD node_modules/environment
548 silly ADD node_modules/env-paths
549 silly ADD node_modules/entities
550 silly ADD node_modules/ent
551 silly ADD node_modules/engine.io-parser
552 silly ADD node_modules/engine.io
553 silly ADD node_modules/engine.io/node_modules/negotiator
554 silly ADD node_modules/engine.io/node_modules/mime-types
555 silly ADD node_modules/engine.io/node_modules/mime-db
556 silly ADD node_modules/engine.io/node_modules/debug
557 silly ADD node_modules/engine.io/node_modules/accepts
558 silly ADD node_modules/encoding
559 silly ADD node_modules/encodeurl
560 silly ADD node_modules/emoji-regex
561 silly ADD node_modules/electron-to-chromium
562 silly ADD node_modules/ee-first
563 silly ADD node_modules/eastasianwidth
564 silly ADD node_modules/dunder-proto
565 silly ADD node_modules/domutils
566 silly ADD node_modules/domhandler
567 silly ADD node_modules/domelementtype
568 silly ADD node_modules/dom-serializer
569 silly ADD node_modules/dom-serialize
570 silly ADD node_modules/di
571 silly ADD node_modules/detect-libc
572 silly ADD node_modules/destroy
573 silly ADD node_modules/depd
574 silly ADD node_modules/debug
575 silly ADD node_modules/date-format
576 silly ADD node_modules/custom-event
577 silly ADD node_modules/css-what
578 silly ADD node_modules/css-select
579 silly ADD node_modules/cross-spawn
580 silly ADD node_modules/cross-spawn/node_modules/which
581 silly ADD node_modules/cors
582 silly ADD node_modules/cookie-signature
583 silly ADD node_modules/cookie
584 silly ADD node_modules/convert-source-map
585 silly ADD node_modules/content-type
586 silly ADD node_modules/content-disposition
587 silly ADD node_modules/connect
588 silly ADD node_modules/connect/node_modules/statuses
589 silly ADD node_modules/connect/node_modules/on-finished
590 silly ADD node_modules/connect/node_modules/ms
591 silly ADD node_modules/connect/node_modules/finalhandler
592 silly ADD node_modules/connect/node_modules/encodeurl
593 silly ADD node_modules/connect/node_modules/debug
594 silly ADD node_modules/concat-map
595 silly ADD node_modules/colorette
596 silly ADD node_modules/color-name
597 silly ADD node_modules/color-convert
598 silly ADD node_modules/cliui
599 silly ADD node_modules/cliui/node_modules/wrap-ansi
600 silly ADD node_modules/cliui/node_modules/strip-ansi
601 silly ADD node_modules/cliui/node_modules/string-width
602 silly ADD node_modules/cliui/node_modules/is-fullwidth-code-point
603 silly ADD node_modules/cliui/node_modules/emoji-regex
604 silly ADD node_modules/cliui/node_modules/ansi-styles
605 silly ADD node_modules/cliui/node_modules/ansi-regex
606 silly ADD node_modules/cli-width
607 silly ADD node_modules/cli-truncate
608 silly ADD node_modules/cli-spinners
609 silly ADD node_modules/cli-cursor
610 silly ADD node_modules/chownr
611 silly ADD node_modules/chokidar
612 silly ADD node_modules/chardet
613 silly ADD node_modules/chalk
614 silly ADD node_modules/caniuse-lite
615 silly ADD node_modules/call-bound
616 silly ADD node_modules/call-bind-apply-helpers
617 silly ADD node_modules/cacache
618 silly ADD node_modules/cacache/node_modules/yallist
619 silly ADD node_modules/cacache/node_modules/tar
620 silly ADD node_modules/cacache/node_modules/mkdirp
621 silly ADD node_modules/cacache/node_modules/minimatch
622 silly ADD node_modules/cacache/node_modules/lru-cache
623 silly ADD node_modules/cacache/node_modules/glob
624 silly ADD node_modules/cacache/node_modules/chownr
625 silly ADD node_modules/cacache/node_modules/brace-expansion
626 silly ADD node_modules/bytes
627 silly ADD node_modules/buffer-from
628 silly ADD node_modules/browserslist
629 silly ADD node_modules/braces
630 silly ADD node_modules/brace-expansion
631 silly ADD node_modules/boolbase
632 silly ADD node_modules/body-parser
633 silly ADD node_modules/binary-extensions
634 silly ADD node_modules/beasties
635 silly ADD node_modules/base64id
636 silly ADD node_modules/balanced-match
637 silly ADD node_modules/anymatch
638 silly ADD node_modules/anymatch/node_modules/picomatch
639 silly ADD node_modules/ansi-styles
640 silly ADD node_modules/ansi-regex
641 silly ADD node_modules/ansi-escapes
642 silly ADD node_modules/ajv-formats
643 silly ADD node_modules/ajv
644 silly ADD node_modules/agent-base
645 silly ADD node_modules/accepts
646 silly ADD node_modules/abbrev
647 silly ADD node_modules/@yarnpkg/lockfile
648 silly ADD node_modules/@vitejs/plugin-basic-ssl
649 silly ADD node_modules/@types/serve-static
650 silly ADD node_modules/@types/send
651 silly ADD node_modules/@types/range-parser
652 silly ADD node_modules/@types/qs
653 silly ADD node_modules/@types/node
654 silly ADD node_modules/@types/mime
655 silly ADD node_modules/@types/jasmine
656 silly ADD node_modules/@types/http-errors
657 silly ADD node_modules/@types/express-serve-static-core
658 silly ADD node_modules/@types/express
659 silly ADD node_modules/@types/estree
660 silly ADD node_modules/@types/cors
661 silly ADD node_modules/@types/connect
662 silly ADD node_modules/@types/body-parser
663 silly ADD node_modules/@tufjs/models
664 silly ADD node_modules/@tufjs/models/node_modules/minimatch
665 silly ADD node_modules/@tufjs/models/node_modules/brace-expansion
666 silly ADD node_modules/@tufjs/canonical-json
667 silly ADD node_modules/@socket.io/component-emitter
668 silly ADD node_modules/@sigstore/verify
669 silly ADD node_modules/@sigstore/tuf
670 silly ADD node_modules/@sigstore/sign
671 silly ADD node_modules/@sigstore/protobuf-specs
672 silly ADD node_modules/@sigstore/core
673 silly ADD node_modules/@sigstore/bundle
674 silly ADD node_modules/@schematics/angular
675 silly ADD
676 silly ADD
677 silly ADD
678 silly ADD node_modules/@rollup/rollup-linux-x64-musl
679 silly ADD node_modules/@rollup/rollup-linux-x64-gnu
680 silly ADD
681 silly ADD
682 silly ADD
683 silly ADD
684 silly ADD
685 silly ADD
686 silly ADD
687 silly ADD
688 silly ADD
689 silly ADD
690 silly ADD
691 silly ADD
692 silly ADD
693 silly ADD
694 silly ADD
695 silly ADD node_modules/@pkgjs/parseargs
696 silly ADD
697 silly ADD
698 silly ADD
699 silly ADD node_modules/@parcel/watcher-linux-x64-musl
700 silly ADD node_modules/@parcel/watcher-linux-x64-glibc
701 silly ADD
702 silly ADD
703 silly ADD
704 silly ADD
705 silly ADD
706 silly ADD
707 silly ADD
708 silly ADD
709 silly ADD node_modules/@parcel/watcher
710 silly ADD node_modules/@parcel/watcher/node_modules/node-addon-api
711 silly ADD node_modules/@parcel/watcher/node_modules/detect-libc
712 silly ADD node_modules/@npmcli/run-script
713 silly ADD node_modules/@npmcli/run-script/node_modules/which
714 silly ADD node_modules/@npmcli/run-script/node_modules/isexe
715 silly ADD node_modules/@npmcli/redact
716 silly ADD node_modules/@npmcli/promise-spawn
717 silly ADD node_modules/@npmcli/promise-spawn/node_modules/which
718 silly ADD node_modules/@npmcli/promise-spawn/node_modules/isexe
719 silly ADD node_modules/@npmcli/package-json
720 silly ADD node_modules/@npmcli/package-json/node_modules/minimatch
721 silly ADD node_modules/@npmcli/package-json/node_modules/glob
722 silly ADD node_modules/@npmcli/package-json/node_modules/brace-expansion
723 silly ADD node_modules/@npmcli/node-gyp
724 silly ADD node_modules/@npmcli/installed-package-contents
725 silly ADD node_modules/@npmcli/git
726 silly ADD node_modules/@npmcli/git/node_modules/which
727 silly ADD node_modules/@npmcli/git/node_modules/lru-cache
728 silly ADD node_modules/@npmcli/git/node_modules/isexe
729 silly ADD node_modules/@npmcli/fs
730 silly ADD node_modules/@npmcli/agent
731 silly ADD node_modules/@npmcli/agent/node_modules/lru-cache
732 silly ADD
733 silly ADD
734 silly ADD
735 silly ADD node_modules/@napi-rs/nice-linux-x64-musl
736 silly ADD node_modules/@napi-rs/nice-linux-x64-gnu
737 silly ADD
738 silly ADD
739 silly ADD
740 silly ADD
741 silly ADD
742 silly ADD
743 silly ADD
744 silly ADD
745 silly ADD
746 silly ADD
747 silly ADD
748 silly ADD node_modules/@napi-rs/nice
749 silly ADD
750 silly ADD node_modules/@msgpackr-extract/msgpackr-extract-linux-x64
751 silly ADD
752 silly ADD
753 silly ADD
754 silly ADD
755 silly ADD
756 silly ADD
757 silly ADD node_modules/@lmdb/lmdb-linux-x64
758 silly ADD
759 silly ADD
760 silly ADD
761 silly ADD
762 silly ADD node_modules/@listr2/prompt-adapter-inquirer
763 silly ADD node_modules/@listr2/prompt-adapter-inquirer/node_modules/mute-stream
764 silly ADD node_modules/@listr2/prompt-adapter-inquirer/node_modules/@inquirer/type
765 silly ADD node_modules/@jridgewell/trace-mapping
766 silly ADD node_modules/@jridgewell/sourcemap-codec
767 silly ADD node_modules/@jridgewell/set-array
768 silly ADD node_modules/@jridgewell/resolve-uri
769 silly ADD node_modules/@jridgewell/gen-mapping
770 silly ADD node_modules/@istanbuljs/schema
771 silly ADD node_modules/@isaacs/fs-minipass
772 silly ADD node_modules/@isaacs/cliui
773 silly ADD node_modules/@isaacs/cliui/node_modules/wrap-ansi
774 silly ADD node_modules/@isaacs/cliui/node_modules/string-width
775 silly ADD node_modules/@isaacs/cliui/node_modules/emoji-regex
776 silly ADD node_modules/@inquirer/type
777 silly ADD node_modules/@inquirer/select
778 silly ADD node_modules/@inquirer/search
779 silly ADD node_modules/@inquirer/rawlist
780 silly ADD node_modules/@inquirer/prompts
781 silly ADD node_modules/@inquirer/password
782 silly ADD node_modules/@inquirer/number
783 silly ADD node_modules/@inquirer/input
784 silly ADD node_modules/@inquirer/figures
785 silly ADD node_modules/@inquirer/expand
786 silly ADD node_modules/@inquirer/editor
787 silly ADD node_modules/@inquirer/core
788 silly ADD node_modules/@inquirer/confirm
789 silly ADD node_modules/@inquirer/checkbox
790 silly ADD
791 silly ADD
792 silly ADD
793 silly ADD
794 silly ADD
795 silly ADD
796 silly ADD
797 silly ADD
798 silly ADD node_modules/@esbuild/linux-x64
799 silly ADD
800 silly ADD
801 silly ADD
802 silly ADD
803 silly ADD
804 silly ADD
805 silly ADD
806 silly ADD
807 silly ADD
808 silly ADD
809 silly ADD
810 silly ADD
811 silly ADD
812 silly ADD
813 silly ADD
814 silly ADD
815 silly ADD node_modules/@colors/colors
816 silly ADD node_modules/@babel/types
817 silly ADD node_modules/@babel/traverse
818 silly ADD node_modules/@babel/template
819 silly ADD node_modules/@babel/parser
820 silly ADD node_modules/@babel/helpers
821 silly ADD node_modules/@babel/helper-validator-option
822 silly ADD node_modules/@babel/helper-validator-identifier
823 silly ADD node_modules/@babel/helper-string-parser
824 silly ADD node_modules/@babel/helper-split-export-declaration
825 silly ADD node_modules/@babel/helper-module-transforms
826 silly ADD node_modules/@babel/helper-module-imports
827 silly ADD node_modules/@babel/helper-compilation-targets
828 silly ADD node_modules/@babel/helper-compilation-targets/node_modules/semver
829 silly ADD node_modules/@babel/helper-annotate-as-pure
830 silly ADD node_modules/@babel/generator
831 silly ADD node_modules/@babel/core
832 silly ADD node_modules/@babel/core/node_modules/semver
833 silly ADD node_modules/@babel/core/node_modules/convert-source-map
834 silly ADD node_modules/@babel/compat-data
835 silly ADD node_modules/@babel/code-frame
836 silly ADD node_modules/@angular/ssr
837 silly ADD node_modules/@angular/router
838 silly ADD node_modules/@angular/platform-server
839 silly ADD node_modules/@angular/platform-browser
840 silly ADD node_modules/@angular/material
841 silly ADD node_modules/@angular/forms
842 silly ADD node_modules/@angular/core
843 silly ADD node_modules/@angular/compiler-cli
844 silly ADD node_modules/@angular/compiler
845 silly ADD node_modules/@angular/common
846 silly ADD node_modules/@angular/cli
847 silly ADD node_modules/@angular/cdk
848 silly ADD node_modules/@angular/build
849 silly ADD node_modules/@angular-devkit/schematics
850 silly ADD node_modules/@angular-devkit/core
851 silly ADD node_modules/@angular-devkit/architect
852 silly ADD node_modules/@ampproject/remapping
853 verbose cwd /home/ec2-user/Ferremas/backend/ev2/Ferremas/frontend
854 verbose os Linux 6.1.134-152.225.amzn2023.x86_64
855 verbose node v20.19.2
856 verbose npm  v10.8.2
857 verbose exit 0
858 info ok
