0 verbose cli /home/ec2-user/.nvm/versions/node/v20.19.2/bin/node /home/ec2-user/.nvm/versions/node/v20.19.2/bin/npm
1 info using npm@10.8.2
2 info using node@v20.19.2
3 silly config load:file:/home/ec2-user/.nvm/versions/node/v20.19.2/lib/node_modules/npm/npmrc
4 silly config load:file:/home/ec2-user/frontend/.npmrc
5 silly config load:file:/home/ec2-user/.npmrc
6 silly config load:file:/home/ec2-user/.nvm/versions/node/v20.19.2/etc/npmrc
7 verbose title npm install
8 verbose argv "install"
9 verbose logfile logs-max:10 dir:/home/ec2-user/.npm/_logs/2025-06-09T20_40_14_894Z-
10 verbose logfile /home/ec2-user/.npm/_logs/2025-06-09T20_40_14_894Z-debug-0.log
11 silly packumentCache heap:510394368 maxSize:127598592 maxEntrySize:63799296
12 silly logfile start cleaning logs, removing 2 files
13 silly logfile done cleaning log files
14 silly idealTree buildDeps
15 silly reify moves {}
16 silly audit bulk request {
16 silly audit   '@ampproject/remapping': [ '2.3.0' ],
16 silly audit   '@angular-devkit/architect': [ '0.2000.0' ],
16 silly audit   '@angular-devkit/core': [ '20.0.0' ],
16 silly audit   '@angular-devkit/schematics': [ '20.0.0' ],
16 silly audit   '@angular/build': [ '20.0.0' ],
16 silly audit   '@angular/cdk': [ '20.0.1' ],
16 silly audit   '@angular/cli': [ '20.0.0' ],
16 silly audit   '@angular/common': [ '20.0.0' ],
16 silly audit   '@angular/compiler': [ '20.0.0' ],
16 silly audit   '@angular/compiler-cli': [ '20.0.0' ],
16 silly audit   '@angular/core': [ '20.0.0' ],
16 silly audit   '@angular/forms': [ '20.0.0' ],
16 silly audit   '@angular/material': [ '20.0.1' ],
16 silly audit   '@angular/platform-browser': [ '20.0.0' ],
16 silly audit   '@angular/platform-server': [ '20.0.0' ],
16 silly audit   '@angular/router': [ '20.0.0' ],
16 silly audit   '@angular/ssr': [ '20.0.0' ],
16 silly audit   '@babel/code-frame': [ '7.27.1' ],
16 silly audit   '@babel/compat-data': [ '7.27.3' ],
16 silly audit   '@babel/core': [ '7.27.1' ],
16 silly audit   'convert-source-map': [ '2.0.0', '1.9.0' ],
16 silly audit   semver: [ '6.3.1', '7.7.2' ],
16 silly audit   '@babel/generator': [ '7.27.3' ],
16 silly audit   '@babel/helper-annotate-as-pure': [ '7.27.1' ],
16 silly audit   '@babel/helper-compilation-targets': [ '7.27.2' ],
16 silly audit   '@babel/helper-module-imports': [ '7.27.1' ],
16 silly audit   '@babel/helper-module-transforms': [ '7.27.3' ],
16 silly audit   '@babel/helper-split-export-declaration': [ '7.24.7' ],
16 silly audit   '@babel/helper-string-parser': [ '7.27.1' ],
16 silly audit   '@babel/helper-validator-identifier': [ '7.27.1' ],
16 silly audit   '@babel/helper-validator-option': [ '7.27.1' ],
16 silly audit   '@babel/helpers': [ '7.27.4' ],
16 silly audit   '@babel/parser': [ '7.27.4' ],
16 silly audit   '@babel/template': [ '7.27.2' ],
16 silly audit   '@babel/traverse': [ '7.27.4' ],
16 silly audit   '@babel/types': [ '7.27.3' ],
16 silly audit   '@colors/colors': [ '1.5.0' ],
16 silly audit   '@esbuild/aix-ppc64': [ '0.25.5' ],
16 silly audit   '@esbuild/android-arm': [ '0.25.5' ],
16 silly audit   '@esbuild/android-arm64': [ '0.25.5' ],
16 silly audit   '@esbuild/android-x64': [ '0.25.5' ],
16 silly audit   '@esbuild/darwin-arm64': [ '0.25.5' ],
16 silly audit   '@esbuild/darwin-x64': [ '0.25.5' ],
16 silly audit   '@esbuild/freebsd-arm64': [ '0.25.5' ],
16 silly audit   '@esbuild/freebsd-x64': [ '0.25.5' ],
16 silly audit   '@esbuild/linux-arm': [ '0.25.5' ],
16 silly audit   '@esbuild/linux-arm64': [ '0.25.5' ],
16 silly audit   '@esbuild/linux-ia32': [ '0.25.5' ],
16 silly audit   '@esbuild/linux-loong64': [ '0.25.5' ],
16 silly audit   '@esbuild/linux-mips64el': [ '0.25.5' ],
16 silly audit   '@esbuild/linux-ppc64': [ '0.25.5' ],
16 silly audit   '@esbuild/linux-riscv64': [ '0.25.5' ],
16 silly audit   '@esbuild/linux-s390x': [ '0.25.5' ],
16 silly audit   '@esbuild/linux-x64': [ '0.25.5' ],
16 silly audit   '@esbuild/netbsd-arm64': [ '0.25.5' ],
16 silly audit   '@esbuild/netbsd-x64': [ '0.25.5' ],
16 silly audit   '@esbuild/openbsd-arm64': [ '0.25.5' ],
16 silly audit   '@esbuild/openbsd-x64': [ '0.25.5' ],
16 silly audit   '@esbuild/sunos-x64': [ '0.25.5' ],
16 silly audit   '@esbuild/win32-arm64': [ '0.25.5' ],
16 silly audit   '@esbuild/win32-ia32': [ '0.25.5' ],
16 silly audit   '@esbuild/win32-x64': [ '0.25.5' ],
16 silly audit   '@inquirer/checkbox': [ '4.1.8' ],
16 silly audit   '@inquirer/confirm': [ '5.1.10' ],
16 silly audit   '@inquirer/core': [ '10.1.13' ],
16 silly audit   '@inquirer/editor': [ '4.2.13' ],
16 silly audit   '@inquirer/expand': [ '4.0.15' ],
16 silly audit   '@inquirer/figures': [ '1.0.12' ],
16 silly audit   '@inquirer/input': [ '4.1.12' ],
16 silly audit   '@inquirer/number': [ '3.0.15' ],
16 silly audit   '@inquirer/password': [ '4.0.15' ],
16 silly audit   '@inquirer/prompts': [ '7.5.1' ],
16 silly audit   '@inquirer/rawlist': [ '4.1.3' ],
16 silly audit   '@inquirer/search': [ '3.0.15' ],
16 silly audit   '@inquirer/select': [ '4.2.3' ],
16 silly audit   '@inquirer/type': [ '3.0.7', '1.5.5' ],
16 silly audit   '@isaacs/cliui': [ '8.0.2' ],
16 silly audit   'emoji-regex': [ '9.2.2', '8.0.0', '10.4.0' ],
16 silly audit   'string-width': [ '5.1.2', '4.2.3', '7.2.0' ],
16 silly audit   'wrap-ansi': [ '8.1.0', '7.0.0', '9.0.0', '6.2.0' ],
16 silly audit   '@isaacs/fs-minipass': [ '4.0.1' ],
16 silly audit   '@istanbuljs/schema': [ '0.1.3' ],
16 silly audit   '@jridgewell/gen-mapping': [ '0.3.8' ],
16 silly audit   '@jridgewell/resolve-uri': [ '3.1.2' ],
16 silly audit   '@jridgewell/set-array': [ '1.2.1' ],
16 silly audit   '@jridgewell/sourcemap-codec': [ '1.5.0' ],
16 silly audit   '@jridgewell/trace-mapping': [ '0.3.25' ],
16 silly audit   '@listr2/prompt-adapter-inquirer': [ '2.0.22' ],
16 silly audit   'mute-stream': [ '1.0.0', '2.0.0' ],
16 silly audit   '@lmdb/lmdb-darwin-arm64': [ '3.3.0' ],
16 silly audit   '@lmdb/lmdb-darwin-x64': [ '3.3.0' ],
16 silly audit   '@lmdb/lmdb-linux-arm': [ '3.3.0' ],
16 silly audit   '@lmdb/lmdb-linux-arm64': [ '3.3.0' ],
16 silly audit   '@lmdb/lmdb-linux-x64': [ '3.3.0' ],
16 silly audit   '@lmdb/lmdb-win32-arm64': [ '3.3.0' ],
16 silly audit   '@lmdb/lmdb-win32-x64': [ '3.3.0' ],
16 silly audit   '@msgpackr-extract/msgpackr-extract-darwin-arm64': [ '3.0.3' ],
16 silly audit   '@msgpackr-extract/msgpackr-extract-darwin-x64': [ '3.0.3' ],
16 silly audit   '@msgpackr-extract/msgpackr-extract-linux-arm': [ '3.0.3' ],
16 silly audit   '@msgpackr-extract/msgpackr-extract-linux-arm64': [ '3.0.3' ],
16 silly audit   '@msgpackr-extract/msgpackr-extract-linux-x64': [ '3.0.3' ],
16 silly audit   '@msgpackr-extract/msgpackr-extract-win32-x64': [ '3.0.3' ],
16 silly audit   '@napi-rs/nice': [ '1.0.1' ],
16 silly audit   '@napi-rs/nice-android-arm-eabi': [ '1.0.1' ],
16 silly audit   '@napi-rs/nice-android-arm64': [ '1.0.1' ],
16 silly audit   '@napi-rs/nice-darwin-arm64': [ '1.0.1' ],
16 silly audit   '@napi-rs/nice-darwin-x64': [ '1.0.1' ],
16 silly audit   '@napi-rs/nice-freebsd-x64': [ '1.0.1' ],
16 silly audit   '@napi-rs/nice-linux-arm-gnueabihf': [ '1.0.1' ],
16 silly audit   '@napi-rs/nice-linux-arm64-gnu': [ '1.0.1' ],
16 silly audit   '@napi-rs/nice-linux-arm64-musl': [ '1.0.1' ],
16 silly audit   '@napi-rs/nice-linux-ppc64-gnu': [ '1.0.1' ],
16 silly audit   '@napi-rs/nice-linux-riscv64-gnu': [ '1.0.1' ],
16 silly audit   '@napi-rs/nice-linux-s390x-gnu': [ '1.0.1' ],
16 silly audit   '@napi-rs/nice-linux-x64-gnu': [ '1.0.1' ],
16 silly audit   '@napi-rs/nice-linux-x64-musl': [ '1.0.1' ],
16 silly audit   '@napi-rs/nice-win32-arm64-msvc': [ '1.0.1' ],
16 silly audit   '@napi-rs/nice-win32-ia32-msvc': [ '1.0.1' ],
16 silly audit   '@napi-rs/nice-win32-x64-msvc': [ '1.0.1' ],
16 silly audit   '@npmcli/agent': [ '3.0.0' ],
16 silly audit   'lru-cache': [ '10.4.3', '5.1.1' ],
16 silly audit   '@npmcli/fs': [ '4.0.0' ],
16 silly audit   '@npmcli/git': [ '6.0.3' ],
16 silly audit   isexe: [ '3.1.1', '2.0.0' ],
16 silly audit   which: [ '5.0.0', '2.0.2', '1.3.1' ],
16 silly audit   '@npmcli/installed-package-contents': [ '3.0.0' ],
16 silly audit   '@npmcli/node-gyp': [ '4.0.0' ],
16 silly audit   '@npmcli/package-json': [ '6.2.0' ],
16 silly audit   'brace-expansion': [ '2.0.1', '1.1.11' ],
16 silly audit   glob: [ '10.4.5', '7.2.3' ],
16 silly audit   minimatch: [ '9.0.5', '3.1.2' ],
16 silly audit   '@npmcli/promise-spawn': [ '8.0.2' ],
16 silly audit   '@npmcli/redact': [ '3.2.2' ],
16 silly audit   '@npmcli/run-script': [ '9.1.0' ],
16 silly audit   '@parcel/watcher': [ '2.5.1' ],
16 silly audit   '@parcel/watcher-android-arm64': [ '2.5.1' ],
16 silly audit   '@parcel/watcher-darwin-arm64': [ '2.5.1' ],
16 silly audit   '@parcel/watcher-darwin-x64': [ '2.5.1' ],
16 silly audit   '@parcel/watcher-freebsd-x64': [ '2.5.1' ],
16 silly audit   '@parcel/watcher-linux-arm-glibc': [ '2.5.1' ],
16 silly audit   '@parcel/watcher-linux-arm-musl': [ '2.5.1' ],
16 silly audit   '@parcel/watcher-linux-arm64-glibc': [ '2.5.1' ],
16 silly audit   '@parcel/watcher-linux-arm64-musl': [ '2.5.1' ],
16 silly audit   '@parcel/watcher-linux-x64-glibc': [ '2.5.1' ],
16 silly audit   '@parcel/watcher-linux-x64-musl': [ '2.5.1' ],
16 silly audit   '@parcel/watcher-win32-arm64': [ '2.5.1' ],
16 silly audit   '@parcel/watcher-win32-ia32': [ '2.5.1' ],
16 silly audit   '@parcel/watcher-win32-x64': [ '2.5.1' ],
16 silly audit   'detect-libc': [ '1.0.3', '2.0.4' ],
16 silly audit   'node-addon-api': [ '7.1.1', '6.1.0' ],
16 silly audit   '@pkgjs/parseargs': [ '0.11.0' ],
16 silly audit   '@rollup/rollup-android-arm-eabi': [ '4.40.2' ],
16 silly audit   '@rollup/rollup-android-arm64': [ '4.40.2' ],
16 silly audit   '@rollup/rollup-darwin-arm64': [ '4.40.2' ],
16 silly audit   '@rollup/rollup-darwin-x64': [ '4.40.2' ],
16 silly audit   '@rollup/rollup-freebsd-arm64': [ '4.40.2' ],
16 silly audit   '@rollup/rollup-freebsd-x64': [ '4.40.2' ],
16 silly audit   '@rollup/rollup-linux-arm-gnueabihf': [ '4.40.2' ],
16 silly audit   '@rollup/rollup-linux-arm-musleabihf': [ '4.40.2' ],
16 silly audit   '@rollup/rollup-linux-arm64-gnu': [ '4.40.2' ],
16 silly audit   '@rollup/rollup-linux-arm64-musl': [ '4.40.2' ],
16 silly audit   '@rollup/rollup-linux-loongarch64-gnu': [ '4.40.2' ],
16 silly audit   '@rollup/rollup-linux-powerpc64le-gnu': [ '4.40.2' ],
16 silly audit   '@rollup/rollup-linux-riscv64-gnu': [ '4.40.2' ],
16 silly audit   '@rollup/rollup-linux-riscv64-musl': [ '4.40.2' ],
16 silly audit   '@rollup/rollup-linux-s390x-gnu': [ '4.40.2' ],
16 silly audit   '@rollup/rollup-linux-x64-gnu': [ '4.40.2' ],
16 silly audit   '@rollup/rollup-linux-x64-musl': [ '4.40.2' ],
16 silly audit   '@rollup/rollup-win32-arm64-msvc': [ '4.40.2' ],
16 silly audit   '@rollup/rollup-win32-ia32-msvc': [ '4.40.2' ],
16 silly audit   '@rollup/rollup-win32-x64-msvc': [ '4.40.2' ],
16 silly audit   '@schematics/angular': [ '20.0.0' ],
16 silly audit   '@sigstore/bundle': [ '3.1.0' ],
16 silly audit   '@sigstore/core': [ '2.0.0' ],
16 silly audit   '@sigstore/protobuf-specs': [ '0.4.2' ],
16 silly audit   '@sigstore/sign': [ '3.1.0' ],
16 silly audit   '@sigstore/tuf': [ '3.1.1' ],
16 silly audit   '@sigstore/verify': [ '2.1.1' ],
16 silly audit   '@socket.io/component-emitter': [ '3.1.2' ],
16 silly audit   '@tufjs/canonical-json': [ '2.0.0' ],
16 silly audit   '@tufjs/models': [ '3.0.1' ],
16 silly audit   '@types/body-parser': [ '1.19.5' ],
16 silly audit   '@types/connect': [ '3.4.38' ],
16 silly audit   '@types/cors': [ '2.8.18' ],
16 silly audit   '@types/estree': [ '1.0.7' ],
16 silly audit   '@types/express': [ '5.0.2' ],
16 silly audit   '@types/express-serve-static-core': [ '5.0.6' ],
16 silly audit   '@types/http-errors': [ '2.0.4' ],
16 silly audit   '@types/jasmine': [ '5.1.8' ],
16 silly audit   '@types/mime': [ '1.3.5' ],
16 silly audit   '@types/node': [ '20.17.57' ],
16 silly audit   '@types/qs': [ '6.14.0' ],
16 silly audit   '@types/range-parser': [ '1.2.7' ],
16 silly audit   '@types/send': [ '0.17.4' ],
16 silly audit   '@types/serve-static': [ '1.15.7' ],
16 silly audit   '@vitejs/plugin-basic-ssl': [ '2.0.0' ],
16 silly audit   '@yarnpkg/lockfile': [ '1.1.0' ],
16 silly audit   abbrev: [ '3.0.1' ],
16 silly audit   accepts: [ '2.0.0', '1.3.8' ],
16 silly audit   'agent-base': [ '7.1.3' ],
16 silly audit   ajv: [ '8.17.1' ],
16 silly audit   'ajv-formats': [ '3.0.1' ],
16 silly audit   'ansi-escapes': [ '4.3.2', '7.0.0' ],
16 silly audit   'ansi-regex': [ '6.1.0', '5.0.1' ],
16 silly audit   'ansi-styles': [ '6.2.1', '4.3.0' ],
16 silly audit   anymatch: [ '3.1.3' ],
16 silly audit   picomatch: [ '2.3.1', '4.0.2' ],
16 silly audit   'balanced-match': [ '1.0.2' ],
16 silly audit   base64id: [ '2.0.0' ],
16 silly audit   beasties: [ '0.3.4' ],
16 silly audit   'binary-extensions': [ '2.3.0' ],
16 silly audit   'body-parser': [ '2.2.0', '1.20.3' ],
16 silly audit   boolbase: [ '1.0.0' ],
16 silly audit   braces: [ '3.0.3' ],
16 silly audit   browserslist: [ '4.25.0' ],
16 silly audit   'buffer-from': [ '1.1.2' ],
16 silly audit   bytes: [ '3.1.2' ],
16 silly audit   cacache: [ '19.0.1' ],
16 silly audit   chownr: [ '3.0.0', '2.0.0' ],
16 silly audit   mkdirp: [ '3.0.1', '0.5.6', '1.0.4' ],
16 silly audit   tar: [ '7.4.3', '6.2.1' ],
16 silly audit   yallist: [ '5.0.0', '4.0.0', '3.1.1' ],
16 silly audit   'call-bind-apply-helpers': [ '1.0.2' ],
16 silly audit   'call-bound': [ '1.0.4' ],
16 silly audit   'caniuse-lite': [ '1.0.30001720' ],
16 silly audit   chalk: [ '5.4.1' ],
16 silly audit   chardet: [ '0.7.0' ],
16 silly audit   chokidar: [ '4.0.3', '3.6.0' ],
16 silly audit   'cli-cursor': [ '5.0.0' ],
16 silly audit   'cli-spinners': [ '2.9.2' ],
16 silly audit   'cli-truncate': [ '4.0.0' ],
16 silly audit   'cli-width': [ '4.1.0' ],
16 silly audit   cliui: [ '8.0.1', '7.0.4' ],
16 silly audit   'is-fullwidth-code-point': [ '3.0.0', '4.0.0', '5.0.0' ],
16 silly audit   'strip-ansi': [ '6.0.1', '7.1.0' ],
16 silly audit   'color-convert': [ '2.0.1' ],
16 silly audit   'color-name': [ '1.1.4' ],
16 silly audit   colorette: [ '2.0.20' ],
16 silly audit   'concat-map': [ '0.0.1' ],
16 silly audit   connect: [ '3.7.0' ],
16 silly audit   debug: [ '2.6.9', '4.4.1', '4.3.7' ],
16 silly audit   encodeurl: [ '1.0.2', '2.0.0' ],
16 silly audit   finalhandler: [ '1.1.2', '2.1.0' ],
16 silly audit   ms: [ '2.0.0', '2.1.3' ],
16 silly audit   'on-finished': [ '2.3.0', '2.4.1' ],
16 silly audit   statuses: [ '1.5.0', '2.0.1' ],
16 silly audit   'content-disposition': [ '1.0.0' ],
16 silly audit   'content-type': [ '1.0.5' ],
16 silly audit   cookie: [ '0.7.2' ],
16 silly audit   'cookie-signature': [ '1.2.2' ],
16 silly audit   cors: [ '2.8.5' ],
16 silly audit   'cross-spawn': [ '7.0.6' ],
16 silly audit   'css-select': [ '5.1.0' ],
16 silly audit   'css-what': [ '6.1.0' ],
16 silly audit   'custom-event': [ '1.0.1' ],
16 silly audit   'date-format': [ '4.0.14' ],
16 silly audit   depd: [ '2.0.0' ],
16 silly audit   destroy: [ '1.2.0' ],
16 silly audit   di: [ '0.0.1' ],
16 silly audit   'dom-serialize': [ '2.2.1' ],
16 silly audit   'dom-serializer': [ '2.0.0' ],
16 silly audit   domelementtype: [ '2.3.0' ],
16 silly audit   domhandler: [ '5.0.3' ],
16 silly audit   domutils: [ '3.2.2' ],
16 silly audit   'dunder-proto': [ '1.0.1' ],
16 silly audit   eastasianwidth: [ '0.2.0' ],
16 silly audit   'ee-first': [ '1.1.1' ],
16 silly audit   'electron-to-chromium': [ '1.5.161' ],
16 silly audit   encoding: [ '0.1.13' ],
16 silly audit   'engine.io': [ '6.6.4' ],
16 silly audit   'engine.io-parser': [ '5.2.3' ],
16 silly audit   'mime-db': [ '1.52.0', '1.54.0' ],
16 silly audit   'mime-types': [ '2.1.35', '3.0.1' ],
16 silly audit   negotiator: [ '0.6.3', '1.0.0' ],
16 silly audit   ent: [ '2.2.2' ],
16 silly audit   entities: [ '4.5.0', '6.0.0' ],
16 silly audit   'env-paths': [ '2.2.1' ],
16 silly audit   environment: [ '1.1.0' ],
16 silly audit   'err-code': [ '2.0.3' ],
16 silly audit   'es-define-property': [ '1.0.1' ],
16 silly audit   'es-errors': [ '1.3.0' ],
16 silly audit   'es-object-atoms': [ '1.1.1' ],
16 silly audit   esbuild: [ '0.25.5' ],
16 silly audit   escalade: [ '3.2.0' ],
16 silly audit   'escape-html': [ '1.0.3' ],
16 silly audit   etag: [ '1.8.1' ],
16 silly audit   eventemitter3: [ '4.0.7', '5.0.1' ],
16 silly audit   'exponential-backoff': [ '3.1.2' ],
16 silly audit   express: [ '5.1.0' ],
16 silly audit   extend: [ '3.0.2' ],
16 silly audit   'external-editor': [ '3.1.0' ],
16 silly audit   'iconv-lite': [ '0.4.24', '0.6.3' ],
16 silly audit   'fast-deep-equal': [ '3.1.3' ],
16 silly audit   'fast-uri': [ '3.0.6' ],
16 silly audit   fdir: [ '6.4.5' ],
16 silly audit   'fill-range': [ '7.1.1' ],
16 silly audit   flatted: [ '3.3.3' ],
16 silly audit   'follow-redirects': [ '1.15.9' ],
16 silly audit   'foreground-child': [ '3.3.1' ],
16 silly audit   forwarded: [ '0.2.0' ],
16 silly audit   fresh: [ '2.0.0' ],
16 silly audit   'fs-extra': [ '8.1.0' ],
16 silly audit   'fs-minipass': [ '3.0.3', '2.1.0' ],
16 silly audit   'fs.realpath': [ '1.0.0' ],
16 silly audit   fsevents: [ '2.3.3' ],
16 silly audit   'function-bind': [ '1.1.2' ],
16 silly audit   gensync: [ '1.0.0-beta.2' ],
16 silly audit   'get-caller-file': [ '2.0.5' ],
16 silly audit   'get-east-asian-width': [ '1.3.0' ],
16 silly audit   'get-intrinsic': [ '1.3.0' ],
16 silly audit   'get-proto': [ '1.0.1' ],
16 silly audit   'glob-parent': [ '5.1.2' ],
16 silly audit   'glob-to-regexp': [ '0.4.1' ],
16 silly audit   globals: [ '11.12.0' ],
16 silly audit   gopd: [ '1.2.0' ],
16 silly audit   'graceful-fs': [ '4.2.11' ],
16 silly audit   'has-flag': [ '4.0.0' ],
16 silly audit   'has-symbols': [ '1.1.0' ],
16 silly audit   'has-tostringtag': [ '1.0.2' ],
16 silly audit   hasown: [ '2.0.2' ],
16 silly audit   'hosted-git-info': [ '8.1.0' ],
16 silly audit   'html-escaper': [ '2.0.2' ],
16 silly audit   htmlparser2: [ '10.0.0' ],
16 silly audit   'http-cache-semantics': [ '4.2.0' ],
16 silly audit   'http-errors': [ '2.0.0' ],
16 silly audit   'http-proxy': [ '1.18.1' ],
16 silly audit   'http-proxy-agent': [ '7.0.2' ],
16 silly audit   'https-proxy-agent': [ '7.0.6' ],
16 silly audit   'ignore-walk': [ '7.0.0' ],
16 silly audit   immutable: [ '5.1.2' ],
16 silly audit   imurmurhash: [ '0.1.4' ],
16 silly audit   inflight: [ '1.0.6' ],
16 silly audit   inherits: [ '2.0.4' ],
16 silly audit   ini: [ '5.0.0' ],
16 silly audit   'ip-address': [ '9.0.5' ],
16 silly audit   'ipaddr.js': [ '1.9.1' ],
16 silly audit   'is-binary-path': [ '2.1.0' ],
16 silly audit   'is-core-module': [ '2.16.1' ],
16 silly audit   'is-extglob': [ '2.1.1' ],
16 silly audit   'is-glob': [ '4.0.3' ],
16 silly audit   'is-interactive': [ '2.0.0' ],
16 silly audit   'is-number': [ '7.0.0' ],
16 silly audit   'is-promise': [ '4.0.0' ],
16 silly audit   'is-regex': [ '1.2.1' ],
16 silly audit   'is-unicode-supported': [ '2.1.0', '1.3.0' ],
16 silly audit   isbinaryfile: [ '4.0.10' ],
16 silly audit   'istanbul-lib-coverage': [ '3.2.2' ],
16 silly audit   'istanbul-lib-instrument': [ '6.0.3', '5.2.1' ],
16 silly audit   'istanbul-lib-report': [ '3.0.1' ],
16 silly audit   'istanbul-lib-source-maps': [ '4.0.1' ],
16 silly audit   'source-map': [ '0.6.1', '0.7.4' ],
16 silly audit   'istanbul-reports': [ '3.1.7' ],
16 silly audit   jackspeak: [ '3.4.3' ],
16 silly audit   'jasmine-core': [ '5.7.1', '4.6.1' ],
16 silly audit   'js-tokens': [ '4.0.0' ],
16 silly audit   jsbn: [ '1.1.0' ],
16 silly audit   jsesc: [ '3.1.0' ],
16 silly audit   'json-parse-even-better-errors': [ '4.0.0' ],
16 silly audit   'json-schema-traverse': [ '1.0.0' ],
16 silly audit   json5: [ '2.2.3' ],
16 silly audit   'jsonc-parser': [ '3.3.1' ],
16 silly audit   jsonfile: [ '4.0.0' ],
16 silly audit   jsonparse: [ '1.3.1' ],
16 silly audit   karma: [ '6.4.4' ],
16 silly audit   'karma-chrome-launcher': [ '3.2.0' ],
16 silly audit   'karma-coverage': [ '2.2.1' ],
16 silly audit   'karma-jasmine': [ '5.1.0' ],
16 silly audit   'karma-jasmine-html-reporter': [ '2.1.0' ],
16 silly audit   'media-typer': [ '0.3.0', '1.1.0' ],
16 silly audit   qs: [ '6.13.0', '6.14.0' ],
16 silly audit   'raw-body': [ '2.5.2', '3.0.0' ],
16 silly audit   readdirp: [ '3.6.0', '4.1.2' ],
16 silly audit   tmp: [ '0.2.3', '0.0.33' ],
16 silly audit   'type-is': [ '1.6.18', '2.0.1' ],
16 silly audit   yargs: [ '16.2.0', '17.7.2' ],
16 silly audit   'yargs-parser': [ '20.2.9', '21.1.1' ],
16 silly audit   listr2: [ '8.3.3' ],
16 silly audit   lmdb: [ '3.3.0' ],
16 silly audit   lodash: [ '4.17.21' ],
16 silly audit   'log-symbols': [ '6.0.0' ],
16 silly audit   'log-update': [ '6.1.0' ],
16 silly audit   'slice-ansi': [ '7.1.0', '5.0.0' ],
16 silly audit   log4js: [ '6.9.1' ],
16 silly audit   'magic-string': [ '0.30.17' ],
16 silly audit   'make-dir': [ '4.0.0' ],
16 silly audit   'make-fetch-happen': [ '14.0.3' ],
16 silly audit   'math-intrinsics': [ '1.1.0' ],
16 silly audit   'merge-descriptors': [ '2.0.0' ],
16 silly audit   micromatch: [ '4.0.8' ],
16 silly audit   mime: [ '2.6.0' ],
16 silly audit   'mimic-function': [ '5.0.1' ],
16 silly audit   minimist: [ '1.2.8' ],
16 silly audit   minipass: [ '7.1.2', '3.3.6', '5.0.0' ],
16 silly audit   'minipass-collect': [ '2.0.1' ],
16 silly audit   'minipass-fetch': [ '4.0.1' ],
16 silly audit   'minipass-flush': [ '1.0.5' ],
16 silly audit   'minipass-pipeline': [ '1.2.4' ],
16 silly audit   'minipass-sized': [ '1.0.3' ],
16 silly audit   minizlib: [ '3.0.2', '2.1.2' ],
16 silly audit   mrmime: [ '2.0.1' ],
16 silly audit   msgpackr: [ '1.11.4' ],
16 silly audit   'msgpackr-extract': [ '3.0.3' ],
16 silly audit   nanoid: [ '3.3.11' ],
16 silly audit   'node-gyp': [ '11.2.0' ],
16 silly audit   'node-gyp-build-optional-packages': [ '5.2.2' ],
16 silly audit   'node-releases': [ '2.0.19' ],
16 silly audit   nopt: [ '8.1.0' ],
16 silly audit   'normalize-path': [ '3.0.0' ],
16 silly audit   'npm-bundled': [ '4.0.0' ],
16 silly audit   'npm-install-checks': [ '7.1.1' ],
16 silly audit   'npm-normalize-package-bin': [ '4.0.0' ],
16 silly audit   'npm-package-arg': [ '12.0.2' ],
16 silly audit   'npm-packlist': [ '10.0.0' ],
16 silly audit   'npm-pick-manifest': [ '10.0.0' ],
16 silly audit   'npm-registry-fetch': [ '18.0.2' ],
16 silly audit   'nth-check': [ '2.1.1' ],
16 silly audit   'object-assign': [ '4.1.1' ],
16 silly audit   'object-inspect': [ '1.13.4' ],
16 silly audit   once: [ '1.4.0' ],
16 silly audit   onetime: [ '7.0.0' ],
16 silly audit   ora: [ '8.2.0' ],
16 silly audit   'ordered-binary': [ '1.5.3' ],
16 silly audit   'os-tmpdir': [ '1.0.2' ],
16 silly audit   'p-map': [ '7.0.3' ],
16 silly audit   'package-json-from-dist': [ '1.0.1' ],
16 silly audit   pacote: [ '21.0.0' ],
16 silly audit   parse5: [ '7.3.0' ],
16 silly audit   'parse5-html-rewriting-stream': [ '7.1.0' ],
16 silly audit   'parse5-sax-parser': [ '7.0.0' ],
16 silly audit   parseurl: [ '1.3.3' ],
16 silly audit   'path-is-absolute': [ '1.0.1' ],
16 silly audit   'path-key': [ '3.1.1' ],
16 silly audit   'path-parse': [ '1.0.7' ],
16 silly audit   'path-scurry': [ '1.11.1' ],
16 silly audit   'path-to-regexp': [ '8.2.0' ],
16 silly audit   picocolors: [ '1.1.1' ],
16 silly audit   piscina: [ '5.0.0' ],
16 silly audit   postcss: [ '8.5.4' ],
16 silly audit   'postcss-media-query-parser': [ '0.2.3' ],
16 silly audit   'proc-log': [ '5.0.0' ],
16 silly audit   'promise-retry': [ '2.0.1' ],
16 silly audit   'proxy-addr': [ '2.0.7' ],
16 silly audit   punycode: [ '1.4.1' ],
16 silly audit   qjobs: [ '1.2.0' ],
16 silly audit   'range-parser': [ '1.2.1' ],
16 silly audit   'reflect-metadata': [ '0.2.2' ],
16 silly audit   'require-directory': [ '2.1.1' ],
16 silly audit   'require-from-string': [ '2.0.2' ],
16 silly audit   'requires-port': [ '1.0.0' ],
16 silly audit   resolve: [ '1.22.10' ],
16 silly audit   'restore-cursor': [ '5.1.0' ],
16 silly audit   retry: [ '0.12.0' ],
16 silly audit   rfdc: [ '1.4.1' ],
16 silly audit   rimraf: [ '3.0.2' ],
16 silly audit   rollup: [ '4.40.2' ],
16 silly audit   router: [ '2.2.0' ],
16 silly audit   rxjs: [ '7.8.2' ],
16 silly audit   'safe-buffer': [ '5.2.1' ],
16 silly audit   'safe-regex-test': [ '1.1.0' ],
16 silly audit   'safer-buffer': [ '2.1.2' ],
16 silly audit   sass: [ '1.88.0' ],
16 silly audit   send: [ '1.2.0' ],
16 silly audit   'serve-static': [ '2.2.0' ],
16 silly audit   setprototypeof: [ '1.2.0' ],
16 silly audit   'shebang-command': [ '2.0.0' ],
16 silly audit   'shebang-regex': [ '3.0.0' ],
16 silly audit   'side-channel': [ '1.1.0' ],
16 silly audit   'side-channel-list': [ '1.0.0' ],
16 silly audit   'side-channel-map': [ '1.0.1' ],
16 silly audit   'side-channel-weakmap': [ '1.0.2' ],
16 silly audit   'signal-exit': [ '4.1.0' ],
16 silly audit   sigstore: [ '3.1.0' ],
16 silly audit   'smart-buffer': [ '4.2.0' ],
16 silly audit   'socket.io': [ '4.8.1' ],
16 silly audit   'socket.io-adapter': [ '2.5.5' ],
16 silly audit   'socket.io-parser': [ '4.2.4' ],
16 silly audit   socks: [ '2.8.4' ],
16 silly audit   'socks-proxy-agent': [ '8.0.5' ],
16 silly audit   'source-map-js': [ '1.2.1' ],
16 silly audit   'source-map-support': [ '0.5.21' ],
16 silly audit   'spdx-correct': [ '3.2.0' ],
16 silly audit   'spdx-exceptions': [ '2.5.0' ],
16 silly audit   'spdx-expression-parse': [ '3.0.1' ],
16 silly audit   'spdx-license-ids': [ '3.0.21' ],
16 silly audit   'sprintf-js': [ '1.1.3' ],
16 silly audit   ssri: [ '12.0.0' ],
16 silly audit   'stdin-discarder': [ '0.2.2' ],
16 silly audit   streamroller: [ '3.1.5' ],
16 silly audit   'supports-color': [ '7.2.0' ],
16 silly audit   'supports-preserve-symlinks-flag': [ '1.0.0' ],
16 silly audit   tinyglobby: [ '0.2.13' ],
16 silly audit   'to-regex-range': [ '5.0.1' ],
16 silly audit   toidentifier: [ '1.0.1' ],
16 silly audit   tslib: [ '2.8.1' ],
16 silly audit   'tuf-js': [ '3.0.1' ],
16 silly audit   'type-fest': [ '0.21.3' ],
16 silly audit   typescript: [ '5.8.3' ],
16 silly audit   'ua-parser-js': [ '0.7.40' ],
16 silly audit   'undici-types': [ '6.19.8' ],
16 silly audit   'unique-filename': [ '4.0.0' ],
16 silly audit   'unique-slug': [ '5.0.0' ],
16 silly audit   universalify: [ '0.1.2' ],
16 silly audit   unpipe: [ '1.0.0' ],
16 silly audit   'update-browserslist-db': [ '1.1.3' ],
16 silly audit   'utils-merge': [ '1.0.1' ],
16 silly audit   'validate-npm-package-license': [ '3.0.4' ],
16 silly audit   'validate-npm-package-name': [ '6.0.0' ],
16 silly audit   vary: [ '1.1.2' ],
16 silly audit   vite: [ '6.3.5' ],
16 silly audit   'void-elements': [ '2.0.1' ],
16 silly audit   watchpack: [ '2.4.2' ],
16 silly audit   'weak-lru-cache': [ '1.2.2' ],
16 silly audit   wrappy: [ '1.0.2' ],
16 silly audit   ws: [ '8.17.1' ],
16 silly audit   xhr2: [ '0.2.1' ],
16 silly audit   y18n: [ '5.0.8' ],
16 silly audit   'yoctocolors-cjs': [ '2.1.2' ],
16 silly audit   'zone.js': [ '0.15.1' ]
16 silly audit }
17 verbose reify failed optional dependency /home/ec2-user/frontend/node_modules/fsevents
18 silly reify mark deleted [ '/home/ec2-user/frontend/node_modules/fsevents' ]
19 verbose reify failed optional dependency /home/ec2-user/frontend/node_modules/@rollup/rollup-win32-x64-msvc
20 silly reify mark deleted [
20 silly reify   '/home/ec2-user/frontend/node_modules/@rollup/rollup-win32-x64-msvc'
20 silly reify ]
21 verbose reify failed optional dependency /home/ec2-user/frontend/node_modules/@rollup/rollup-win32-ia32-msvc
22 silly reify mark deleted [
22 silly reify   '/home/ec2-user/frontend/node_modules/@rollup/rollup-win32-ia32-msvc'
22 silly reify ]
23 verbose reify failed optional dependency /home/ec2-user/frontend/node_modules/@rollup/rollup-win32-arm64-msvc
24 silly reify mark deleted [
24 silly reify   '/home/ec2-user/frontend/node_modules/@rollup/rollup-win32-arm64-msvc'
24 silly reify ]
25 verbose reify failed optional dependency /home/ec2-user/frontend/node_modules/@rollup/rollup-linux-s390x-gnu
26 silly reify mark deleted [
26 silly reify   '/home/ec2-user/frontend/node_modules/@rollup/rollup-linux-s390x-gnu'
26 silly reify ]
27 verbose reify failed optional dependency /home/ec2-user/frontend/node_modules/@rollup/rollup-linux-riscv64-musl
28 silly reify mark deleted [
28 silly reify   '/home/ec2-user/frontend/node_modules/@rollup/rollup-linux-riscv64-musl'
28 silly reify ]
29 verbose reify failed optional dependency /home/ec2-user/frontend/node_modules/@rollup/rollup-linux-riscv64-gnu
30 silly reify mark deleted [
30 silly reify   '/home/ec2-user/frontend/node_modules/@rollup/rollup-linux-riscv64-gnu'
30 silly reify ]
31 verbose reify failed optional dependency /home/ec2-user/frontend/node_modules/@rollup/rollup-linux-powerpc64le-gnu
32 silly reify mark deleted [
32 silly reify   '/home/ec2-user/frontend/node_modules/@rollup/rollup-linux-powerpc64le-gnu'
32 silly reify ]
33 verbose reify failed optional dependency /home/ec2-user/frontend/node_modules/@rollup/rollup-linux-loongarch64-gnu
34 silly reify mark deleted [
34 silly reify   '/home/ec2-user/frontend/node_modules/@rollup/rollup-linux-loongarch64-gnu'
34 silly reify ]
35 verbose reify failed optional dependency /home/ec2-user/frontend/node_modules/@rollup/rollup-linux-arm64-musl
36 silly reify mark deleted [
36 silly reify   '/home/ec2-user/frontend/node_modules/@rollup/rollup-linux-arm64-musl'
36 silly reify ]
37 verbose reify failed optional dependency /home/ec2-user/frontend/node_modules/@rollup/rollup-linux-arm64-gnu
38 silly reify mark deleted [
38 silly reify   '/home/ec2-user/frontend/node_modules/@rollup/rollup-linux-arm64-gnu'
38 silly reify ]
39 verbose reify failed optional dependency /home/ec2-user/frontend/node_modules/@rollup/rollup-linux-arm-musleabihf
40 silly reify mark deleted [
40 silly reify   '/home/ec2-user/frontend/node_modules/@rollup/rollup-linux-arm-musleabihf'
40 silly reify ]
41 verbose reify failed optional dependency /home/ec2-user/frontend/node_modules/@rollup/rollup-linux-arm-gnueabihf
42 silly reify mark deleted [
42 silly reify   '/home/ec2-user/frontend/node_modules/@rollup/rollup-linux-arm-gnueabihf'
42 silly reify ]
43 verbose reify failed optional dependency /home/ec2-user/frontend/node_modules/@rollup/rollup-freebsd-x64
44 silly reify mark deleted [ '/home/ec2-user/frontend/node_modules/@rollup/rollup-freebsd-x64' ]
45 verbose reify failed optional dependency /home/ec2-user/frontend/node_modules/@rollup/rollup-freebsd-arm64
46 silly reify mark deleted [ '/home/ec2-user/frontend/node_modules/@rollup/rollup-freebsd-arm64' ]
47 verbose reify failed optional dependency /home/ec2-user/frontend/node_modules/@rollup/rollup-darwin-x64
48 silly reify mark deleted [ '/home/ec2-user/frontend/node_modules/@rollup/rollup-darwin-x64' ]
49 verbose reify failed optional dependency /home/ec2-user/frontend/node_modules/@rollup/rollup-darwin-arm64
50 silly reify mark deleted [ '/home/ec2-user/frontend/node_modules/@rollup/rollup-darwin-arm64' ]
51 verbose reify failed optional dependency /home/ec2-user/frontend/node_modules/@rollup/rollup-android-arm64
52 silly reify mark deleted [ '/home/ec2-user/frontend/node_modules/@rollup/rollup-android-arm64' ]
53 verbose reify failed optional dependency /home/ec2-user/frontend/node_modules/@rollup/rollup-android-arm-eabi
54 silly reify mark deleted [
54 silly reify   '/home/ec2-user/frontend/node_modules/@rollup/rollup-android-arm-eabi'
54 silly reify ]
55 verbose reify failed optional dependency /home/ec2-user/frontend/node_modules/@parcel/watcher-win32-x64
56 silly reify mark deleted [ '/home/ec2-user/frontend/node_modules/@parcel/watcher-win32-x64' ]
57 verbose reify failed optional dependency /home/ec2-user/frontend/node_modules/@parcel/watcher-win32-ia32
58 silly reify mark deleted [ '/home/ec2-user/frontend/node_modules/@parcel/watcher-win32-ia32' ]
59 verbose reify failed optional dependency /home/ec2-user/frontend/node_modules/@parcel/watcher-win32-arm64
60 silly reify mark deleted [ '/home/ec2-user/frontend/node_modules/@parcel/watcher-win32-arm64' ]
61 verbose reify failed optional dependency /home/ec2-user/frontend/node_modules/@parcel/watcher-linux-arm64-musl
62 silly reify mark deleted [
62 silly reify   '/home/ec2-user/frontend/node_modules/@parcel/watcher-linux-arm64-musl'
62 silly reify ]
63 verbose reify failed optional dependency /home/ec2-user/frontend/node_modules/@parcel/watcher-linux-arm64-glibc
64 silly reify mark deleted [
64 silly reify   '/home/ec2-user/frontend/node_modules/@parcel/watcher-linux-arm64-glibc'
64 silly reify ]
65 verbose reify failed optional dependency /home/ec2-user/frontend/node_modules/@parcel/watcher-linux-arm-musl
66 silly reify mark deleted [
66 silly reify   '/home/ec2-user/frontend/node_modules/@parcel/watcher-linux-arm-musl'
66 silly reify ]
67 verbose reify failed optional dependency /home/ec2-user/frontend/node_modules/@parcel/watcher-linux-arm-glibc
68 silly reify mark deleted [
68 silly reify   '/home/ec2-user/frontend/node_modules/@parcel/watcher-linux-arm-glibc'
68 silly reify ]
69 verbose reify failed optional dependency /home/ec2-user/frontend/node_modules/@parcel/watcher-freebsd-x64
70 silly reify mark deleted [ '/home/ec2-user/frontend/node_modules/@parcel/watcher-freebsd-x64' ]
71 verbose reify failed optional dependency /home/ec2-user/frontend/node_modules/@parcel/watcher-darwin-x64
72 silly reify mark deleted [ '/home/ec2-user/frontend/node_modules/@parcel/watcher-darwin-x64' ]
73 verbose reify failed optional dependency /home/ec2-user/frontend/node_modules/@parcel/watcher-darwin-arm64
74 silly reify mark deleted [ '/home/ec2-user/frontend/node_modules/@parcel/watcher-darwin-arm64' ]
75 verbose reify failed optional dependency /home/ec2-user/frontend/node_modules/@parcel/watcher-android-arm64
76 silly reify mark deleted [
76 silly reify   '/home/ec2-user/frontend/node_modules/@parcel/watcher-android-arm64'
76 silly reify ]
77 verbose reify failed optional dependency /home/ec2-user/frontend/node_modules/@napi-rs/nice-win32-x64-msvc
78 silly reify mark deleted [ '/home/ec2-user/frontend/node_modules/@napi-rs/nice-win32-x64-msvc' ]
79 verbose reify failed optional dependency /home/ec2-user/frontend/node_modules/@napi-rs/nice-win32-ia32-msvc
80 silly reify mark deleted [
80 silly reify   '/home/ec2-user/frontend/node_modules/@napi-rs/nice-win32-ia32-msvc'
80 silly reify ]
81 verbose reify failed optional dependency /home/ec2-user/frontend/node_modules/@napi-rs/nice-win32-arm64-msvc
82 silly reify mark deleted [
82 silly reify   '/home/ec2-user/frontend/node_modules/@napi-rs/nice-win32-arm64-msvc'
82 silly reify ]
83 verbose reify failed optional dependency /home/ec2-user/frontend/node_modules/@napi-rs/nice-linux-s390x-gnu
84 silly reify mark deleted [
84 silly reify   '/home/ec2-user/frontend/node_modules/@napi-rs/nice-linux-s390x-gnu'
84 silly reify ]
85 verbose reify failed optional dependency /home/ec2-user/frontend/node_modules/@napi-rs/nice-linux-riscv64-gnu
86 silly reify mark deleted [
86 silly reify   '/home/ec2-user/frontend/node_modules/@napi-rs/nice-linux-riscv64-gnu'
86 silly reify ]
87 verbose reify failed optional dependency /home/ec2-user/frontend/node_modules/@napi-rs/nice-linux-ppc64-gnu
88 silly reify mark deleted [
88 silly reify   '/home/ec2-user/frontend/node_modules/@napi-rs/nice-linux-ppc64-gnu'
88 silly reify ]
89 verbose reify failed optional dependency /home/ec2-user/frontend/node_modules/@napi-rs/nice-linux-arm64-musl
90 silly reify mark deleted [
90 silly reify   '/home/ec2-user/frontend/node_modules/@napi-rs/nice-linux-arm64-musl'
90 silly reify ]
91 verbose reify failed optional dependency /home/ec2-user/frontend/node_modules/@napi-rs/nice-linux-arm64-gnu
92 silly reify mark deleted [
92 silly reify   '/home/ec2-user/frontend/node_modules/@napi-rs/nice-linux-arm64-gnu'
92 silly reify ]
93 verbose reify failed optional dependency /home/ec2-user/frontend/node_modules/@napi-rs/nice-linux-arm-gnueabihf
94 silly reify mark deleted [
94 silly reify   '/home/ec2-user/frontend/node_modules/@napi-rs/nice-linux-arm-gnueabihf'
94 silly reify ]
95 verbose reify failed optional dependency /home/ec2-user/frontend/node_modules/@napi-rs/nice-freebsd-x64
96 silly reify mark deleted [ '/home/ec2-user/frontend/node_modules/@napi-rs/nice-freebsd-x64' ]
97 verbose reify failed optional dependency /home/ec2-user/frontend/node_modules/@napi-rs/nice-darwin-x64
98 silly reify mark deleted [ '/home/ec2-user/frontend/node_modules/@napi-rs/nice-darwin-x64' ]
99 verbose reify failed optional dependency /home/ec2-user/frontend/node_modules/@napi-rs/nice-darwin-arm64
100 silly reify mark deleted [ '/home/ec2-user/frontend/node_modules/@napi-rs/nice-darwin-arm64' ]
101 verbose reify failed optional dependency /home/ec2-user/frontend/node_modules/@napi-rs/nice-android-arm64
102 silly reify mark deleted [ '/home/ec2-user/frontend/node_modules/@napi-rs/nice-android-arm64' ]
103 verbose reify failed optional dependency /home/ec2-user/frontend/node_modules/@napi-rs/nice-android-arm-eabi
104 silly reify mark deleted [
104 silly reify   '/home/ec2-user/frontend/node_modules/@napi-rs/nice-android-arm-eabi'
104 silly reify ]
105 verbose reify failed optional dependency /home/ec2-user/frontend/node_modules/@msgpackr-extract/msgpackr-extract-win32-x64
106 silly reify mark deleted [
106 silly reify   '/home/ec2-user/frontend/node_modules/@msgpackr-extract/msgpackr-extract-win32-x64'
106 silly reify ]
107 verbose reify failed optional dependency /home/ec2-user/frontend/node_modules/@msgpackr-extract/msgpackr-extract-linux-arm64
108 silly reify mark deleted [
108 silly reify   '/home/ec2-user/frontend/node_modules/@msgpackr-extract/msgpackr-extract-linux-arm64'
108 silly reify ]
109 verbose reify failed optional dependency /home/ec2-user/frontend/node_modules/@msgpackr-extract/msgpackr-extract-linux-arm
110 silly reify mark deleted [
110 silly reify   '/home/ec2-user/frontend/node_modules/@msgpackr-extract/msgpackr-extract-linux-arm'
110 silly reify ]
111 verbose reify failed optional dependency /home/ec2-user/frontend/node_modules/@msgpackr-extract/msgpackr-extract-darwin-x64
112 silly reify mark deleted [
112 silly reify   '/home/ec2-user/frontend/node_modules/@msgpackr-extract/msgpackr-extract-darwin-x64'
112 silly reify ]
113 verbose reify failed optional dependency /home/ec2-user/frontend/node_modules/@msgpackr-extract/msgpackr-extract-darwin-arm64
114 silly reify mark deleted [
114 silly reify   '/home/ec2-user/frontend/node_modules/@msgpackr-extract/msgpackr-extract-darwin-arm64'
114 silly reify ]
115 verbose reify failed optional dependency /home/ec2-user/frontend/node_modules/@lmdb/lmdb-win32-x64
116 silly reify mark deleted [ '/home/ec2-user/frontend/node_modules/@lmdb/lmdb-win32-x64' ]
117 verbose reify failed optional dependency /home/ec2-user/frontend/node_modules/@lmdb/lmdb-win32-arm64
118 silly reify mark deleted [ '/home/ec2-user/frontend/node_modules/@lmdb/lmdb-win32-arm64' ]
119 verbose reify failed optional dependency /home/ec2-user/frontend/node_modules/@lmdb/lmdb-linux-arm64
120 silly reify mark deleted [ '/home/ec2-user/frontend/node_modules/@lmdb/lmdb-linux-arm64' ]
121 verbose reify failed optional dependency /home/ec2-user/frontend/node_modules/@lmdb/lmdb-linux-arm
122 silly reify mark deleted [ '/home/ec2-user/frontend/node_modules/@lmdb/lmdb-linux-arm' ]
123 verbose reify failed optional dependency /home/ec2-user/frontend/node_modules/@lmdb/lmdb-darwin-x64
124 silly reify mark deleted [ '/home/ec2-user/frontend/node_modules/@lmdb/lmdb-darwin-x64' ]
125 verbose reify failed optional dependency /home/ec2-user/frontend/node_modules/@lmdb/lmdb-darwin-arm64
126 silly reify mark deleted [ '/home/ec2-user/frontend/node_modules/@lmdb/lmdb-darwin-arm64' ]
127 verbose reify failed optional dependency /home/ec2-user/frontend/node_modules/@esbuild/win32-x64
128 silly reify mark deleted [ '/home/ec2-user/frontend/node_modules/@esbuild/win32-x64' ]
129 verbose reify failed optional dependency /home/ec2-user/frontend/node_modules/@esbuild/win32-ia32
130 silly reify mark deleted [ '/home/ec2-user/frontend/node_modules/@esbuild/win32-ia32' ]
131 verbose reify failed optional dependency /home/ec2-user/frontend/node_modules/@esbuild/win32-arm64
132 silly reify mark deleted [ '/home/ec2-user/frontend/node_modules/@esbuild/win32-arm64' ]
133 verbose reify failed optional dependency /home/ec2-user/frontend/node_modules/@esbuild/sunos-x64
134 silly reify mark deleted [ '/home/ec2-user/frontend/node_modules/@esbuild/sunos-x64' ]
135 verbose reify failed optional dependency /home/ec2-user/frontend/node_modules/@esbuild/openbsd-x64
136 silly reify mark deleted [ '/home/ec2-user/frontend/node_modules/@esbuild/openbsd-x64' ]
137 verbose reify failed optional dependency /home/ec2-user/frontend/node_modules/@esbuild/openbsd-arm64
138 silly reify mark deleted [ '/home/ec2-user/frontend/node_modules/@esbuild/openbsd-arm64' ]
139 verbose reify failed optional dependency /home/ec2-user/frontend/node_modules/@esbuild/netbsd-x64
140 silly reify mark deleted [ '/home/ec2-user/frontend/node_modules/@esbuild/netbsd-x64' ]
141 verbose reify failed optional dependency /home/ec2-user/frontend/node_modules/@esbuild/netbsd-arm64
142 silly reify mark deleted [ '/home/ec2-user/frontend/node_modules/@esbuild/netbsd-arm64' ]
143 verbose reify failed optional dependency /home/ec2-user/frontend/node_modules/@esbuild/linux-s390x
144 silly reify mark deleted [ '/home/ec2-user/frontend/node_modules/@esbuild/linux-s390x' ]
145 verbose reify failed optional dependency /home/ec2-user/frontend/node_modules/@esbuild/linux-riscv64
146 silly reify mark deleted [ '/home/ec2-user/frontend/node_modules/@esbuild/linux-riscv64' ]
147 verbose reify failed optional dependency /home/ec2-user/frontend/node_modules/@esbuild/linux-ppc64
148 silly reify mark deleted [ '/home/ec2-user/frontend/node_modules/@esbuild/linux-ppc64' ]
149 verbose reify failed optional dependency /home/ec2-user/frontend/node_modules/@esbuild/linux-mips64el
150 silly reify mark deleted [ '/home/ec2-user/frontend/node_modules/@esbuild/linux-mips64el' ]
151 verbose reify failed optional dependency /home/ec2-user/frontend/node_modules/@esbuild/linux-loong64
152 silly reify mark deleted [ '/home/ec2-user/frontend/node_modules/@esbuild/linux-loong64' ]
153 verbose reify failed optional dependency /home/ec2-user/frontend/node_modules/@esbuild/linux-ia32
154 silly reify mark deleted [ '/home/ec2-user/frontend/node_modules/@esbuild/linux-ia32' ]
155 verbose reify failed optional dependency /home/ec2-user/frontend/node_modules/@esbuild/linux-arm64
156 silly reify mark deleted [ '/home/ec2-user/frontend/node_modules/@esbuild/linux-arm64' ]
157 verbose reify failed optional dependency /home/ec2-user/frontend/node_modules/@esbuild/linux-arm
158 silly reify mark deleted [ '/home/ec2-user/frontend/node_modules/@esbuild/linux-arm' ]
159 verbose reify failed optional dependency /home/ec2-user/frontend/node_modules/@esbuild/freebsd-x64
160 silly reify mark deleted [ '/home/ec2-user/frontend/node_modules/@esbuild/freebsd-x64' ]
161 verbose reify failed optional dependency /home/ec2-user/frontend/node_modules/@esbuild/freebsd-arm64
162 silly reify mark deleted [ '/home/ec2-user/frontend/node_modules/@esbuild/freebsd-arm64' ]
163 verbose reify failed optional dependency /home/ec2-user/frontend/node_modules/@esbuild/darwin-x64
164 silly reify mark deleted [ '/home/ec2-user/frontend/node_modules/@esbuild/darwin-x64' ]
165 verbose reify failed optional dependency /home/ec2-user/frontend/node_modules/@esbuild/darwin-arm64
166 silly reify mark deleted [ '/home/ec2-user/frontend/node_modules/@esbuild/darwin-arm64' ]
167 verbose reify failed optional dependency /home/ec2-user/frontend/node_modules/@esbuild/android-x64
168 silly reify mark deleted [ '/home/ec2-user/frontend/node_modules/@esbuild/android-x64' ]
169 verbose reify failed optional dependency /home/ec2-user/frontend/node_modules/@esbuild/android-arm64
170 silly reify mark deleted [ '/home/ec2-user/frontend/node_modules/@esbuild/android-arm64' ]
171 verbose reify failed optional dependency /home/ec2-user/frontend/node_modules/@esbuild/android-arm
172 silly reify mark deleted [ '/home/ec2-user/frontend/node_modules/@esbuild/android-arm' ]
173 verbose reify failed optional dependency /home/ec2-user/frontend/node_modules/@esbuild/aix-ppc64
174 silly reify mark deleted [ '/home/ec2-user/frontend/node_modules/@esbuild/aix-ppc64' ]
175 http fetch POST 200 https://registry.npmjs.org/-/npm/v1/security/advisories/bulk 553ms
176 silly audit report {}
177 silly ADD
178 silly ADD
179 silly ADD
180 silly ADD
181 silly ADD
182 silly ADD
183 silly ADD
184 silly ADD
185 silly ADD
186 silly ADD
187 silly ADD
188 silly ADD
189 silly ADD
190 silly ADD
191 silly ADD
192 silly ADD
193 silly ADD
194 silly ADD
195 silly ADD
196 silly ADD
197 silly ADD
198 silly ADD
199 silly ADD
200 silly ADD
201 silly ADD
202 silly ADD
203 silly ADD
204 silly ADD
205 silly ADD
206 silly ADD
207 silly ADD
208 silly ADD
209 silly ADD
210 silly ADD
211 silly ADD
212 silly ADD
213 silly ADD
214 silly ADD
215 silly ADD
216 silly ADD
217 silly ADD
218 silly ADD
219 silly ADD
220 silly ADD
221 silly ADD
222 silly ADD
223 silly ADD
224 silly ADD
225 silly ADD
226 silly ADD
227 silly ADD
228 silly ADD
229 silly ADD
230 silly ADD
231 silly ADD
232 silly ADD
233 silly ADD
234 silly ADD
235 silly ADD
236 silly ADD
237 silly ADD
238 silly ADD
239 silly ADD
240 silly ADD
241 silly ADD
242 silly ADD
243 silly ADD
244 silly ADD
245 silly ADD
246 silly ADD
247 silly ADD
248 silly ADD
249 silly ADD
250 silly ADD
251 silly ADD
252 silly ADD
253 silly ADD
254 silly ADD
255 silly ADD
256 verbose cwd /home/ec2-user/frontend
257 verbose os Linux 6.1.134-152.225.amzn2023.x86_64
258 verbose node v20.19.2
259 verbose npm  v10.8.2
260 verbose exit 0
261 info ok
