0 verbose cli /home/ec2-user/.nvm/versions/node/v20.19.2/bin/node /home/ec2-user/.nvm/versions/node/v20.19.2/bin/npm
1 info using npm@10.8.2
2 info using node@v20.19.2
3 silly config load:file:/home/ec2-user/.nvm/versions/node/v20.19.2/lib/node_modules/npm/npmrc
4 silly config load:file:/home/ec2-user/Ferremas/backend/ev2/Ferremas/frontend/.npmrc
5 silly config load:file:/home/ec2-user/.npmrc
6 silly config load:file:/home/ec2-user/.nvm/versions/node/v20.19.2/etc/npmrc
7 verbose title npm install
8 verbose argv "install"
9 verbose logfile logs-max:10 dir:/home/ec2-user/.npm/_logs/2025-06-07T17_28_57_514Z-
10 verbose logfile /home/ec2-user/.npm/_logs/2025-06-07T17_28_57_514Z-debug-0.log
11 silly packumentCache heap:510394368 maxSize:127598592 maxEntrySize:63799296
12 silly logfile done cleaning log files
13 silly idealTree buildDeps
14 silly reify moves {}
15 silly audit bulk request {
15 silly audit   '@ampproject/remapping': [ '2.3.0' ],
15 silly audit   '@angular-devkit/architect': [ '0.2000.0' ],
15 silly audit   '@angular-devkit/core': [ '20.0.0' ],
15 silly audit   '@angular-devkit/schematics': [ '20.0.0' ],
15 silly audit   '@angular/build': [ '20.0.0' ],
15 silly audit   '@angular/cdk': [ '20.0.1' ],
15 silly audit   '@angular/cli': [ '20.0.0' ],
15 silly audit   '@angular/common': [ '20.0.0' ],
15 silly audit   '@angular/compiler': [ '20.0.0' ],
15 silly audit   '@angular/compiler-cli': [ '20.0.0' ],
15 silly audit   '@angular/core': [ '20.0.0' ],
15 silly audit   '@angular/forms': [ '20.0.0' ],
15 silly audit   '@angular/material': [ '20.0.1' ],
15 silly audit   '@angular/platform-browser': [ '20.0.0' ],
15 silly audit   '@angular/platform-server': [ '20.0.0' ],
15 silly audit   '@angular/router': [ '20.0.0' ],
15 silly audit   '@angular/ssr': [ '20.0.0' ],
15 silly audit   '@babel/code-frame': [ '7.27.1' ],
15 silly audit   '@babel/compat-data': [ '7.27.3' ],
15 silly audit   '@babel/core': [ '7.27.1' ],
15 silly audit   'convert-source-map': [ '2.0.0', '1.9.0' ],
15 silly audit   semver: [ '6.3.1', '7.7.2' ],
15 silly audit   '@babel/generator': [ '7.27.3' ],
15 silly audit   '@babel/helper-annotate-as-pure': [ '7.27.1' ],
15 silly audit   '@babel/helper-compilation-targets': [ '7.27.2' ],
15 silly audit   '@babel/helper-module-imports': [ '7.27.1' ],
15 silly audit   '@babel/helper-module-transforms': [ '7.27.3' ],
15 silly audit   '@babel/helper-split-export-declaration': [ '7.24.7' ],
15 silly audit   '@babel/helper-string-parser': [ '7.27.1' ],
15 silly audit   '@babel/helper-validator-identifier': [ '7.27.1' ],
15 silly audit   '@babel/helper-validator-option': [ '7.27.1' ],
15 silly audit   '@babel/helpers': [ '7.27.4' ],
15 silly audit   '@babel/parser': [ '7.27.4' ],
15 silly audit   '@babel/template': [ '7.27.2' ],
15 silly audit   '@babel/traverse': [ '7.27.4' ],
15 silly audit   '@babel/types': [ '7.27.3' ],
15 silly audit   '@colors/colors': [ '1.5.0' ],
15 silly audit   '@esbuild/aix-ppc64': [ '0.25.5' ],
15 silly audit   '@esbuild/android-arm': [ '0.25.5' ],
15 silly audit   '@esbuild/android-arm64': [ '0.25.5' ],
15 silly audit   '@esbuild/android-x64': [ '0.25.5' ],
15 silly audit   '@esbuild/darwin-arm64': [ '0.25.5' ],
15 silly audit   '@esbuild/darwin-x64': [ '0.25.5' ],
15 silly audit   '@esbuild/freebsd-arm64': [ '0.25.5' ],
15 silly audit   '@esbuild/freebsd-x64': [ '0.25.5' ],
15 silly audit   '@esbuild/linux-arm': [ '0.25.5' ],
15 silly audit   '@esbuild/linux-arm64': [ '0.25.5' ],
15 silly audit   '@esbuild/linux-ia32': [ '0.25.5' ],
15 silly audit   '@esbuild/linux-loong64': [ '0.25.5' ],
15 silly audit   '@esbuild/linux-mips64el': [ '0.25.5' ],
15 silly audit   '@esbuild/linux-ppc64': [ '0.25.5' ],
15 silly audit   '@esbuild/linux-riscv64': [ '0.25.5' ],
15 silly audit   '@esbuild/linux-s390x': [ '0.25.5' ],
15 silly audit   '@esbuild/linux-x64': [ '0.25.5' ],
15 silly audit   '@esbuild/netbsd-arm64': [ '0.25.5' ],
15 silly audit   '@esbuild/netbsd-x64': [ '0.25.5' ],
15 silly audit   '@esbuild/openbsd-arm64': [ '0.25.5' ],
15 silly audit   '@esbuild/openbsd-x64': [ '0.25.5' ],
15 silly audit   '@esbuild/sunos-x64': [ '0.25.5' ],
15 silly audit   '@esbuild/win32-arm64': [ '0.25.5' ],
15 silly audit   '@esbuild/win32-ia32': [ '0.25.5' ],
15 silly audit   '@esbuild/win32-x64': [ '0.25.5' ],
15 silly audit   '@inquirer/checkbox': [ '4.1.8' ],
15 silly audit   '@inquirer/confirm': [ '5.1.10' ],
15 silly audit   '@inquirer/core': [ '10.1.13' ],
15 silly audit   '@inquirer/editor': [ '4.2.13' ],
15 silly audit   '@inquirer/expand': [ '4.0.15' ],
15 silly audit   '@inquirer/figures': [ '1.0.12' ],
15 silly audit   '@inquirer/input': [ '4.1.12' ],
15 silly audit   '@inquirer/number': [ '3.0.15' ],
15 silly audit   '@inquirer/password': [ '4.0.15' ],
15 silly audit   '@inquirer/prompts': [ '7.5.1' ],
15 silly audit   '@inquirer/rawlist': [ '4.1.3' ],
15 silly audit   '@inquirer/search': [ '3.0.15' ],
15 silly audit   '@inquirer/select': [ '4.2.3' ],
15 silly audit   '@inquirer/type': [ '3.0.7', '1.5.5' ],
15 silly audit   '@isaacs/cliui': [ '8.0.2' ],
15 silly audit   'emoji-regex': [ '9.2.2', '8.0.0', '10.4.0' ],
15 silly audit   'string-width': [ '5.1.2', '4.2.3', '7.2.0' ],
15 silly audit   'wrap-ansi': [ '8.1.0', '7.0.0', '9.0.0', '6.2.0' ],
15 silly audit   '@isaacs/fs-minipass': [ '4.0.1' ],
15 silly audit   '@istanbuljs/schema': [ '0.1.3' ],
15 silly audit   '@jridgewell/gen-mapping': [ '0.3.8' ],
15 silly audit   '@jridgewell/resolve-uri': [ '3.1.2' ],
15 silly audit   '@jridgewell/set-array': [ '1.2.1' ],
15 silly audit   '@jridgewell/sourcemap-codec': [ '1.5.0' ],
15 silly audit   '@jridgewell/trace-mapping': [ '0.3.25' ],
15 silly audit   '@listr2/prompt-adapter-inquirer': [ '2.0.22' ],
15 silly audit   'mute-stream': [ '1.0.0', '2.0.0' ],
15 silly audit   '@lmdb/lmdb-darwin-arm64': [ '3.3.0' ],
15 silly audit   '@lmdb/lmdb-darwin-x64': [ '3.3.0' ],
15 silly audit   '@lmdb/lmdb-linux-arm': [ '3.3.0' ],
15 silly audit   '@lmdb/lmdb-linux-arm64': [ '3.3.0' ],
15 silly audit   '@lmdb/lmdb-linux-x64': [ '3.3.0' ],
15 silly audit   '@lmdb/lmdb-win32-arm64': [ '3.3.0' ],
15 silly audit   '@lmdb/lmdb-win32-x64': [ '3.3.0' ],
15 silly audit   '@msgpackr-extract/msgpackr-extract-darwin-arm64': [ '3.0.3' ],
15 silly audit   '@msgpackr-extract/msgpackr-extract-darwin-x64': [ '3.0.3' ],
15 silly audit   '@msgpackr-extract/msgpackr-extract-linux-arm': [ '3.0.3' ],
15 silly audit   '@msgpackr-extract/msgpackr-extract-linux-arm64': [ '3.0.3' ],
15 silly audit   '@msgpackr-extract/msgpackr-extract-linux-x64': [ '3.0.3' ],
15 silly audit   '@msgpackr-extract/msgpackr-extract-win32-x64': [ '3.0.3' ],
15 silly audit   '@napi-rs/nice': [ '1.0.1' ],
15 silly audit   '@napi-rs/nice-android-arm-eabi': [ '1.0.1' ],
15 silly audit   '@napi-rs/nice-android-arm64': [ '1.0.1' ],
15 silly audit   '@napi-rs/nice-darwin-arm64': [ '1.0.1' ],
15 silly audit   '@napi-rs/nice-darwin-x64': [ '1.0.1' ],
15 silly audit   '@napi-rs/nice-freebsd-x64': [ '1.0.1' ],
15 silly audit   '@napi-rs/nice-linux-arm-gnueabihf': [ '1.0.1' ],
15 silly audit   '@napi-rs/nice-linux-arm64-gnu': [ '1.0.1' ],
15 silly audit   '@napi-rs/nice-linux-arm64-musl': [ '1.0.1' ],
15 silly audit   '@napi-rs/nice-linux-ppc64-gnu': [ '1.0.1' ],
15 silly audit   '@napi-rs/nice-linux-riscv64-gnu': [ '1.0.1' ],
15 silly audit   '@napi-rs/nice-linux-s390x-gnu': [ '1.0.1' ],
15 silly audit   '@napi-rs/nice-linux-x64-gnu': [ '1.0.1' ],
15 silly audit   '@napi-rs/nice-linux-x64-musl': [ '1.0.1' ],
15 silly audit   '@napi-rs/nice-win32-arm64-msvc': [ '1.0.1' ],
15 silly audit   '@napi-rs/nice-win32-ia32-msvc': [ '1.0.1' ],
15 silly audit   '@napi-rs/nice-win32-x64-msvc': [ '1.0.1' ],
15 silly audit   '@npmcli/agent': [ '3.0.0' ],
15 silly audit   'lru-cache': [ '10.4.3', '5.1.1' ],
15 silly audit   '@npmcli/fs': [ '4.0.0' ],
15 silly audit   '@npmcli/git': [ '6.0.3' ],
15 silly audit   isexe: [ '3.1.1', '2.0.0' ],
15 silly audit   which: [ '5.0.0', '2.0.2', '1.3.1' ],
15 silly audit   '@npmcli/installed-package-contents': [ '3.0.0' ],
15 silly audit   '@npmcli/node-gyp': [ '4.0.0' ],
15 silly audit   '@npmcli/package-json': [ '6.2.0' ],
15 silly audit   'brace-expansion': [ '2.0.1', '1.1.11' ],
15 silly audit   glob: [ '10.4.5', '7.2.3' ],
15 silly audit   minimatch: [ '9.0.5', '3.1.2' ],
15 silly audit   '@npmcli/promise-spawn': [ '8.0.2' ],
15 silly audit   '@npmcli/redact': [ '3.2.2' ],
15 silly audit   '@npmcli/run-script': [ '9.1.0' ],
15 silly audit   '@parcel/watcher': [ '2.5.1' ],
15 silly audit   '@parcel/watcher-android-arm64': [ '2.5.1' ],
15 silly audit   '@parcel/watcher-darwin-arm64': [ '2.5.1' ],
15 silly audit   '@parcel/watcher-darwin-x64': [ '2.5.1' ],
15 silly audit   '@parcel/watcher-freebsd-x64': [ '2.5.1' ],
15 silly audit   '@parcel/watcher-linux-arm-glibc': [ '2.5.1' ],
15 silly audit   '@parcel/watcher-linux-arm-musl': [ '2.5.1' ],
15 silly audit   '@parcel/watcher-linux-arm64-glibc': [ '2.5.1' ],
15 silly audit   '@parcel/watcher-linux-arm64-musl': [ '2.5.1' ],
15 silly audit   '@parcel/watcher-linux-x64-glibc': [ '2.5.1' ],
15 silly audit   '@parcel/watcher-linux-x64-musl': [ '2.5.1' ],
15 silly audit   '@parcel/watcher-win32-arm64': [ '2.5.1' ],
15 silly audit   '@parcel/watcher-win32-ia32': [ '2.5.1' ],
15 silly audit   '@parcel/watcher-win32-x64': [ '2.5.1' ],
15 silly audit   'detect-libc': [ '1.0.3', '2.0.4' ],
15 silly audit   'node-addon-api': [ '7.1.1', '6.1.0' ],
15 silly audit   '@pkgjs/parseargs': [ '0.11.0' ],
15 silly audit   '@rollup/rollup-android-arm-eabi': [ '4.40.2' ],
15 silly audit   '@rollup/rollup-android-arm64': [ '4.40.2' ],
15 silly audit   '@rollup/rollup-darwin-arm64': [ '4.40.2' ],
15 silly audit   '@rollup/rollup-darwin-x64': [ '4.40.2' ],
15 silly audit   '@rollup/rollup-freebsd-arm64': [ '4.40.2' ],
15 silly audit   '@rollup/rollup-freebsd-x64': [ '4.40.2' ],
15 silly audit   '@rollup/rollup-linux-arm-gnueabihf': [ '4.40.2' ],
15 silly audit   '@rollup/rollup-linux-arm-musleabihf': [ '4.40.2' ],
15 silly audit   '@rollup/rollup-linux-arm64-gnu': [ '4.40.2' ],
15 silly audit   '@rollup/rollup-linux-arm64-musl': [ '4.40.2' ],
15 silly audit   '@rollup/rollup-linux-loongarch64-gnu': [ '4.40.2' ],
15 silly audit   '@rollup/rollup-linux-powerpc64le-gnu': [ '4.40.2' ],
15 silly audit   '@rollup/rollup-linux-riscv64-gnu': [ '4.40.2' ],
15 silly audit   '@rollup/rollup-linux-riscv64-musl': [ '4.40.2' ],
15 silly audit   '@rollup/rollup-linux-s390x-gnu': [ '4.40.2' ],
15 silly audit   '@rollup/rollup-linux-x64-gnu': [ '4.40.2' ],
15 silly audit   '@rollup/rollup-linux-x64-musl': [ '4.40.2' ],
15 silly audit   '@rollup/rollup-win32-arm64-msvc': [ '4.40.2' ],
15 silly audit   '@rollup/rollup-win32-ia32-msvc': [ '4.40.2' ],
15 silly audit   '@rollup/rollup-win32-x64-msvc': [ '4.40.2' ],
15 silly audit   '@schematics/angular': [ '20.0.0' ],
15 silly audit   '@sigstore/bundle': [ '3.1.0' ],
15 silly audit   '@sigstore/core': [ '2.0.0' ],
15 silly audit   '@sigstore/protobuf-specs': [ '0.4.2' ],
15 silly audit   '@sigstore/sign': [ '3.1.0' ],
15 silly audit   '@sigstore/tuf': [ '3.1.1' ],
15 silly audit   '@sigstore/verify': [ '2.1.1' ],
15 silly audit   '@socket.io/component-emitter': [ '3.1.2' ],
15 silly audit   '@tufjs/canonical-json': [ '2.0.0' ],
15 silly audit   '@tufjs/models': [ '3.0.1' ],
15 silly audit   '@types/body-parser': [ '1.19.5' ],
15 silly audit   '@types/connect': [ '3.4.38' ],
15 silly audit   '@types/cors': [ '2.8.18' ],
15 silly audit   '@types/estree': [ '1.0.7' ],
15 silly audit   '@types/express': [ '5.0.2' ],
15 silly audit   '@types/express-serve-static-core': [ '5.0.6' ],
15 silly audit   '@types/http-errors': [ '2.0.4' ],
15 silly audit   '@types/jasmine': [ '5.1.8' ],
15 silly audit   '@types/mime': [ '1.3.5' ],
15 silly audit   '@types/node': [ '20.17.57' ],
15 silly audit   '@types/qs': [ '6.14.0' ],
15 silly audit   '@types/range-parser': [ '1.2.7' ],
15 silly audit   '@types/send': [ '0.17.4' ],
15 silly audit   '@types/serve-static': [ '1.15.7' ],
15 silly audit   '@vitejs/plugin-basic-ssl': [ '2.0.0' ],
15 silly audit   '@yarnpkg/lockfile': [ '1.1.0' ],
15 silly audit   abbrev: [ '3.0.1' ],
15 silly audit   accepts: [ '2.0.0', '1.3.8' ],
15 silly audit   'agent-base': [ '7.1.3' ],
15 silly audit   ajv: [ '8.17.1' ],
15 silly audit   'ajv-formats': [ '3.0.1' ],
15 silly audit   'ansi-escapes': [ '4.3.2', '7.0.0' ],
15 silly audit   'ansi-regex': [ '6.1.0', '5.0.1' ],
15 silly audit   'ansi-styles': [ '6.2.1', '4.3.0' ],
15 silly audit   anymatch: [ '3.1.3' ],
15 silly audit   picomatch: [ '2.3.1', '4.0.2' ],
15 silly audit   'balanced-match': [ '1.0.2' ],
15 silly audit   base64id: [ '2.0.0' ],
15 silly audit   beasties: [ '0.3.4' ],
15 silly audit   'binary-extensions': [ '2.3.0' ],
15 silly audit   'body-parser': [ '2.2.0', '1.20.3' ],
15 silly audit   boolbase: [ '1.0.0' ],
15 silly audit   braces: [ '3.0.3' ],
15 silly audit   browserslist: [ '4.25.0' ],
15 silly audit   'buffer-from': [ '1.1.2' ],
15 silly audit   bytes: [ '3.1.2' ],
15 silly audit   cacache: [ '19.0.1' ],
15 silly audit   chownr: [ '3.0.0', '2.0.0' ],
15 silly audit   mkdirp: [ '3.0.1', '0.5.6', '1.0.4' ],
15 silly audit   tar: [ '7.4.3', '6.2.1' ],
15 silly audit   yallist: [ '5.0.0', '4.0.0', '3.1.1' ],
15 silly audit   'call-bind-apply-helpers': [ '1.0.2' ],
15 silly audit   'call-bound': [ '1.0.4' ],
15 silly audit   'caniuse-lite': [ '1.0.30001720' ],
15 silly audit   chalk: [ '5.4.1' ],
15 silly audit   chardet: [ '0.7.0' ],
15 silly audit   chokidar: [ '4.0.3', '3.6.0' ],
15 silly audit   'cli-cursor': [ '5.0.0' ],
15 silly audit   'cli-spinners': [ '2.9.2' ],
15 silly audit   'cli-truncate': [ '4.0.0' ],
15 silly audit   'cli-width': [ '4.1.0' ],
15 silly audit   cliui: [ '8.0.1', '7.0.4' ],
15 silly audit   'is-fullwidth-code-point': [ '3.0.0', '4.0.0', '5.0.0' ],
15 silly audit   'strip-ansi': [ '6.0.1', '7.1.0' ],
15 silly audit   'color-convert': [ '2.0.1' ],
15 silly audit   'color-name': [ '1.1.4' ],
15 silly audit   colorette: [ '2.0.20' ],
15 silly audit   'concat-map': [ '0.0.1' ],
15 silly audit   connect: [ '3.7.0' ],
15 silly audit   debug: [ '2.6.9', '4.4.1', '4.3.7' ],
15 silly audit   encodeurl: [ '1.0.2', '2.0.0' ],
15 silly audit   finalhandler: [ '1.1.2', '2.1.0' ],
15 silly audit   ms: [ '2.0.0', '2.1.3' ],
15 silly audit   'on-finished': [ '2.3.0', '2.4.1' ],
15 silly audit   statuses: [ '1.5.0', '2.0.1' ],
15 silly audit   'content-disposition': [ '1.0.0' ],
15 silly audit   'content-type': [ '1.0.5' ],
15 silly audit   cookie: [ '0.7.2' ],
15 silly audit   'cookie-signature': [ '1.2.2' ],
15 silly audit   cors: [ '2.8.5' ],
15 silly audit   'cross-spawn': [ '7.0.6' ],
15 silly audit   'css-select': [ '5.1.0' ],
15 silly audit   'css-what': [ '6.1.0' ],
15 silly audit   'custom-event': [ '1.0.1' ],
15 silly audit   'date-format': [ '4.0.14' ],
15 silly audit   depd: [ '2.0.0' ],
15 silly audit   destroy: [ '1.2.0' ],
15 silly audit   di: [ '0.0.1' ],
15 silly audit   'dom-serialize': [ '2.2.1' ],
15 silly audit   'dom-serializer': [ '2.0.0' ],
15 silly audit   domelementtype: [ '2.3.0' ],
15 silly audit   domhandler: [ '5.0.3' ],
15 silly audit   domutils: [ '3.2.2' ],
15 silly audit   'dunder-proto': [ '1.0.1' ],
15 silly audit   eastasianwidth: [ '0.2.0' ],
15 silly audit   'ee-first': [ '1.1.1' ],
15 silly audit   'electron-to-chromium': [ '1.5.161' ],
15 silly audit   encoding: [ '0.1.13' ],
15 silly audit   'engine.io': [ '6.6.4' ],
15 silly audit   'engine.io-parser': [ '5.2.3' ],
15 silly audit   'mime-db': [ '1.52.0', '1.54.0' ],
15 silly audit   'mime-types': [ '2.1.35', '3.0.1' ],
15 silly audit   negotiator: [ '0.6.3', '1.0.0' ],
15 silly audit   ent: [ '2.2.2' ],
15 silly audit   entities: [ '4.5.0', '6.0.0' ],
15 silly audit   'env-paths': [ '2.2.1' ],
15 silly audit   environment: [ '1.1.0' ],
15 silly audit   'err-code': [ '2.0.3' ],
15 silly audit   'es-define-property': [ '1.0.1' ],
15 silly audit   'es-errors': [ '1.3.0' ],
15 silly audit   'es-object-atoms': [ '1.1.1' ],
15 silly audit   esbuild: [ '0.25.5' ],
15 silly audit   escalade: [ '3.2.0' ],
15 silly audit   'escape-html': [ '1.0.3' ],
15 silly audit   etag: [ '1.8.1' ],
15 silly audit   eventemitter3: [ '4.0.7', '5.0.1' ],
15 silly audit   'exponential-backoff': [ '3.1.2' ],
15 silly audit   express: [ '5.1.0' ],
15 silly audit   extend: [ '3.0.2' ],
15 silly audit   'external-editor': [ '3.1.0' ],
15 silly audit   'iconv-lite': [ '0.4.24', '0.6.3' ],
15 silly audit   'fast-deep-equal': [ '3.1.3' ],
15 silly audit   'fast-uri': [ '3.0.6' ],
15 silly audit   fdir: [ '6.4.5' ],
15 silly audit   'fill-range': [ '7.1.1' ],
15 silly audit   flatted: [ '3.3.3' ],
15 silly audit   'follow-redirects': [ '1.15.9' ],
15 silly audit   'foreground-child': [ '3.3.1' ],
15 silly audit   forwarded: [ '0.2.0' ],
15 silly audit   fresh: [ '2.0.0' ],
15 silly audit   'fs-extra': [ '8.1.0' ],
15 silly audit   'fs-minipass': [ '3.0.3', '2.1.0' ],
15 silly audit   'fs.realpath': [ '1.0.0' ],
15 silly audit   fsevents: [ '2.3.3' ],
15 silly audit   'function-bind': [ '1.1.2' ],
15 silly audit   gensync: [ '1.0.0-beta.2' ],
15 silly audit   'get-caller-file': [ '2.0.5' ],
15 silly audit   'get-east-asian-width': [ '1.3.0' ],
15 silly audit   'get-intrinsic': [ '1.3.0' ],
15 silly audit   'get-proto': [ '1.0.1' ],
15 silly audit   'glob-parent': [ '5.1.2' ],
15 silly audit   'glob-to-regexp': [ '0.4.1' ],
15 silly audit   globals: [ '11.12.0' ],
15 silly audit   gopd: [ '1.2.0' ],
15 silly audit   'graceful-fs': [ '4.2.11' ],
15 silly audit   'has-flag': [ '4.0.0' ],
15 silly audit   'has-symbols': [ '1.1.0' ],
15 silly audit   'has-tostringtag': [ '1.0.2' ],
15 silly audit   hasown: [ '2.0.2' ],
15 silly audit   'hosted-git-info': [ '8.1.0' ],
15 silly audit   'html-escaper': [ '2.0.2' ],
15 silly audit   htmlparser2: [ '10.0.0' ],
15 silly audit   'http-cache-semantics': [ '4.2.0' ],
15 silly audit   'http-errors': [ '2.0.0' ],
15 silly audit   'http-proxy': [ '1.18.1' ],
15 silly audit   'http-proxy-agent': [ '7.0.2' ],
15 silly audit   'https-proxy-agent': [ '7.0.6' ],
15 silly audit   'ignore-walk': [ '7.0.0' ],
15 silly audit   immutable: [ '5.1.2' ],
15 silly audit   imurmurhash: [ '0.1.4' ],
15 silly audit   inflight: [ '1.0.6' ],
15 silly audit   inherits: [ '2.0.4' ],
15 silly audit   ini: [ '5.0.0' ],
15 silly audit   'ip-address': [ '9.0.5' ],
15 silly audit   'ipaddr.js': [ '1.9.1' ],
15 silly audit   'is-binary-path': [ '2.1.0' ],
15 silly audit   'is-core-module': [ '2.16.1' ],
15 silly audit   'is-extglob': [ '2.1.1' ],
15 silly audit   'is-glob': [ '4.0.3' ],
15 silly audit   'is-interactive': [ '2.0.0' ],
15 silly audit   'is-number': [ '7.0.0' ],
15 silly audit   'is-promise': [ '4.0.0' ],
15 silly audit   'is-regex': [ '1.2.1' ],
15 silly audit   'is-unicode-supported': [ '2.1.0', '1.3.0' ],
15 silly audit   isbinaryfile: [ '4.0.10' ],
15 silly audit   'istanbul-lib-coverage': [ '3.2.2' ],
15 silly audit   'istanbul-lib-instrument': [ '6.0.3', '5.2.1' ],
15 silly audit   'istanbul-lib-report': [ '3.0.1' ],
15 silly audit   'istanbul-lib-source-maps': [ '4.0.1' ],
15 silly audit   'source-map': [ '0.6.1', '0.7.4' ],
15 silly audit   'istanbul-reports': [ '3.1.7' ],
15 silly audit   jackspeak: [ '3.4.3' ],
15 silly audit   'jasmine-core': [ '5.7.1', '4.6.1' ],
15 silly audit   'js-tokens': [ '4.0.0' ],
15 silly audit   jsbn: [ '1.1.0' ],
15 silly audit   jsesc: [ '3.1.0' ],
15 silly audit   'json-parse-even-better-errors': [ '4.0.0' ],
15 silly audit   'json-schema-traverse': [ '1.0.0' ],
15 silly audit   json5: [ '2.2.3' ],
15 silly audit   'jsonc-parser': [ '3.3.1' ],
15 silly audit   jsonfile: [ '4.0.0' ],
15 silly audit   jsonparse: [ '1.3.1' ],
15 silly audit   karma: [ '6.4.4' ],
15 silly audit   'karma-chrome-launcher': [ '3.2.0' ],
15 silly audit   'karma-coverage': [ '2.2.1' ],
15 silly audit   'karma-jasmine': [ '5.1.0' ],
15 silly audit   'karma-jasmine-html-reporter': [ '2.1.0' ],
15 silly audit   'media-typer': [ '0.3.0', '1.1.0' ],
15 silly audit   qs: [ '6.13.0', '6.14.0' ],
15 silly audit   'raw-body': [ '2.5.2', '3.0.0' ],
15 silly audit   readdirp: [ '3.6.0', '4.1.2' ],
15 silly audit   tmp: [ '0.2.3', '0.0.33' ],
15 silly audit   'type-is': [ '1.6.18', '2.0.1' ],
15 silly audit   yargs: [ '16.2.0', '17.7.2' ],
15 silly audit   'yargs-parser': [ '20.2.9', '21.1.1' ],
15 silly audit   listr2: [ '8.3.3' ],
15 silly audit   lmdb: [ '3.3.0' ],
15 silly audit   lodash: [ '4.17.21' ],
15 silly audit   'log-symbols': [ '6.0.0' ],
15 silly audit   'log-update': [ '6.1.0' ],
15 silly audit   'slice-ansi': [ '7.1.0', '5.0.0' ],
15 silly audit   log4js: [ '6.9.1' ],
15 silly audit   'magic-string': [ '0.30.17' ],
15 silly audit   'make-dir': [ '4.0.0' ],
15 silly audit   'make-fetch-happen': [ '14.0.3' ],
15 silly audit   'math-intrinsics': [ '1.1.0' ],
15 silly audit   'merge-descriptors': [ '2.0.0' ],
15 silly audit   micromatch: [ '4.0.8' ],
15 silly audit   mime: [ '2.6.0' ],
15 silly audit   'mimic-function': [ '5.0.1' ],
15 silly audit   minimist: [ '1.2.8' ],
15 silly audit   minipass: [ '7.1.2', '3.3.6', '5.0.0' ],
15 silly audit   'minipass-collect': [ '2.0.1' ],
15 silly audit   'minipass-fetch': [ '4.0.1' ],
15 silly audit   'minipass-flush': [ '1.0.5' ],
15 silly audit   'minipass-pipeline': [ '1.2.4' ],
15 silly audit   'minipass-sized': [ '1.0.3' ],
15 silly audit   minizlib: [ '3.0.2', '2.1.2' ],
15 silly audit   mrmime: [ '2.0.1' ],
15 silly audit   msgpackr: [ '1.11.4' ],
15 silly audit   'msgpackr-extract': [ '3.0.3' ],
15 silly audit   nanoid: [ '3.3.11' ],
15 silly audit   'node-gyp': [ '11.2.0' ],
15 silly audit   'node-gyp-build-optional-packages': [ '5.2.2' ],
15 silly audit   'node-releases': [ '2.0.19' ],
15 silly audit   nopt: [ '8.1.0' ],
15 silly audit   'normalize-path': [ '3.0.0' ],
15 silly audit   'npm-bundled': [ '4.0.0' ],
15 silly audit   'npm-install-checks': [ '7.1.1' ],
15 silly audit   'npm-normalize-package-bin': [ '4.0.0' ],
15 silly audit   'npm-package-arg': [ '12.0.2' ],
15 silly audit   'npm-packlist': [ '10.0.0' ],
15 silly audit   'npm-pick-manifest': [ '10.0.0' ],
15 silly audit   'npm-registry-fetch': [ '18.0.2' ],
15 silly audit   'nth-check': [ '2.1.1' ],
15 silly audit   'object-assign': [ '4.1.1' ],
15 silly audit   'object-inspect': [ '1.13.4' ],
15 silly audit   once: [ '1.4.0' ],
15 silly audit   onetime: [ '7.0.0' ],
15 silly audit   ora: [ '8.2.0' ],
15 silly audit   'ordered-binary': [ '1.5.3' ],
15 silly audit   'os-tmpdir': [ '1.0.2' ],
15 silly audit   'p-map': [ '7.0.3' ],
15 silly audit   'package-json-from-dist': [ '1.0.1' ],
15 silly audit   pacote: [ '21.0.0' ],
15 silly audit   parse5: [ '7.3.0' ],
15 silly audit   'parse5-html-rewriting-stream': [ '7.1.0' ],
15 silly audit   'parse5-sax-parser': [ '7.0.0' ],
15 silly audit   parseurl: [ '1.3.3' ],
15 silly audit   'path-is-absolute': [ '1.0.1' ],
15 silly audit   'path-key': [ '3.1.1' ],
15 silly audit   'path-parse': [ '1.0.7' ],
15 silly audit   'path-scurry': [ '1.11.1' ],
15 silly audit   'path-to-regexp': [ '8.2.0' ],
15 silly audit   picocolors: [ '1.1.1' ],
15 silly audit   piscina: [ '5.0.0' ],
15 silly audit   postcss: [ '8.5.4' ],
15 silly audit   'postcss-media-query-parser': [ '0.2.3' ],
15 silly audit   'proc-log': [ '5.0.0' ],
15 silly audit   'promise-retry': [ '2.0.1' ],
15 silly audit   'proxy-addr': [ '2.0.7' ],
15 silly audit   punycode: [ '1.4.1' ],
15 silly audit   qjobs: [ '1.2.0' ],
15 silly audit   'range-parser': [ '1.2.1' ],
15 silly audit   'reflect-metadata': [ '0.2.2' ],
15 silly audit   'require-directory': [ '2.1.1' ],
15 silly audit   'require-from-string': [ '2.0.2' ],
15 silly audit   'requires-port': [ '1.0.0' ],
15 silly audit   resolve: [ '1.22.10' ],
15 silly audit   'restore-cursor': [ '5.1.0' ],
15 silly audit   retry: [ '0.12.0' ],
15 silly audit   rfdc: [ '1.4.1' ],
15 silly audit   rimraf: [ '3.0.2' ],
15 silly audit   rollup: [ '4.40.2' ],
15 silly audit   router: [ '2.2.0' ],
15 silly audit   rxjs: [ '7.8.2' ],
15 silly audit   'safe-buffer': [ '5.2.1' ],
15 silly audit   'safe-regex-test': [ '1.1.0' ],
15 silly audit   'safer-buffer': [ '2.1.2' ],
15 silly audit   sass: [ '1.88.0' ],
15 silly audit   send: [ '1.2.0' ],
15 silly audit   'serve-static': [ '2.2.0' ],
15 silly audit   setprototypeof: [ '1.2.0' ],
15 silly audit   'shebang-command': [ '2.0.0' ],
15 silly audit   'shebang-regex': [ '3.0.0' ],
15 silly audit   'side-channel': [ '1.1.0' ],
15 silly audit   'side-channel-list': [ '1.0.0' ],
15 silly audit   'side-channel-map': [ '1.0.1' ],
15 silly audit   'side-channel-weakmap': [ '1.0.2' ],
15 silly audit   'signal-exit': [ '4.1.0' ],
15 silly audit   sigstore: [ '3.1.0' ],
15 silly audit   'smart-buffer': [ '4.2.0' ],
15 silly audit   'socket.io': [ '4.8.1' ],
15 silly audit   'socket.io-adapter': [ '2.5.5' ],
15 silly audit   'socket.io-parser': [ '4.2.4' ],
15 silly audit   socks: [ '2.8.4' ],
15 silly audit   'socks-proxy-agent': [ '8.0.5' ],
15 silly audit   'source-map-js': [ '1.2.1' ],
15 silly audit   'source-map-support': [ '0.5.21' ],
15 silly audit   'spdx-correct': [ '3.2.0' ],
15 silly audit   'spdx-exceptions': [ '2.5.0' ],
15 silly audit   'spdx-expression-parse': [ '3.0.1' ],
15 silly audit   'spdx-license-ids': [ '3.0.21' ],
15 silly audit   'sprintf-js': [ '1.1.3' ],
15 silly audit   ssri: [ '12.0.0' ],
15 silly audit   'stdin-discarder': [ '0.2.2' ],
15 silly audit   streamroller: [ '3.1.5' ],
15 silly audit   'supports-color': [ '7.2.0' ],
15 silly audit   'supports-preserve-symlinks-flag': [ '1.0.0' ],
15 silly audit   tinyglobby: [ '0.2.13' ],
15 silly audit   'to-regex-range': [ '5.0.1' ],
15 silly audit   toidentifier: [ '1.0.1' ],
15 silly audit   tslib: [ '2.8.1' ],
15 silly audit   'tuf-js': [ '3.0.1' ],
15 silly audit   'type-fest': [ '0.21.3' ],
15 silly audit   typescript: [ '5.8.3' ],
15 silly audit   'ua-parser-js': [ '0.7.40' ],
15 silly audit   'undici-types': [ '6.19.8' ],
15 silly audit   'unique-filename': [ '4.0.0' ],
15 silly audit   'unique-slug': [ '5.0.0' ],
15 silly audit   universalify: [ '0.1.2' ],
15 silly audit   unpipe: [ '1.0.0' ],
15 silly audit   'update-browserslist-db': [ '1.1.3' ],
15 silly audit   'utils-merge': [ '1.0.1' ],
15 silly audit   'validate-npm-package-license': [ '3.0.4' ],
15 silly audit   'validate-npm-package-name': [ '6.0.0' ],
15 silly audit   vary: [ '1.1.2' ],
15 silly audit   vite: [ '6.3.5' ],
15 silly audit   'void-elements': [ '2.0.1' ],
15 silly audit   watchpack: [ '2.4.2' ],
15 silly audit   'weak-lru-cache': [ '1.2.2' ],
15 silly audit   wrappy: [ '1.0.2' ],
15 silly audit   ws: [ '8.17.1' ],
15 silly audit   xhr2: [ '0.2.1' ],
15 silly audit   y18n: [ '5.0.8' ],
15 silly audit   'yoctocolors-cjs': [ '2.1.2' ],
15 silly audit   'zone.js': [ '0.15.1' ]
15 silly audit }
16 verbose reify failed optional dependency /home/ec2-user/Ferremas/backend/ev2/Ferremas/frontend/node_modules/fsevents
17 silly reify mark deleted [
17 silly reify   '/home/ec2-user/Ferremas/backend/ev2/Ferremas/frontend/node_modules/fsevents'
17 silly reify ]
18 verbose reify failed optional dependency /home/ec2-user/Ferremas/backend/ev2/Ferremas/frontend/node_modules/@rollup/rollup-win32-x64-msvc
19 silly reify mark deleted [
19 silly reify   '/home/ec2-user/Ferremas/backend/ev2/Ferremas/frontend/node_modules/@rollup/rollup-win32-x64-msvc'
19 silly reify ]
20 verbose reify failed optional dependency /home/ec2-user/Ferremas/backend/ev2/Ferremas/frontend/node_modules/@rollup/rollup-win32-ia32-msvc
21 silly reify mark deleted [
21 silly reify   '/home/ec2-user/Ferremas/backend/ev2/Ferremas/frontend/node_modules/@rollup/rollup-win32-ia32-msvc'
21 silly reify ]
22 verbose reify failed optional dependency /home/ec2-user/Ferremas/backend/ev2/Ferremas/frontend/node_modules/@rollup/rollup-win32-arm64-msvc
23 silly reify mark deleted [
23 silly reify   '/home/ec2-user/Ferremas/backend/ev2/Ferremas/frontend/node_modules/@rollup/rollup-win32-arm64-msvc'
23 silly reify ]
24 verbose reify failed optional dependency /home/ec2-user/Ferremas/backend/ev2/Ferremas/frontend/node_modules/@rollup/rollup-linux-s390x-gnu
25 silly reify mark deleted [
25 silly reify   '/home/ec2-user/Ferremas/backend/ev2/Ferremas/frontend/node_modules/@rollup/rollup-linux-s390x-gnu'
25 silly reify ]
26 verbose reify failed optional dependency /home/ec2-user/Ferremas/backend/ev2/Ferremas/frontend/node_modules/@rollup/rollup-linux-riscv64-musl
27 silly reify mark deleted [
27 silly reify   '/home/ec2-user/Ferremas/backend/ev2/Ferremas/frontend/node_modules/@rollup/rollup-linux-riscv64-musl'
27 silly reify ]
28 verbose reify failed optional dependency /home/ec2-user/Ferremas/backend/ev2/Ferremas/frontend/node_modules/@rollup/rollup-linux-riscv64-gnu
29 silly reify mark deleted [
29 silly reify   '/home/ec2-user/Ferremas/backend/ev2/Ferremas/frontend/node_modules/@rollup/rollup-linux-riscv64-gnu'
29 silly reify ]
30 verbose reify failed optional dependency /home/ec2-user/Ferremas/backend/ev2/Ferremas/frontend/node_modules/@rollup/rollup-linux-powerpc64le-gnu
31 silly reify mark deleted [
31 silly reify   '/home/ec2-user/Ferremas/backend/ev2/Ferremas/frontend/node_modules/@rollup/rollup-linux-powerpc64le-gnu'
31 silly reify ]
32 verbose reify failed optional dependency /home/ec2-user/Ferremas/backend/ev2/Ferremas/frontend/node_modules/@rollup/rollup-linux-loongarch64-gnu
33 silly reify mark deleted [
33 silly reify   '/home/ec2-user/Ferremas/backend/ev2/Ferremas/frontend/node_modules/@rollup/rollup-linux-loongarch64-gnu'
33 silly reify ]
34 verbose reify failed optional dependency /home/ec2-user/Ferremas/backend/ev2/Ferremas/frontend/node_modules/@rollup/rollup-linux-arm64-musl
35 silly reify mark deleted [
35 silly reify   '/home/ec2-user/Ferremas/backend/ev2/Ferremas/frontend/node_modules/@rollup/rollup-linux-arm64-musl'
35 silly reify ]
36 verbose reify failed optional dependency /home/ec2-user/Ferremas/backend/ev2/Ferremas/frontend/node_modules/@rollup/rollup-linux-arm64-gnu
37 silly reify mark deleted [
37 silly reify   '/home/ec2-user/Ferremas/backend/ev2/Ferremas/frontend/node_modules/@rollup/rollup-linux-arm64-gnu'
37 silly reify ]
38 verbose reify failed optional dependency /home/ec2-user/Ferremas/backend/ev2/Ferremas/frontend/node_modules/@rollup/rollup-linux-arm-musleabihf
39 silly reify mark deleted [
39 silly reify   '/home/ec2-user/Ferremas/backend/ev2/Ferremas/frontend/node_modules/@rollup/rollup-linux-arm-musleabihf'
39 silly reify ]
40 verbose reify failed optional dependency /home/ec2-user/Ferremas/backend/ev2/Ferremas/frontend/node_modules/@rollup/rollup-linux-arm-gnueabihf
41 silly reify mark deleted [
41 silly reify   '/home/ec2-user/Ferremas/backend/ev2/Ferremas/frontend/node_modules/@rollup/rollup-linux-arm-gnueabihf'
41 silly reify ]
42 verbose reify failed optional dependency /home/ec2-user/Ferremas/backend/ev2/Ferremas/frontend/node_modules/@rollup/rollup-freebsd-x64
43 silly reify mark deleted [
43 silly reify   '/home/ec2-user/Ferremas/backend/ev2/Ferremas/frontend/node_modules/@rollup/rollup-freebsd-x64'
43 silly reify ]
44 verbose reify failed optional dependency /home/ec2-user/Ferremas/backend/ev2/Ferremas/frontend/node_modules/@rollup/rollup-freebsd-arm64
45 silly reify mark deleted [
45 silly reify   '/home/ec2-user/Ferremas/backend/ev2/Ferremas/frontend/node_modules/@rollup/rollup-freebsd-arm64'
45 silly reify ]
46 verbose reify failed optional dependency /home/ec2-user/Ferremas/backend/ev2/Ferremas/frontend/node_modules/@rollup/rollup-darwin-x64
47 silly reify mark deleted [
47 silly reify   '/home/ec2-user/Ferremas/backend/ev2/Ferremas/frontend/node_modules/@rollup/rollup-darwin-x64'
47 silly reify ]
48 verbose reify failed optional dependency /home/ec2-user/Ferremas/backend/ev2/Ferremas/frontend/node_modules/@rollup/rollup-darwin-arm64
49 silly reify mark deleted [
49 silly reify   '/home/ec2-user/Ferremas/backend/ev2/Ferremas/frontend/node_modules/@rollup/rollup-darwin-arm64'
49 silly reify ]
50 verbose reify failed optional dependency /home/ec2-user/Ferremas/backend/ev2/Ferremas/frontend/node_modules/@rollup/rollup-android-arm64
51 silly reify mark deleted [
51 silly reify   '/home/ec2-user/Ferremas/backend/ev2/Ferremas/frontend/node_modules/@rollup/rollup-android-arm64'
51 silly reify ]
52 verbose reify failed optional dependency /home/ec2-user/Ferremas/backend/ev2/Ferremas/frontend/node_modules/@rollup/rollup-android-arm-eabi
53 silly reify mark deleted [
53 silly reify   '/home/ec2-user/Ferremas/backend/ev2/Ferremas/frontend/node_modules/@rollup/rollup-android-arm-eabi'
53 silly reify ]
54 verbose reify failed optional dependency /home/ec2-user/Ferremas/backend/ev2/Ferremas/frontend/node_modules/@parcel/watcher-win32-x64
55 silly reify mark deleted [
55 silly reify   '/home/ec2-user/Ferremas/backend/ev2/Ferremas/frontend/node_modules/@parcel/watcher-win32-x64'
55 silly reify ]
56 verbose reify failed optional dependency /home/ec2-user/Ferremas/backend/ev2/Ferremas/frontend/node_modules/@parcel/watcher-win32-ia32
57 silly reify mark deleted [
57 silly reify   '/home/ec2-user/Ferremas/backend/ev2/Ferremas/frontend/node_modules/@parcel/watcher-win32-ia32'
57 silly reify ]
58 verbose reify failed optional dependency /home/ec2-user/Ferremas/backend/ev2/Ferremas/frontend/node_modules/@parcel/watcher-win32-arm64
59 silly reify mark deleted [
59 silly reify   '/home/ec2-user/Ferremas/backend/ev2/Ferremas/frontend/node_modules/@parcel/watcher-win32-arm64'
59 silly reify ]
60 verbose reify failed optional dependency /home/ec2-user/Ferremas/backend/ev2/Ferremas/frontend/node_modules/@parcel/watcher-linux-arm64-musl
61 silly reify mark deleted [
61 silly reify   '/home/ec2-user/Ferremas/backend/ev2/Ferremas/frontend/node_modules/@parcel/watcher-linux-arm64-musl'
61 silly reify ]
62 verbose reify failed optional dependency /home/ec2-user/Ferremas/backend/ev2/Ferremas/frontend/node_modules/@parcel/watcher-linux-arm64-glibc
63 silly reify mark deleted [
63 silly reify   '/home/ec2-user/Ferremas/backend/ev2/Ferremas/frontend/node_modules/@parcel/watcher-linux-arm64-glibc'
63 silly reify ]
64 verbose reify failed optional dependency /home/ec2-user/Ferremas/backend/ev2/Ferremas/frontend/node_modules/@parcel/watcher-linux-arm-musl
65 silly reify mark deleted [
65 silly reify   '/home/ec2-user/Ferremas/backend/ev2/Ferremas/frontend/node_modules/@parcel/watcher-linux-arm-musl'
65 silly reify ]
66 verbose reify failed optional dependency /home/ec2-user/Ferremas/backend/ev2/Ferremas/frontend/node_modules/@parcel/watcher-linux-arm-glibc
67 silly reify mark deleted [
67 silly reify   '/home/ec2-user/Ferremas/backend/ev2/Ferremas/frontend/node_modules/@parcel/watcher-linux-arm-glibc'
67 silly reify ]
68 verbose reify failed optional dependency /home/ec2-user/Ferremas/backend/ev2/Ferremas/frontend/node_modules/@parcel/watcher-freebsd-x64
69 silly reify mark deleted [
69 silly reify   '/home/ec2-user/Ferremas/backend/ev2/Ferremas/frontend/node_modules/@parcel/watcher-freebsd-x64'
69 silly reify ]
70 verbose reify failed optional dependency /home/ec2-user/Ferremas/backend/ev2/Ferremas/frontend/node_modules/@parcel/watcher-darwin-x64
71 silly reify mark deleted [
71 silly reify   '/home/ec2-user/Ferremas/backend/ev2/Ferremas/frontend/node_modules/@parcel/watcher-darwin-x64'
71 silly reify ]
72 verbose reify failed optional dependency /home/ec2-user/Ferremas/backend/ev2/Ferremas/frontend/node_modules/@parcel/watcher-darwin-arm64
73 silly reify mark deleted [
73 silly reify   '/home/ec2-user/Ferremas/backend/ev2/Ferremas/frontend/node_modules/@parcel/watcher-darwin-arm64'
73 silly reify ]
74 verbose reify failed optional dependency /home/ec2-user/Ferremas/backend/ev2/Ferremas/frontend/node_modules/@parcel/watcher-android-arm64
75 silly reify mark deleted [
75 silly reify   '/home/ec2-user/Ferremas/backend/ev2/Ferremas/frontend/node_modules/@parcel/watcher-android-arm64'
75 silly reify ]
76 verbose reify failed optional dependency /home/ec2-user/Ferremas/backend/ev2/Ferremas/frontend/node_modules/@napi-rs/nice-win32-x64-msvc
77 silly reify mark deleted [
77 silly reify   '/home/ec2-user/Ferremas/backend/ev2/Ferremas/frontend/node_modules/@napi-rs/nice-win32-x64-msvc'
77 silly reify ]
78 verbose reify failed optional dependency /home/ec2-user/Ferremas/backend/ev2/Ferremas/frontend/node_modules/@napi-rs/nice-win32-ia32-msvc
79 silly reify mark deleted [
79 silly reify   '/home/ec2-user/Ferremas/backend/ev2/Ferremas/frontend/node_modules/@napi-rs/nice-win32-ia32-msvc'
79 silly reify ]
80 verbose reify failed optional dependency /home/ec2-user/Ferremas/backend/ev2/Ferremas/frontend/node_modules/@napi-rs/nice-win32-arm64-msvc
81 silly reify mark deleted [
81 silly reify   '/home/ec2-user/Ferremas/backend/ev2/Ferremas/frontend/node_modules/@napi-rs/nice-win32-arm64-msvc'
81 silly reify ]
82 verbose reify failed optional dependency /home/ec2-user/Ferremas/backend/ev2/Ferremas/frontend/node_modules/@napi-rs/nice-linux-s390x-gnu
83 silly reify mark deleted [
83 silly reify   '/home/ec2-user/Ferremas/backend/ev2/Ferremas/frontend/node_modules/@napi-rs/nice-linux-s390x-gnu'
83 silly reify ]
84 verbose reify failed optional dependency /home/ec2-user/Ferremas/backend/ev2/Ferremas/frontend/node_modules/@napi-rs/nice-linux-riscv64-gnu
85 silly reify mark deleted [
85 silly reify   '/home/ec2-user/Ferremas/backend/ev2/Ferremas/frontend/node_modules/@napi-rs/nice-linux-riscv64-gnu'
85 silly reify ]
86 verbose reify failed optional dependency /home/ec2-user/Ferremas/backend/ev2/Ferremas/frontend/node_modules/@napi-rs/nice-linux-ppc64-gnu
87 silly reify mark deleted [
87 silly reify   '/home/ec2-user/Ferremas/backend/ev2/Ferremas/frontend/node_modules/@napi-rs/nice-linux-ppc64-gnu'
87 silly reify ]
88 verbose reify failed optional dependency /home/ec2-user/Ferremas/backend/ev2/Ferremas/frontend/node_modules/@napi-rs/nice-linux-arm64-musl
89 silly reify mark deleted [
89 silly reify   '/home/ec2-user/Ferremas/backend/ev2/Ferremas/frontend/node_modules/@napi-rs/nice-linux-arm64-musl'
89 silly reify ]
90 verbose reify failed optional dependency /home/ec2-user/Ferremas/backend/ev2/Ferremas/frontend/node_modules/@napi-rs/nice-linux-arm64-gnu
91 silly reify mark deleted [
91 silly reify   '/home/ec2-user/Ferremas/backend/ev2/Ferremas/frontend/node_modules/@napi-rs/nice-linux-arm64-gnu'
91 silly reify ]
92 verbose reify failed optional dependency /home/ec2-user/Ferremas/backend/ev2/Ferremas/frontend/node_modules/@napi-rs/nice-linux-arm-gnueabihf
93 silly reify mark deleted [
93 silly reify   '/home/ec2-user/Ferremas/backend/ev2/Ferremas/frontend/node_modules/@napi-rs/nice-linux-arm-gnueabihf'
93 silly reify ]
94 verbose reify failed optional dependency /home/ec2-user/Ferremas/backend/ev2/Ferremas/frontend/node_modules/@napi-rs/nice-freebsd-x64
95 silly reify mark deleted [
95 silly reify   '/home/ec2-user/Ferremas/backend/ev2/Ferremas/frontend/node_modules/@napi-rs/nice-freebsd-x64'
95 silly reify ]
96 verbose reify failed optional dependency /home/ec2-user/Ferremas/backend/ev2/Ferremas/frontend/node_modules/@napi-rs/nice-darwin-x64
97 silly reify mark deleted [
97 silly reify   '/home/ec2-user/Ferremas/backend/ev2/Ferremas/frontend/node_modules/@napi-rs/nice-darwin-x64'
97 silly reify ]
98 verbose reify failed optional dependency /home/ec2-user/Ferremas/backend/ev2/Ferremas/frontend/node_modules/@napi-rs/nice-darwin-arm64
99 silly reify mark deleted [
99 silly reify   '/home/ec2-user/Ferremas/backend/ev2/Ferremas/frontend/node_modules/@napi-rs/nice-darwin-arm64'
99 silly reify ]
100 verbose reify failed optional dependency /home/ec2-user/Ferremas/backend/ev2/Ferremas/frontend/node_modules/@napi-rs/nice-android-arm64
101 silly reify mark deleted [
101 silly reify   '/home/ec2-user/Ferremas/backend/ev2/Ferremas/frontend/node_modules/@napi-rs/nice-android-arm64'
101 silly reify ]
102 verbose reify failed optional dependency /home/ec2-user/Ferremas/backend/ev2/Ferremas/frontend/node_modules/@napi-rs/nice-android-arm-eabi
103 silly reify mark deleted [
103 silly reify   '/home/ec2-user/Ferremas/backend/ev2/Ferremas/frontend/node_modules/@napi-rs/nice-android-arm-eabi'
103 silly reify ]
104 verbose reify failed optional dependency /home/ec2-user/Ferremas/backend/ev2/Ferremas/frontend/node_modules/@msgpackr-extract/msgpackr-extract-win32-x64
105 silly reify mark deleted [
105 silly reify   '/home/ec2-user/Ferremas/backend/ev2/Ferremas/frontend/node_modules/@msgpackr-extract/msgpackr-extract-win32-x64'
105 silly reify ]
106 verbose reify failed optional dependency /home/ec2-user/Ferremas/backend/ev2/Ferremas/frontend/node_modules/@msgpackr-extract/msgpackr-extract-linux-arm64
107 silly reify mark deleted [
107 silly reify   '/home/ec2-user/Ferremas/backend/ev2/Ferremas/frontend/node_modules/@msgpackr-extract/msgpackr-extract-linux-arm64'
107 silly reify ]
108 verbose reify failed optional dependency /home/ec2-user/Ferremas/backend/ev2/Ferremas/frontend/node_modules/@msgpackr-extract/msgpackr-extract-linux-arm
109 silly reify mark deleted [
109 silly reify   '/home/ec2-user/Ferremas/backend/ev2/Ferremas/frontend/node_modules/@msgpackr-extract/msgpackr-extract-linux-arm'
109 silly reify ]
110 verbose reify failed optional dependency /home/ec2-user/Ferremas/backend/ev2/Ferremas/frontend/node_modules/@msgpackr-extract/msgpackr-extract-darwin-x64
111 silly reify mark deleted [
111 silly reify   '/home/ec2-user/Ferremas/backend/ev2/Ferremas/frontend/node_modules/@msgpackr-extract/msgpackr-extract-darwin-x64'
111 silly reify ]
112 verbose reify failed optional dependency /home/ec2-user/Ferremas/backend/ev2/Ferremas/frontend/node_modules/@msgpackr-extract/msgpackr-extract-darwin-arm64
113 silly reify mark deleted [
113 silly reify   '/home/ec2-user/Ferremas/backend/ev2/Ferremas/frontend/node_modules/@msgpackr-extract/msgpackr-extract-darwin-arm64'
113 silly reify ]
114 verbose reify failed optional dependency /home/ec2-user/Ferremas/backend/ev2/Ferremas/frontend/node_modules/@lmdb/lmdb-win32-x64
115 silly reify mark deleted [
115 silly reify   '/home/ec2-user/Ferremas/backend/ev2/Ferremas/frontend/node_modules/@lmdb/lmdb-win32-x64'
115 silly reify ]
116 verbose reify failed optional dependency /home/ec2-user/Ferremas/backend/ev2/Ferremas/frontend/node_modules/@lmdb/lmdb-win32-arm64
117 silly reify mark deleted [
117 silly reify   '/home/ec2-user/Ferremas/backend/ev2/Ferremas/frontend/node_modules/@lmdb/lmdb-win32-arm64'
117 silly reify ]
118 verbose reify failed optional dependency /home/ec2-user/Ferremas/backend/ev2/Ferremas/frontend/node_modules/@lmdb/lmdb-linux-arm64
119 silly reify mark deleted [
119 silly reify   '/home/ec2-user/Ferremas/backend/ev2/Ferremas/frontend/node_modules/@lmdb/lmdb-linux-arm64'
119 silly reify ]
120 verbose reify failed optional dependency /home/ec2-user/Ferremas/backend/ev2/Ferremas/frontend/node_modules/@lmdb/lmdb-linux-arm
121 silly reify mark deleted [
121 silly reify   '/home/ec2-user/Ferremas/backend/ev2/Ferremas/frontend/node_modules/@lmdb/lmdb-linux-arm'
121 silly reify ]
122 verbose reify failed optional dependency /home/ec2-user/Ferremas/backend/ev2/Ferremas/frontend/node_modules/@lmdb/lmdb-darwin-x64
123 silly reify mark deleted [
123 silly reify   '/home/ec2-user/Ferremas/backend/ev2/Ferremas/frontend/node_modules/@lmdb/lmdb-darwin-x64'
123 silly reify ]
124 verbose reify failed optional dependency /home/ec2-user/Ferremas/backend/ev2/Ferremas/frontend/node_modules/@lmdb/lmdb-darwin-arm64
125 silly reify mark deleted [
125 silly reify   '/home/ec2-user/Ferremas/backend/ev2/Ferremas/frontend/node_modules/@lmdb/lmdb-darwin-arm64'
125 silly reify ]
126 verbose reify failed optional dependency /home/ec2-user/Ferremas/backend/ev2/Ferremas/frontend/node_modules/@esbuild/win32-x64
127 silly reify mark deleted [
127 silly reify   '/home/ec2-user/Ferremas/backend/ev2/Ferremas/frontend/node_modules/@esbuild/win32-x64'
127 silly reify ]
128 verbose reify failed optional dependency /home/ec2-user/Ferremas/backend/ev2/Ferremas/frontend/node_modules/@esbuild/win32-ia32
129 silly reify mark deleted [
129 silly reify   '/home/ec2-user/Ferremas/backend/ev2/Ferremas/frontend/node_modules/@esbuild/win32-ia32'
129 silly reify ]
130 verbose reify failed optional dependency /home/ec2-user/Ferremas/backend/ev2/Ferremas/frontend/node_modules/@esbuild/win32-arm64
131 silly reify mark deleted [
131 silly reify   '/home/ec2-user/Ferremas/backend/ev2/Ferremas/frontend/node_modules/@esbuild/win32-arm64'
131 silly reify ]
132 verbose reify failed optional dependency /home/ec2-user/Ferremas/backend/ev2/Ferremas/frontend/node_modules/@esbuild/sunos-x64
133 silly reify mark deleted [
133 silly reify   '/home/ec2-user/Ferremas/backend/ev2/Ferremas/frontend/node_modules/@esbuild/sunos-x64'
133 silly reify ]
134 verbose reify failed optional dependency /home/ec2-user/Ferremas/backend/ev2/Ferremas/frontend/node_modules/@esbuild/openbsd-x64
135 silly reify mark deleted [
135 silly reify   '/home/ec2-user/Ferremas/backend/ev2/Ferremas/frontend/node_modules/@esbuild/openbsd-x64'
135 silly reify ]
136 verbose reify failed optional dependency /home/ec2-user/Ferremas/backend/ev2/Ferremas/frontend/node_modules/@esbuild/openbsd-arm64
137 silly reify mark deleted [
137 silly reify   '/home/ec2-user/Ferremas/backend/ev2/Ferremas/frontend/node_modules/@esbuild/openbsd-arm64'
137 silly reify ]
138 verbose reify failed optional dependency /home/ec2-user/Ferremas/backend/ev2/Ferremas/frontend/node_modules/@esbuild/netbsd-x64
139 silly reify mark deleted [
139 silly reify   '/home/ec2-user/Ferremas/backend/ev2/Ferremas/frontend/node_modules/@esbuild/netbsd-x64'
139 silly reify ]
140 verbose reify failed optional dependency /home/ec2-user/Ferremas/backend/ev2/Ferremas/frontend/node_modules/@esbuild/netbsd-arm64
141 silly reify mark deleted [
141 silly reify   '/home/ec2-user/Ferremas/backend/ev2/Ferremas/frontend/node_modules/@esbuild/netbsd-arm64'
141 silly reify ]
142 verbose reify failed optional dependency /home/ec2-user/Ferremas/backend/ev2/Ferremas/frontend/node_modules/@esbuild/linux-s390x
143 silly reify mark deleted [
143 silly reify   '/home/ec2-user/Ferremas/backend/ev2/Ferremas/frontend/node_modules/@esbuild/linux-s390x'
143 silly reify ]
144 verbose reify failed optional dependency /home/ec2-user/Ferremas/backend/ev2/Ferremas/frontend/node_modules/@esbuild/linux-riscv64
145 silly reify mark deleted [
145 silly reify   '/home/ec2-user/Ferremas/backend/ev2/Ferremas/frontend/node_modules/@esbuild/linux-riscv64'
145 silly reify ]
146 verbose reify failed optional dependency /home/ec2-user/Ferremas/backend/ev2/Ferremas/frontend/node_modules/@esbuild/linux-ppc64
147 silly reify mark deleted [
147 silly reify   '/home/ec2-user/Ferremas/backend/ev2/Ferremas/frontend/node_modules/@esbuild/linux-ppc64'
147 silly reify ]
148 verbose reify failed optional dependency /home/ec2-user/Ferremas/backend/ev2/Ferremas/frontend/node_modules/@esbuild/linux-mips64el
149 silly reify mark deleted [
149 silly reify   '/home/ec2-user/Ferremas/backend/ev2/Ferremas/frontend/node_modules/@esbuild/linux-mips64el'
149 silly reify ]
150 verbose reify failed optional dependency /home/ec2-user/Ferremas/backend/ev2/Ferremas/frontend/node_modules/@esbuild/linux-loong64
151 silly reify mark deleted [
151 silly reify   '/home/ec2-user/Ferremas/backend/ev2/Ferremas/frontend/node_modules/@esbuild/linux-loong64'
151 silly reify ]
152 verbose reify failed optional dependency /home/ec2-user/Ferremas/backend/ev2/Ferremas/frontend/node_modules/@esbuild/linux-ia32
153 silly reify mark deleted [
153 silly reify   '/home/ec2-user/Ferremas/backend/ev2/Ferremas/frontend/node_modules/@esbuild/linux-ia32'
153 silly reify ]
154 verbose reify failed optional dependency /home/ec2-user/Ferremas/backend/ev2/Ferremas/frontend/node_modules/@esbuild/linux-arm64
155 silly reify mark deleted [
155 silly reify   '/home/ec2-user/Ferremas/backend/ev2/Ferremas/frontend/node_modules/@esbuild/linux-arm64'
155 silly reify ]
156 verbose reify failed optional dependency /home/ec2-user/Ferremas/backend/ev2/Ferremas/frontend/node_modules/@esbuild/linux-arm
157 silly reify mark deleted [
157 silly reify   '/home/ec2-user/Ferremas/backend/ev2/Ferremas/frontend/node_modules/@esbuild/linux-arm'
157 silly reify ]
158 verbose reify failed optional dependency /home/ec2-user/Ferremas/backend/ev2/Ferremas/frontend/node_modules/@esbuild/freebsd-x64
159 silly reify mark deleted [
159 silly reify   '/home/ec2-user/Ferremas/backend/ev2/Ferremas/frontend/node_modules/@esbuild/freebsd-x64'
159 silly reify ]
160 verbose reify failed optional dependency /home/ec2-user/Ferremas/backend/ev2/Ferremas/frontend/node_modules/@esbuild/freebsd-arm64
161 silly reify mark deleted [
161 silly reify   '/home/ec2-user/Ferremas/backend/ev2/Ferremas/frontend/node_modules/@esbuild/freebsd-arm64'
161 silly reify ]
162 verbose reify failed optional dependency /home/ec2-user/Ferremas/backend/ev2/Ferremas/frontend/node_modules/@esbuild/darwin-x64
163 silly reify mark deleted [
163 silly reify   '/home/ec2-user/Ferremas/backend/ev2/Ferremas/frontend/node_modules/@esbuild/darwin-x64'
163 silly reify ]
164 verbose reify failed optional dependency /home/ec2-user/Ferremas/backend/ev2/Ferremas/frontend/node_modules/@esbuild/darwin-arm64
165 silly reify mark deleted [
165 silly reify   '/home/ec2-user/Ferremas/backend/ev2/Ferremas/frontend/node_modules/@esbuild/darwin-arm64'
165 silly reify ]
166 verbose reify failed optional dependency /home/ec2-user/Ferremas/backend/ev2/Ferremas/frontend/node_modules/@esbuild/android-x64
167 silly reify mark deleted [
167 silly reify   '/home/ec2-user/Ferremas/backend/ev2/Ferremas/frontend/node_modules/@esbuild/android-x64'
167 silly reify ]
168 verbose reify failed optional dependency /home/ec2-user/Ferremas/backend/ev2/Ferremas/frontend/node_modules/@esbuild/android-arm64
169 silly reify mark deleted [
169 silly reify   '/home/ec2-user/Ferremas/backend/ev2/Ferremas/frontend/node_modules/@esbuild/android-arm64'
169 silly reify ]
170 verbose reify failed optional dependency /home/ec2-user/Ferremas/backend/ev2/Ferremas/frontend/node_modules/@esbuild/android-arm
171 silly reify mark deleted [
171 silly reify   '/home/ec2-user/Ferremas/backend/ev2/Ferremas/frontend/node_modules/@esbuild/android-arm'
171 silly reify ]
172 verbose reify failed optional dependency /home/ec2-user/Ferremas/backend/ev2/Ferremas/frontend/node_modules/@esbuild/aix-ppc64
173 silly reify mark deleted [
173 silly reify   '/home/ec2-user/Ferremas/backend/ev2/Ferremas/frontend/node_modules/@esbuild/aix-ppc64'
173 silly reify ]
174 http fetch POST 200 https://registry.npmjs.org/-/npm/v1/security/advisories/bulk 426ms
175 silly audit report {}
176 silly ADD
177 silly ADD
178 silly ADD
179 silly ADD
180 silly ADD
181 silly ADD
182 silly ADD
183 silly ADD
184 silly ADD
185 silly ADD
186 silly ADD
187 silly ADD
188 silly ADD
189 silly ADD
190 silly ADD
191 silly ADD
192 silly ADD
193 silly ADD
194 silly ADD
195 silly ADD
196 silly ADD
197 silly ADD
198 silly ADD
199 silly ADD
200 silly ADD
201 silly ADD
202 silly ADD
203 silly ADD
204 silly ADD
205 silly ADD
206 silly ADD
207 silly ADD
208 silly ADD
209 silly ADD
210 silly ADD
211 silly ADD
212 silly ADD
213 silly ADD
214 silly ADD
215 silly ADD
216 silly ADD
217 silly ADD
218 silly ADD
219 silly ADD
220 silly ADD
221 silly ADD
222 silly ADD
223 silly ADD
224 silly ADD
225 silly ADD
226 silly ADD
227 silly ADD
228 silly ADD
229 silly ADD
230 silly ADD
231 silly ADD
232 silly ADD
233 silly ADD
234 silly ADD
235 silly ADD
236 silly ADD
237 silly ADD
238 silly ADD
239 silly ADD
240 silly ADD
241 silly ADD
242 silly ADD
243 silly ADD
244 silly ADD
245 silly ADD
246 silly ADD
247 silly ADD
248 silly ADD
249 silly ADD
250 silly ADD
251 silly ADD
252 silly ADD
253 silly ADD
254 silly ADD
255 verbose cwd /home/ec2-user/Ferremas/backend/ev2/Ferremas/frontend
256 verbose os Linux 6.1.134-152.225.amzn2023.x86_64
257 verbose node v20.19.2
258 verbose npm  v10.8.2
259 verbose exit 0
260 info ok
